Log file open, 07/10/18 11:06:54
LogWindows: Failed to load 'aqProf.dll' (GetLastError=126)
LogWindows: File 'aqProf.dll' does not exist
LogWindows: Failed to load 'VtuneApi.dll' (GetLastError=126)
LogWindows: File 'VtuneApi.dll' does not exist
LogWindows: Failed to load 'VtuneApi32e.dll' (GetLastError=126)
LogWindows: File 'VtuneApi32e.dll' does not exist
LogInit: Display: Running engine for game: IDtechGame
LogPlatformFile: Not using cached read wrapper
LogInit: Display: RandInit(-1788616503) SRandInit(-1788616503).
LogInit: Read version file with build ID '3944462'
LogInit: Overriding engine version to CL 3989454, compatible CL 3944462
LogInit: Registered custom module enumerator with build ID '3944462'
LogTaskGraph: Started task graph with 5 named threads and 23 total threads with 3 sets of task threads.
LogStats: Stats thread started at 0.299964
LogD3D11RHI: Aftermath initialized
LogICUInternationalization: Display: ICU TimeZone Detection - Raw Offset: -7:00, Platform Override: ''
LogModuleManager: Display: Found up-to-date module file ../../../Engine/Plugins/2D/Paper2D/Binaries/Win64/UE4Editor-Paper2D.dll (API version 3944462).
LogModuleManager: Display: Found up-to-date module file ../../../Engine/Plugins/2D/Paper2D/Binaries/Win64/UE4Editor-Paper2DEditor.dll (API version 3944462).
LogModuleManager: Display: Found up-to-date module file ../../../Engine/Plugins/2D/Paper2D/Binaries/Win64/UE4Editor-PaperSpriteSheetImporter.dll (API version 3944462).
LogModuleManager: Display: Found up-to-date module file ../../../Engine/Plugins/2D/Paper2D/Binaries/Win64/UE4Editor-PaperTiledImporter.dll (API version 3944462).
LogModuleManager: Display: Found up-to-date module file ../../../Engine/Plugins/2D/Paper2D/Binaries/Win64/UE4Editor-SmartSnapping.dll (API version 3944462).
LogModuleManager: Display: Found up-to-date module file ../../../Engine/Plugins/Blendables/LightPropagationVolume/Binaries/Win64/UE4Editor-LightPropagationVolumeRuntime.dll (API version 3944462).
LogModuleManager: Display: Found up-to-date module file ../../../Engine/Plugins/Blendables/LightPropagationVolume/Binaries/Win64/UE4Editor-LightPropagationVolumeEditor.dll (API version 3944462).
LogModuleManager: Display: Found up-to-date module file ../../../Engine/Plugins/Developer/CLionSourceCodeAccess/Binaries/Win64/UE4Editor-CLionSourceCodeAccess.dll (API version 3944462).
LogModuleManager: Display: Found up-to-date module file ../../../Engine/Plugins/Developer/GitSourceControl/Binaries/Win64/UE4Editor-GitSourceControl.dll (API version 3944462).
LogModuleManager: Display: Found up-to-date module file ../../../Engine/Plugins/Developer/PerforceSourceControl/Binaries/Win64/UE4Editor-PerforceSourceControl.dll (API version 3944462).
LogModuleManager: Display: Found up-to-date module file ../../../Engine/Plugins/Developer/SubversionSourceControl/Binaries/Win64/UE4Editor-SubversionSourceControl.dll (API version 3944462).
LogModuleManager: Display: Found up-to-date module file ../../../Engine/Plugins/Developer/UObjectPlugin/Binaries/Win64/UE4Editor-UObjectPlugin.dll (API version 3944462).
LogModuleManager: Display: Found up-to-date module file ../../../Engine/Plugins/Developer/VisualStudioCodeSourceCodeAccess/Binaries/Win64/UE4Editor-VisualStudioCodeSourceCodeAccess.dll (API version 3944462).
LogModuleManager: Display: Found up-to-date module file ../../../Engine/Plugins/Developer/VisualStudioSourceCodeAccess/Binaries/Win64/UE4Editor-VisualStudioSourceCodeAccess.dll (API version 3944462).
LogModuleManager: Display: Found up-to-date module file ../../../Engine/Plugins/Editor/AssetManagerEditor/Binaries/Win64/UE4Editor-AssetManagerEditor.dll (API version 3944462).
LogModuleManager: Display: Found up-to-date module file ../../../Engine/Plugins/Editor/CryptoKeys/Binaries/Win64/UE4Editor-CryptoKeys.dll (API version 3944462).
LogModuleManager: Display: Found up-to-date module file ../../../Engine/Plugins/Editor/CryptoKeys/Binaries/Win64/UE4Editor-CryptoKeysOpenSSL.dll (API version 3944462).
LogModuleManager: Display: Found up-to-date module file ../../../Engine/Plugins/Editor/DataValidation/Binaries/Win64/UE4Editor-DataValidation.dll (API version 3944462).
LogModuleManager: Display: Found up-to-date module file ../../../Engine/Plugins/Editor/FacialAnimation/Binaries/Win64/UE4Editor-FacialAnimation.dll (API version 3944462).
LogModuleManager: Display: Found up-to-date module file ../../../Engine/Plugins/Editor/FacialAnimation/Binaries/Win64/UE4Editor-FacialAnimationEditor.dll (API version 3944462).
LogModuleManager: Display: Found up-to-date module file ../../../Engine/Plugins/Editor/GameplayTagsEditor/Binaries/Win64/UE4Editor-GameplayTagsEditor.dll (API version 3944462).
LogModuleManager: Display: Found up-to-date module file ../../../Engine/Plugins/Editor/MobileLauncherProfileWizard/Binaries/Win64/UE4Editor-MobileLauncherProfileWizard.dll (API version 3944462).
LogModuleManager: Display: Found up-to-date module file ../../../Engine/Plugins/Editor/PluginBrowser/Binaries/Win64/UE4Editor-PluginBrowser.dll (API version 3944462).
LogModuleManager: Display: Found up-to-date module file ../../../Engine/Plugins/Editor/SpeedTreeImporter/Binaries/Win64/UE4Editor-SpeedTreeImporter.dll (API version 3944462).
LogModuleManager: Display: Found up-to-date module file ../../../Engine/Plugins/Enterprise/DatasmithContent/Binaries/Win64/UE4Editor-DatasmithContent.dll (API version 3944462).
LogModuleManager: Display: Found up-to-date module file ../../../Engine/Plugins/Experimental/AlembicImporter/Binaries/Win64/UE4Editor-AlembicImporter.dll (API version 3944462).
LogModuleManager: Display: Found up-to-date module file ../../../Engine/Plugins/Experimental/AlembicImporter/Binaries/Win64/UE4Editor-AlembicLibrary.dll (API version 3944462).
LogModuleManager: Display: Found up-to-date module file ../../../Engine/Plugins/Experimental/CharacterAI/Binaries/Win64/UE4Editor-CharacterAI.dll (API version 3944462).
LogModuleManager: Display: Found up-to-date module file ../../../Engine/Plugins/Experimental/HTML5Networking/Binaries/Win64/UE4Editor-HTML5Networking.dll (API version 3944462).
LogModuleManager: Display: Found up-to-date module file ../../../Engine/Plugins/Media/AndroidMedia/Binaries/Win64/UE4Editor-AndroidMediaEditor.dll (API version 3944462).
LogModuleManager: Display: Found up-to-date module file ../../../Engine/Plugins/Media/AndroidMedia/Binaries/Win64/UE4Editor-AndroidMediaFactory.dll (API version 3944462).
LogModuleManager: Display: Found up-to-date module file ../../../Engine/Plugins/Media/AvfMedia/Binaries/Win64/UE4Editor-AvfMediaEditor.dll (API version 3944462).
LogModuleManager: Display: Found up-to-date module file ../../../Engine/Plugins/Media/AvfMedia/Binaries/Win64/UE4Editor-AvfMediaFactory.dll (API version 3944462).
LogModuleManager: Display: Found up-to-date module file ../../../Engine/Plugins/Media/AvfMedia/Binaries/Win64/UE4Editor-AvfMediaFactory.dll (API version 3944462).
LogModuleManager: Display: Found up-to-date module file ../../../Engine/Plugins/Media/ImgMedia/Binaries/Win64/UE4Editor-ImgMedia.dll (API version 3944462).
LogModuleManager: Display: Found up-to-date module file ../../../Engine/Plugins/Media/ImgMedia/Binaries/Win64/UE4Editor-ImgMediaEditor.dll (API version 3944462).
LogModuleManager: Display: Found up-to-date module file ../../../Engine/Plugins/Media/ImgMedia/Binaries/Win64/UE4Editor-ImgMediaFactory.dll (API version 3944462).
LogModuleManager: Display: Found up-to-date module file ../../../Engine/Plugins/Media/ImgMedia/Binaries/Win64/UE4Editor-ImgMediaFactory.dll (API version 3944462).
LogModuleManager: Display: Found up-to-date module file ../../../Engine/Plugins/Media/ImgMedia/Binaries/Win64/UE4Editor-OpenExrWrapper.dll (API version 3944462).
LogModuleManager: Display: Found up-to-date module file ../../../Engine/Plugins/Media/LinearTimecode/Binaries/Win64/UE4Editor-LinearTimecode.dll (API version 3944462).
LogModuleManager: Display: Found up-to-date module file ../../../Engine/Plugins/Media/MediaCompositing/Binaries/Win64/UE4Editor-MediaCompositing.dll (API version 3944462).
LogModuleManager: Display: Found up-to-date module file ../../../Engine/Plugins/Media/MediaCompositing/Binaries/Win64/UE4Editor-MediaCompositingEditor.dll (API version 3944462).
LogModuleManager: Display: Found up-to-date module file ../../../Engine/Plugins/Media/MediaPlayerEditor/Binaries/Win64/UE4Editor-MediaPlayerEditor.dll (API version 3944462).
LogModuleManager: Display: Found up-to-date module file ../../../Engine/Plugins/Media/WmfMedia/Binaries/Win64/UE4Editor-WmfMedia.dll (API version 3944462).
LogModuleManager: Display: Found up-to-date module file ../../../Engine/Plugins/Media/WmfMedia/Binaries/Win64/UE4Editor-WmfMediaEditor.dll (API version 3944462).
LogModuleManager: Display: Found up-to-date module file ../../../Engine/Plugins/Media/WmfMedia/Binaries/Win64/UE4Editor-WmfMediaFactory.dll (API version 3944462).
LogModuleManager: Display: Found up-to-date module file ../../../Engine/Plugins/Media/WmfMedia/Binaries/Win64/UE4Editor-WmfMediaFactory.dll (API version 3944462).
LogModuleManager: Display: Found up-to-date module file ../../../Engine/Plugins/Messaging/TcpMessaging/Binaries/Win64/UE4Editor-TcpMessaging.dll (API version 3944462).
LogModuleManager: Display: Found up-to-date module file ../../../Engine/Plugins/Messaging/UdpMessaging/Binaries/Win64/UE4Editor-UdpMessaging.dll (API version 3944462).
LogModuleManager: Display: Found up-to-date module file ../../../Engine/Plugins/MovieScene/ActorSequence/Binaries/Win64/UE4Editor-ActorSequence.dll (API version 3944462).
LogModuleManager: Display: Found up-to-date module file ../../../Engine/Plugins/MovieScene/LevelSequenceEditor/Binaries/Win64/UE4Editor-LevelSequenceEditor.dll (API version 3944462).
LogModuleManager: Display: Found up-to-date module file ../../../Engine/Plugins/MovieScene/MatineeToLevelSequence/Binaries/Win64/UE4Editor-MatineeToLevelSequence.dll (API version 3944462).
LogModuleManager: Display: Found up-to-date module file ../../../Engine/Plugins/NetcodeUnitTest/NetcodeUnitTest/Binaries/Win64/UE4Editor-NetcodeUnitTest.dll (API version 3944462).
LogModuleManager: Display: Found up-to-date module file ../../../Engine/Plugins/NetcodeUnitTest/NUTUnrealEngine4/Binaries/Win64/UE4Editor-NUTUnrealEngine4.dll (API version 3944462).
LogModuleManager: Display: Found up-to-date module file ../../../Engine/Plugins/Online/OnlineSubsystem/Binaries/Win64/UE4Editor-OnlineSubsystem.dll (API version 3944462).
LogModuleManager: Display: Found up-to-date module file ../../../Engine/Plugins/Runtime/AndroidPermission/Binaries/Win64/UE4Editor-AndroidPermission.dll (API version 3944462).
LogModuleManager: Display: Found up-to-date module file ../../../Engine/Plugins/Online/OnlineSubsystemNull/Binaries/Win64/UE4Editor-OnlineSubsystemNull.dll (API version 3944462).
LogModuleManager: Display: Found up-to-date module file ../../../Engine/Plugins/Online/OnlineSubsystemUtils/Binaries/Win64/UE4Editor-OnlineSubsystemUtils.dll (API version 3944462).
LogModuleManager: Display: Found up-to-date module file ../../../Engine/Plugins/Online/OnlineSubsystemUtils/Binaries/Win64/UE4Editor-OnlineBlueprintSupport.dll (API version 3944462).
LogModuleManager: Display: Found up-to-date module file ../../../Engine/Plugins/Runtime/AndroidDeviceProfileSelector/Binaries/Win64/UE4Editor-AndroidDeviceProfileSelector.dll (API version 3944462).
LogModuleManager: Display: Found up-to-date module file ../../../Engine/Plugins/Runtime/AppleARKit/Binaries/Win64/UE4Editor-AppleARKit.dll (API version 3944462).
LogModuleManager: Display: Found up-to-date module file ../../../Engine/Plugins/Runtime/ProceduralMeshComponent/Binaries/Win64/UE4Editor-ProceduralMeshComponent.dll (API version 3944462).
LogModuleManager: Display: Found up-to-date module file ../../../Engine/Plugins/Runtime/ProceduralMeshComponent/Binaries/Win64/UE4Editor-ProceduralMeshComponentEditor.dll (API version 3944462).
LogModuleManager: Display: Found up-to-date module file ../../../Engine/Plugins/Animation/LiveLink/Binaries/Win64/UE4Editor-LiveLink.dll (API version 3944462).
LogModuleManager: Display: Found up-to-date module file ../../../Engine/Plugins/Animation/LiveLink/Binaries/Win64/UE4Editor-LiveLinkEditor.dll (API version 3944462).
LogModuleManager: Display: Found up-to-date module file ../../../Engine/Plugins/Runtime/ArchVisCharacter/Binaries/Win64/UE4Editor-ArchVisCharacter.dll (API version 3944462).
LogModuleManager: Display: Found up-to-date module file ../../../Engine/Plugins/Runtime/AudioCapture/Binaries/Win64/UE4Editor-AudioCapture.dll (API version 3944462).
LogModuleManager: Display: Found up-to-date module file ../../../Engine/Plugins/Runtime/AudioCapture/Binaries/Win64/UE4Editor-AudioCaptureEditor.dll (API version 3944462).
LogModuleManager: Display: Found up-to-date module file ../../../Engine/Plugins/Runtime/CableComponent/Binaries/Win64/UE4Editor-CableComponent.dll (API version 3944462).
LogModuleManager: Display: Found up-to-date module file ../../../Engine/Plugins/Runtime/CustomMeshComponent/Binaries/Win64/UE4Editor-CustomMeshComponent.dll (API version 3944462).
LogModuleManager: Display: Found up-to-date module file ../../../Engine/Plugins/Runtime/ExampleDeviceProfileSelector/Binaries/Win64/UE4Editor-ExampleDeviceProfileSelector.dll (API version 3944462).
LogModuleManager: Display: Found up-to-date module file ../../../Engine/Plugins/Runtime/ImmediatePhysics/Binaries/Win64/UE4Editor-ImmediatePhysics.dll (API version 3944462).
LogModuleManager: Display: Found up-to-date module file ../../../Engine/Plugins/Runtime/ImmediatePhysics/Binaries/Win64/UE4Editor-ImmediatePhysicsEditor.dll (API version 3944462).
LogModuleManager: Display: Found up-to-date module file ../../../Engine/Plugins/Runtime/LocationServicesBPLibrary/Binaries/Win64/UE4Editor-LocationServicesBPLibrary.dll (API version 3944462).
LogModuleManager: Display: Found up-to-date module file ../../../Engine/Plugins/Runtime/MobilePatchingUtils/Binaries/Win64/UE4Editor-MobilePatchingUtils.dll (API version 3944462).
LogModuleManager: Display: Found up-to-date module file ../../../Engine/Plugins/Runtime/Oculus/OculusVR/Binaries/Win64/UE4Editor-OculusHMD.dll (API version 3944462).
LogModuleManager: Display: Found up-to-date module file ../../../Engine/Plugins/Runtime/Oculus/OculusVR/Binaries/Win64/UE4Editor-OculusInput.dll (API version 3944462).
LogModuleManager: Display: Found up-to-date module file ../../../Engine/Plugins/Runtime/Oculus/OculusVR/Binaries/Win64/UE4Editor-OculusEditor.dll (API version 3944462).
LogModuleManager: Display: Found up-to-date module file ../../../Engine/Plugins/Runtime/PhysXVehicles/Binaries/Win64/UE4Editor-PhysXVehicles.dll (API version 3944462).
LogModuleManager: Display: Found up-to-date module file ../../../Engine/Plugins/Runtime/PhysXVehicles/Binaries/Win64/UE4Editor-PhysXVehiclesEditor.dll (API version 3944462).
LogModuleManager: Display: Found up-to-date module file ../../../Engine/Plugins/Runtime/RuntimePhysXCooking/Binaries/Win64/UE4Editor-RuntimePhysXCooking.dll (API version 3944462).
LogModuleManager: Display: Found up-to-date module file ../../../Engine/Plugins/Runtime/Steam/SteamVR/Binaries/Win64/UE4Editor-SteamVR.dll (API version 3944462).
LogModuleManager: Display: Found up-to-date module file ../../../Engine/Plugins/Runtime/Steam/SteamVR/Binaries/Win64/UE4Editor-SteamVRController.dll (API version 3944462).
LogModuleManager: Display: Found up-to-date module file ../../../Engine/Plugins/Runtime/WindowsMoviePlayer/Binaries/Win64/UE4Editor-WindowsMoviePlayer.dll (API version 3944462).
LogPluginManager: Mounting plugin Paper2D
LogPluginManager: Mounting plugin LiveLink
LogPluginManager: Mounting plugin LightPropagationVolume
LogPluginManager: Mounting plugin CLionSourceCodeAccess
LogPluginManager: Mounting plugin CodeLiteSourceCodeAccess
LogPluginManager: Mounting plugin GitSourceControl
LogPluginManager: Mounting plugin KDevelopSourceCodeAccess
LogPluginManager: Mounting plugin NullSourceCodeAccess
LogPluginManager: Mounting plugin PerforceSourceControl
LogPluginManager: Mounting plugin SubversionSourceControl
LogPluginManager: Mounting plugin UObjectPlugin
LogPluginManager: Mounting plugin VisualStudioCodeSourceCodeAccess
LogPluginManager: Mounting plugin VisualStudioSourceCodeAccess
LogPluginManager: Mounting plugin XCodeSourceCodeAccess
LogPluginManager: Mounting plugin AssetManagerEditor
LogPluginManager: Mounting plugin CryptoKeys
LogPluginManager: Mounting plugin DataValidation
LogPluginManager: Mounting plugin FacialAnimation
LogPluginManager: Mounting plugin GameplayTagsEditor
LogPluginManager: Mounting plugin MobileLauncherProfileWizard
LogPluginManager: Mounting plugin PluginBrowser
LogPluginManager: Mounting plugin SpeedTreeImporter
LogPluginManager: Mounting plugin DatasmithContent
LogPluginManager: Mounting plugin AlembicImporter
LogPluginManager: Mounting plugin CharacterAI
LogPluginManager: Mounting plugin HTML5Networking
LogPluginManager: Mounting plugin AndroidMedia
LogPluginManager: Mounting plugin AvfMedia
LogPluginManager: Mounting plugin ImgMedia
LogPluginManager: Mounting plugin LinearTimecode
LogPluginManager: Mounting plugin MediaCompositing
LogPluginManager: Mounting plugin MediaPlayerEditor
LogPluginManager: Mounting plugin WmfMedia
LogPluginManager: Mounting plugin TcpMessaging
LogPluginManager: Mounting plugin UdpMessaging
LogPluginManager: Mounting plugin ActorSequence
LogPluginManager: Mounting plugin LevelSequenceEditor
LogPluginManager: Mounting plugin MatineeToLevelSequence
LogPluginManager: Mounting plugin NetcodeUnitTest
LogPluginManager: Mounting plugin NUTUnrealEngine4
LogPluginManager: Mounting plugin OnlineSubsystemGooglePlay
LogPluginManager: Mounting plugin OnlineSubsystemIOS
LogPluginManager: Mounting plugin OnlineSubsystem
LogPluginManager: Mounting plugin OnlineSubsystemNull
LogPluginManager: Mounting plugin OnlineSubsystemUtils
LogPluginManager: Mounting plugin AndroidDeviceProfileSelector
LogPluginManager: Mounting plugin AndroidMoviePlayer
LogPluginManager: Mounting plugin AndroidPermission
LogPluginManager: Mounting plugin AppleARKit
LogPluginManager: Mounting plugin AppleMoviePlayer
LogPluginManager: Mounting plugin ArchVisCharacter
LogPluginManager: Mounting plugin AudioCapture
LogPluginManager: Mounting plugin CableComponent
LogPluginManager: Mounting plugin CustomMeshComponent
LogPluginManager: Mounting plugin ExampleDeviceProfileSelector
LogPluginManager: Mounting plugin GoogleCloudMessaging
LogPluginManager: Mounting plugin ImmediatePhysics
LogPluginManager: Mounting plugin IOSDeviceProfileSelector
LogPluginManager: Mounting plugin LinuxDeviceProfileSelector
LogPluginManager: Mounting plugin LocationServicesBPLibrary
LogPluginManager: Mounting plugin MobilePatchingUtils
LogPluginManager: Mounting plugin OculusVR
LogPluginManager: Plugin shader directory ../../../Engine/Plugins/Runtime/Oculus/OculusVR/Shaders found
LogPluginManager: Mapping shader source directory ../../../Engine/Plugins/Runtime/Oculus/OculusVR/Shaders to virtual directory /Plugin/OculusVR
LogPluginManager: Mounting plugin PhysXVehicles
LogPluginManager: Mounting plugin ProceduralMeshComponent
LogPluginManager: Mounting plugin RuntimePhysXCooking
LogPluginManager: Mounting plugin SteamVR
LogPluginManager: Mounting plugin WindowsMoviePlayer
LogStreaming: Display: Took  1.249s to configure plugins.
LogInit: Using libcurl 7.47.1
LogInit:  - built for x86_64-pc-win32
LogInit:  - supports SSL with OpenSSL/1.0.2g
LogInit:  - supports HTTP deflate (compression) using libz 1.2.8
LogInit:  - other features:
LogInit:      CURL_VERSION_SSL
LogInit:      CURL_VERSION_LIBZ
LogInit:      CURL_VERSION_IPV6
LogInit:      CURL_VERSION_ASYNCHDNS
LogInit:      CURL_VERSION_LARGEFILE
LogInit:      CURL_VERSION_IDN
LogInit:  CurlRequestOptions (configurable via config and command line):
LogInit:  - bVerifyPeer = false  - Libcurl will NOT verify peer certificate
LogInit:  - bUseHttpProxy = false  - Libcurl will NOT use HTTP proxy
LogInit:  - bDontReuseConnections = false  - Libcurl will reuse connections
LogInit:  - CertBundlePath = nullptr  - Libcurl will use whatever was configured at build time.
LogInit:  - MaxHostConnections = 16  - Libcurl will limit the number of connections to a host
LogInit:  - LocalHostAddr = Default
LogInit: WinSock: version 1.1 (2.2), MaxSocks=32767, MaxUdp=65467
LogInit: WinSock: I am Camp-G0JX142 (10.220.67.218:0)
LogInit: Build: ++UE4+Release-4.19-CL-3989454
LogInit: Engine Version: 4.19.1-3989454+++UE4+Release-4.19
LogInit: Compatible Engine Version: 4.19.0-3944462+++UE4+Release-4.19
LogInit: Net CL: 3944462
LogDevObjectVersion: Number of dev versions registered: 18
LogDevObjectVersion:   Dev-Blueprints (B0D832E4-1F89-4F0D-ACCF-7EB736FD4AA2): 10
LogDevObjectVersion:   Dev-Build (E1C64328-A22C-4D53-A36C-8E866417BD8C): 0
LogDevObjectVersion:   Dev-Core (375EC13C-06E4-48FB-B500-84F0262A717E): 2
LogDevObjectVersion:   Dev-Editor (E4B068ED-F494-42E9-A231-DA0B2E46BB41): 23
LogDevObjectVersion:   Dev-Framework (CFFC743F-43B0-4480-9391-14DF171D2073): 33
LogDevObjectVersion:   Dev-Mobile (B02B49B5-BB20-44E9-A304-32B752E40360): 2
LogDevObjectVersion:   Dev-Networking (A4E4105C-59A1-49B5-A7C5-40C4547EDFEE): 0
LogDevObjectVersion:   Dev-Online (39C831C9-5AE6-47DC-9A44-9C173E1C8E7C): 0
LogDevObjectVersion:   Dev-Physics (78F01B33-EBEA-4F98-B9B4-84EACCB95AA2): 0
LogDevObjectVersion:   Dev-Platform (6631380F-2D4D-43E0-8009-CF276956A95A): 0
LogDevObjectVersion:   Dev-Rendering (12F88B9F-8875-4AFC-A67C-D90C383ABD29): 25
LogDevObjectVersion:   Dev-Sequencer (7B5AE74C-D270-4C10-A958-57980B212A5A): 6
LogDevObjectVersion:   Dev-VR (D7296918-1DD6-4BDD-9DE2-64A83CC13884): 1
LogDevObjectVersion:   Dev-LoadTimes (C2A15278-BFE7-4AFE-6C17-90FF531DF755): 1
LogDevObjectVersion:   Private-Geometry (6EACA3D4-40EC-4CC1-B786-8BED09428FC5): 2
LogDevObjectVersion:   Dev-AnimPhys (29E575DD-E0A3-4627-9D10-D276232CDCEA): 16
LogDevObjectVersion:   Dev-ReflectionCapture (6B266CEC-1EC7-4B8F-A30B-E4D90942FC07): 1
LogDevObjectVersion:   Dev-Automation (0DF73D61-A23F-47EA-B727-89E90C41499A): 1
LogInit: Compiled (64-bit): Apr  6 2018 12:26:04
LogInit: Compiled with Visual C++: 19.00.24215.01
LogInit: Build Configuration: Development
LogInit: Branch Name: ++UE4+Release-4.19
LogInit: Command Line:  
LogInit: Base Directory: C:/Program Files/Epic Games/UE_4.19/Engine/Binaries/Win64/
LogInit: Installed Engine Build: 1
LogStreaming: Display: Took  0.001s to delete old logs.
LogInit: Presizing for max 8388607 objects, including 0 objects not considered by GC, pre-allocating 0 bytes for permanent pool.
LogInit: Object subsystem initialized
[2018.07.10-18.06.55:844][  0]LogInit: Selected Device Profile: [Windows]
[2018.07.10-18.06.55:844][  0]LogInit: Applying CVar settings loaded from the selected device profile: [Windows]
[2018.07.10-18.06.55:858][  0]LogInit: Computer: CAMP-G0JX142
[2018.07.10-18.06.55:858][  0]LogInit: User: iDStudent
[2018.07.10-18.06.55:858][  0]LogInit: CPU Page size=4096, Cores=4
[2018.07.10-18.06.55:858][  0]LogInit: High frequency timer resolution =2.742188 MHz
[2018.07.10-18.06.55:859][  0]LogMemory: Memory total: Physical=15.9GB (16GB approx)
[2018.07.10-18.06.55:859][  0]LogMemory: Platform Memory Stats for Windows
[2018.07.10-18.06.55:859][  0]LogMemory: Process Physical Memory: 277.14 MB used, 277.14 MB peak
[2018.07.10-18.06.55:859][  0]LogMemory: Process Virtual Memory: 264.91 MB used, 264.91 MB peak
[2018.07.10-18.06.55:859][  0]LogMemory: Physical Memory: 7538.75 MB used,  8711.42 MB free, 16250.17 MB total
[2018.07.10-18.06.55:859][  0]LogMemory: Virtual Memory: 693.84 MB used,  8711.42 MB free, 134217728.00 MB total
[2018.07.10-18.06.55:878][  0]LogInit: Using OS detected language (en-US).
[2018.07.10-18.06.55:878][  0]LogInit: Using OS detected locale (en-US).
[2018.07.10-18.06.55:882][  0]LogTextLocalizationManager: No specific localization for 'en-US' exists, so the 'en' localization will be used.
[2018.07.10-18.06.56:436][  0]LogStreaming: Display: Took  0.557s to EndInitTextLocalization.
[2018.07.10-18.06.56:436][  0]LogInit: Setting process to per monitor DPI aware
[2018.07.10-18.06.56:471][  0]LogSlate: New Slate User Created.  User Index 0, Is Virtual User: 0
[2018.07.10-18.06.56:471][  0]LogSlate: Slate User Registered.  User Index 0, Is Virtual User: 0
[2018.07.10-18.06.56:750][  0]LogD3D11RHI: D3D11 adapters:
[2018.07.10-18.06.56:835][  0]LogD3D11RHI:    0. 'NVIDIA GeForce GTX 1050 Ti' (Feature Level 11_0)
[2018.07.10-18.06.56:835][  0]LogD3D11RHI:       4018/0/8125 MB DedicatedVideo/DedicatedSystem/SharedSystem, Outputs:1, VendorId:0x10de
[2018.07.10-18.06.56:852][  0]LogD3D11RHI:    1. 'Intel(R) HD Graphics 630' (Feature Level 11_0)
[2018.07.10-18.06.56:852][  0]LogD3D11RHI:       128/0/8125 MB DedicatedVideo/DedicatedSystem/SharedSystem, Outputs:0, VendorId:0x8086
[2018.07.10-18.06.56:854][  0]LogD3D11RHI:    2. 'Microsoft Basic Render Driver' (Feature Level 11_0)
[2018.07.10-18.06.56:854][  0]LogD3D11RHI:       0/0/8125 MB DedicatedVideo/DedicatedSystem/SharedSystem, Outputs:0, VendorId:0x1414
[2018.07.10-18.06.56:854][  0]LogD3D11RHI: Chosen D3D11 Adapter: 0
[2018.07.10-18.06.56:868][  0]LogD3D11RHI: Creating new Direct3DDevice
[2018.07.10-18.06.56:868][  0]LogD3D11RHI:     GPU DeviceId: 0x1c8c (for the marketing name, search the web for "GPU Device Id")
[2018.07.10-18.06.56:868][  0]LogWindows: EnumDisplayDevices:
[2018.07.10-18.06.56:868][  0]LogWindows:    0. 'Intel(R) HD Graphics 630' (P:1 D:1)
[2018.07.10-18.06.56:868][  0]LogWindows:    1. 'Intel(R) HD Graphics 630' (P:0 D:0)
[2018.07.10-18.06.56:868][  0]LogWindows:    2. 'Intel(R) HD Graphics 630' (P:0 D:0)
[2018.07.10-18.06.56:868][  0]LogWindows:    3. 'NVIDIA GeForce GTX 1050 Ti' (P:0 D:0)
[2018.07.10-18.06.56:869][  0]LogWindows: DebugString: GetVideoDriverDetailsInvalid PrimaryIsNotTheChoosenAdapter GetVideoDriverDetailsInvalid PrimaryIsNotTheChoosenAdapter GetVideoDriverDetailsInvalid PrimaryIsNotTheChoosenAdapter GetVideoDriverDetailsInvalid PrimaryIsNotTheChoosenAdapter FoundDriverCount:0 
[2018.07.10-18.06.56:869][  0]LogD3D11RHI:     Adapter Name: NVIDIA GeForce GTX 1050 Ti
[2018.07.10-18.06.56:869][  0]LogD3D11RHI:   Driver Version: Unknown (internal:Unknown, unified:Unknown)
[2018.07.10-18.06.56:869][  0]LogD3D11RHI:      Driver Date: Unknown
[2018.07.10-18.06.56:869][  0]LogRHI: Texture pool is 2812 MB (70% of 4018 MB)
[2018.07.10-18.06.56:915][  0]LogD3D11RHI: [Aftermath] Aftermath enabled and primed
[2018.07.10-18.06.56:915][  0]LogD3D11RHI: [Aftermath] Aftermath enabled and primed
[2018.07.10-18.06.56:915][  0]LogD3D11RHI: Async texture creation enabled
[2018.07.10-18.06.56:957][  0]LogD3D11RHI: GPU Timing Frequency: 1000.000000 (Debug: 2 2)
[2018.07.10-18.06.56:960][  0]LogShaderCompilers: Guid format shader working directory is -24 characters bigger than the processId version (../../../../../../Users/iD Student/Documents/GitHub/IDtech-Game/IDtechGame/Intermediate/Shaders/WorkingDirectory/10372/).
[2018.07.10-18.06.56:960][  0]LogShaderCompilers: Cleaned the shader compiler working directory 'C:/Users/iD Student/AppData/Local/Temp/UnrealShaderWorkingDir/604E7B844517D5B8C45654B3BD36E70C/'.
[2018.07.10-18.06.57:290][  0]LogTemp: Display: Loaded TP AllDesktopTargetPlatform
[2018.07.10-18.06.57:316][  0]LogTemp: Display: Loaded TP MacClientTargetPlatform
[2018.07.10-18.06.57:337][  0]LogTemp: Display: Loaded TP MacNoEditorTargetPlatform
[2018.07.10-18.06.57:354][  0]LogTemp: Display: Loaded TP MacServerTargetPlatform
[2018.07.10-18.06.57:372][  0]LogTemp: Display: Loaded TP MacTargetPlatform
[2018.07.10-18.06.57:387][  0]LogTemp: Display: Loaded TP WindowsClientTargetPlatform
[2018.07.10-18.06.57:406][  0]LogTemp: Display: Loaded TP WindowsNoEditorTargetPlatform
[2018.07.10-18.06.57:425][  0]LogTemp: Display: Loaded TP WindowsServerTargetPlatform
[2018.07.10-18.06.57:436][  0]LogTemp: Display: Loaded TP WindowsTargetPlatform
[2018.07.10-18.06.57:448][  0]LogTemp: Display: Loaded TP Android_ASTCTargetPlatform
[2018.07.10-18.06.57:464][  0]LogTemp: Display: Loaded TP Android_ATCTargetPlatform
[2018.07.10-18.06.57:482][  0]LogTemp: Display: Loaded TP Android_DXTTargetPlatform
[2018.07.10-18.06.57:498][  0]LogTemp: Display: Loaded TP Android_ETC1aTargetPlatform
[2018.07.10-18.06.57:513][  0]LogTemp: Display: Loaded TP Android_ETC1TargetPlatform
[2018.07.10-18.06.57:527][  0]LogTemp: Display: Loaded TP Android_ETC2TargetPlatform
[2018.07.10-18.06.57:557][  0]LogTemp: Display: Loaded TP Android_MultiTargetPlatform
[2018.07.10-18.06.57:557][  0]LogTemp: Display: Loaded TP Android_PVRTCTargetPlatform
[2018.07.10-18.06.57:574][  0]LogTemp: Display: Loaded TP AndroidTargetPlatform
[2018.07.10-18.06.57:575][  0]LogTemp: Display: Loaded TP HTML5TargetPlatform
[2018.07.10-18.06.57:619][  0]LogTemp: Display: Loaded TP IOSTargetPlatform
[2018.07.10-18.06.57:636][  0]LogTemp: Display: Loaded TP TVOSTargetPlatform
[2018.07.10-18.06.57:650][  0]LogTemp: Display: Loaded TP LinuxClientTargetPlatform
[2018.07.10-18.06.57:665][  0]LogTemp: Display: Loaded TP LinuxNoEditorTargetPlatform
[2018.07.10-18.06.57:678][  0]LogTemp: Display: Loaded TP LinuxServerTargetPlatform
[2018.07.10-18.06.57:692][  0]LogTemp: Display: Loaded TP LinuxTargetPlatform
[2018.07.10-18.06.57:692][  0]LogTargetPlatformManager: Display: Building Assets For Windows
[2018.07.10-18.06.57:825][  0]LogXGEController: Cannot use XGE Controller as Incredibuild is not installed on this machine.
[2018.07.10-18.06.57:825][  0]LogShaderCompilers: Cannot use XGE Shader Compiler as Incredibuild is not installed on this machine.
[2018.07.10-18.06.57:825][  0]LogShaderCompilers: Display: Using Local Shader Compiler.
[2018.07.10-18.06.58:642][  0]LogDerivedDataCache: Display: Max Cache Size: 512 MB
[2018.07.10-18.06.58:776][  0]LogDerivedDataCache: Loaded boot cache 0.13s 74MB C:/Users/iD Student/AppData/Local/UnrealEngine/4.19/DerivedDataCache/Boot.ddc.
[2018.07.10-18.06.58:776][  0]LogDerivedDataCache: Display: Loaded Boot cache: C:/Users/iD Student/AppData/Local/UnrealEngine/4.19/DerivedDataCache/Boot.ddc
[2018.07.10-18.06.58:776][  0]LogDerivedDataCache: FDerivedDataBackendGraph:  Pak pak cache file ../../../../../../Users/iD Student/Documents/GitHub/IDtech-Game/IDtechGame/DerivedDataCache/DDC.ddp not found, will not use a pak cache.
[2018.07.10-18.06.58:776][  0]LogDerivedDataCache: Unable to find inner node Pak for hierarchical cache Hierarchy.
[2018.07.10-18.06.58:776][  0]LogDerivedDataCache: FDerivedDataBackendGraph:  CompressedPak pak cache file ../../../../../../Users/iD Student/Documents/GitHub/IDtech-Game/IDtechGame/DerivedDataCache/Compressed.ddp not found, will not use a pak cache.
[2018.07.10-18.06.58:776][  0]LogDerivedDataCache: Unable to find inner node CompressedPak for hierarchical cache Hierarchy.
[2018.07.10-18.06.58:794][  0]LogDerivedDataCache: Display: Pak cache opened for reading ../../../Engine/DerivedDataCache/Compressed.ddp.
[2018.07.10-18.06.58:809][  0]LogDerivedDataCache: Using Local data cache path C:/Users/iD Student/AppData/Local/UnrealEngine/Common/DerivedDataCache: Writable
[2018.07.10-18.06.58:825][  0]LogMaterial: Verifying Global Shaders for PCD3D_SM5
[2018.07.10-18.06.58:826][  0]LogSlate: Using Freetype 2.6.0
[2018.07.10-18.06.58:827][  0]LogSlate: SlateFontCache - WITH_FREETYPE: 1, WITH_HARFBUZZ: 1
[2018.07.10-18.06.58:827][  0]LogSlate: SlateFontCache - WITH_FREETYPE: 1, WITH_HARFBUZZ: 1
[2018.07.10-18.06.58:974][  0]LogAssetRegistry: FAssetRegistry took 0.0260 seconds to start up
[2018.07.10-18.06.59:367][  0]LogInit: Selected Device Profile: [Windows]
[2018.07.10-18.06.59:548][  0]LogSimplygon: Simplygon DLL not present - disabling.
[2018.07.10-18.06.59:551][  0]LogMeshReduction: Using SimplygonSwarm for distributed automatic mesh merging
[2018.07.10-18.06.59:551][  0]LogMeshReduction: Using QuadricMeshReduction for automatic static mesh reduction
[2018.07.10-18.06.59:551][  0]LogMeshReduction: No automatic skeletal mesh reduction module available
[2018.07.10-18.06.59:551][  0]LogMeshReduction: No automatic mesh merging module available
[2018.07.10-18.06.59:551][  0]LogMeshMerging: No automatic mesh merging module available
[2018.07.10-18.06.59:592][  0]LogNetVersion: IDtechGame , NetCL: 3944462, EngineNetVer: 2, GameNetVer: 0 (Checksum: 2649410452)
[2018.07.10-18.07.00:288][  0]LogPackageLocalizationCache: Processed 9 localized package path(s) for 2 prioritized culture(s) in 0.104034 seconds
[2018.07.10-18.07.00:294][  0]LogUObjectArray: 36728 objects as part of root set at end of initial load.
[2018.07.10-18.07.00:295][  0]LogUObjectAllocator: 7314312 out of 0 bytes used by permanent object pool.
[2018.07.10-18.07.00:295][  0]LogUObjectArray: CloseDisregardForGC: 0/0 objects in disregard for GC pool
[2018.07.10-18.07.02:389][  0]LogTcpMessaging: Initializing TcpMessaging bridge
[2018.07.10-18.07.02:419][  0]LogUdpMessaging: Initializing bridge on interface 0.0.0.0:0 to multicast group 230.0.0.1:6666.
[2018.07.10-18.07.02:841][  0]SourceControl: Source control is disabled
[2018.07.10-18.07.03:863][  0]LogAndroidPermission: UAndroidPermissionCallbackProxy::GetInstance
[2018.07.10-18.07.04:022][  0]LogOcInput: OculusInput pre-init called
[2018.07.10-18.07.04:148][  0]LogEngine: Initializing Engine...
[2018.07.10-18.07.04:149][  0]LogHMD: Failed to initialize OpenVR with code 110
[2018.07.10-18.07.04:151][  0]LogStats: UGameplayTagsManager::ConstructGameplayTagTree: Construct from data asset -  0.000 s
[2018.07.10-18.07.04:151][  0]LogStats: UGameplayTagsManager::ConstructGameplayTagTree: GameplayTagTreeChangedEvent.Broadcast -  0.000 s
[2018.07.10-18.07.04:476][  0]LogAIModule: Creating AISystem for world Untitled
[2018.07.10-18.07.04:564][  0]LogInit: XAudio2 using 'Speakers / Headphones (Realtek Audio)' : 2 channels at 48 kHz using 32 bits per sample (channel mask 0x3)
[2018.07.10-18.07.04:639][  0]LogInit: FAudioDevice initialized.
[2018.07.10-18.07.04:827][  0]LogDerivedDataCache: Saved boot cache 0.19s 74MB C:/Users/iD Student/AppData/Local/UnrealEngine/4.19/DerivedDataCache/Boot.ddc.
[2018.07.10-18.07.04:852][  0]LogInit: Texture streaming: Enabled
[2018.07.10-18.07.04:876][  0]LogEngineSessionManager: EngineSessionManager initialized
[2018.07.10-18.07.04:895][  0]LogInit: Transaction tracking system initialized
[2018.07.10-18.07.04:922][  0]BlueprintLog: New page: Editor Load
[2018.07.10-18.07.05:025][  0]LocalizationService: Localization service is disabled
[2018.07.10-18.07.05:152][  0]LogConsoleResponse: Display: 
[2018.07.10-18.07.05:375][  0]LogCook: Display: Max memory allowance for cook 16384mb min free memory 0mb
[2018.07.10-18.07.05:376][  0]LogCook: Display: Mobile HDR setting 1
[2018.07.10-18.07.05:376][  0]LogGameplayTags: Display: UGameplayTagsManager::DoneAddingNativeTags. DelegateIsBound: 0
[2018.07.10-18.07.05:376][  0]LogStats: UGameplayTagsManager::ConstructGameplayTagTree: Construct from data asset -  0.000 s
[2018.07.10-18.07.05:376][  0]LogStats: UGameplayTagsManager::ConstructGameplayTagTree: GameplayTagTreeChangedEvent.Broadcast -  0.000 s
[2018.07.10-18.07.05:721][  0]LogFileCache: Scanning file cache for directory 'C:/Users/iD Student/Documents/GitHub/IDtech-Game/IDtechGame/Content/' took 0.02s
[2018.07.10-18.07.05:808][  0]Cmd: MAP LOAD FILE="../../../../../../Users/iD Student/Documents/GitHub/IDtech-Game/IDtechGame/Content/ThirdPersonBP/Maps/ThirdPersonExampleMap.umap" TEMPLATE=0 SHOWPROGRESS=1 FEATURELEVEL=3
[2018.07.10-18.07.05:808][  0]LightingResults: New page: Lighting Build
[2018.07.10-18.07.05:811][  0]MapCheck: New page: Map Check
[2018.07.10-18.07.05:811][  0]LightingResults: New page: Lighting Build
[2018.07.10-18.07.06:041][  0]LogLinker: Warning: Can't find file '/Game/ThirdPersonBP/Maps/ThirdPersonExampleMap_BuiltData'
[2018.07.10-18.07.06:041][  0]LogLinker: Warning: Can't find file for asset '/Game/ThirdPersonBP/Maps/ThirdPersonExampleMap_BuiltData' while loading ../../../../../../Users/iD Student/Documents/GitHub/IDtech-Game/IDtechGame/Content/ThirdPersonBP/Maps/ThirdPersonExampleMap.umap.
[2018.07.10-18.07.06:041][  0]LoadErrors: Error: /Game/ThirdPersonBP/Maps/ThirdPersonExampleMap : Can't find file for asset. /Game/ThirdPersonBP/Maps/ThirdPersonExampleMap_BuiltData
[2018.07.10-18.07.06:056][  0]LogLinker: Warning: Can't find file '/Game/ThirdPersonBP/Maps/ThirdPersonExampleMap_BuiltData'
[2018.07.10-18.07.06:056][  0]LogLinker: Warning: Can't find file for asset '/Game/ThirdPersonBP/Maps/ThirdPersonExampleMap_BuiltData' while loading ../../../../../../Users/iD Student/Documents/GitHub/IDtech-Game/IDtechGame/Content/ThirdPersonBP/Maps/ThirdPersonExampleMap.umap.
[2018.07.10-18.07.06:056][  0]LoadErrors: Error: /Game/ThirdPersonBP/Maps/ThirdPersonExampleMap : Can't find file for asset. /Game/ThirdPersonBP/Maps/ThirdPersonExampleMap_BuiltData
[2018.07.10-18.07.06:061][  0]LogLinker: Warning: Can't find file '/Game/ThirdPersonBP/Maps/ThirdPersonExampleMap_BuiltData'
[2018.07.10-18.07.06:062][  0]LogLinker: Warning: Can't find file for asset '/Game/ThirdPersonBP/Maps/ThirdPersonExampleMap_BuiltData' while loading NULL.
[2018.07.10-18.07.06:062][  0]LogLinker: Warning: Can't find file '/Game/ThirdPersonBP/Maps/ThirdPersonExampleMap_BuiltData'
[2018.07.10-18.07.06:062][  0]LogLinker: Warning: Can't find file for asset '/Game/ThirdPersonBP/Maps/ThirdPersonExampleMap_BuiltData' while loading NULL.
[2018.07.10-18.07.06:116][  0]LogLinker: Warning: Can't find file '/Game/ThirdPersonBP/Maps/ThirdPersonExampleMap_BuiltData'
[2018.07.10-18.07.06:116][  0]LoadErrors: Failed to load /Game/ThirdPersonBP/Maps/ThirdPersonExampleMap_BuiltData.ThirdPersonExampleMap_BuiltData Referenced by PersistentLevel
[2018.07.10-18.07.06:116][  0]LogLinker: Warning: Can't find file for asset '/Game/ThirdPersonBP/Maps/ThirdPersonExampleMap_BuiltData' while loading NULL.
[2018.07.10-18.07.06:116][  0]LoadErrors: Failed to load /Game/ThirdPersonBP/Maps/ThirdPersonExampleMap_BuiltData.ThirdPersonExampleMap_BuiltData Referenced by PersistentLevel
[2018.07.10-18.07.06:215][  0]LogSkeletalMesh: Skeletal Mesh found in DDC [12.798903ms] /Game/Mannequin/Character/Mesh/SK_Mannequin.SK_Mannequin
[2018.07.10-18.07.06:318][  0]LogAIModule: Creating AISystem for world ThirdPersonExampleMap
[2018.07.10-18.07.06:340][  0]LogEditorServer: Finished looking for orphan Actors (0.000 secs)
[2018.07.10-18.07.06:355][  0]Cmd: MAP CHECKDEP NOCLEARLOG
[2018.07.10-18.07.06:426][  0]MapCheck: Map check complete: 0 Error(s), 0 Warning(s), took 71.683ms to complete.
[2018.07.10-18.07.06:427][  0]LogFileHelpers: Loading map 'ThirdPersonExampleMap' took 0.619
[2018.07.10-18.07.06:619][  0]LogCollectionManager: Loaded 0 collections in 0.003975 seconds
[2018.07.10-18.07.06:665][  0]LogFileCache: Scanning file cache for directory 'C:/Users/iD Student/Documents/GitHub/IDtech-Game/IDtechGame/Saved/Collections/' took 0.01s
[2018.07.10-18.07.06:665][  0]LogFileCache: Scanning file cache for directory 'C:/Users/iD Student/Documents/GitHub/IDtech-Game/IDtechGame/Content/Developers/iDStudent/Collections/' took 0.01s
[2018.07.10-18.07.06:665][  0]LogFileCache: Scanning file cache for directory 'C:/Users/iD Student/Documents/GitHub/IDtech-Game/IDtechGame/Content/Collections/' took 0.01s
[2018.07.10-18.07.06:665][  0]LogCollectionManager: Rebuilt the GUID cache for 0 collections in 0.000000 seconds
[2018.07.10-18.07.06:680][  0]LogContentBrowser: Native class hierarchy populated in 0.0152 seconds. Added 2452 classes and 558 folders.
[2018.07.10-18.07.06:690][  0]LogContentBrowser: Native class hierarchy updated for 'WidgetCarousel' in 0.0002 seconds. Added 0 classes and 0 folders.
[2018.07.10-18.07.06:740][  0]LogContentBrowser: Native class hierarchy updated for 'AddContentDialog' in 0.0002 seconds. Added 0 classes and 0 folders.
[2018.07.10-18.07.06:750][  0]LogContentBrowser: Native class hierarchy updated for 'SceneOutliner' in 0.0003 seconds. Added 1 classes and 2 folders.
[2018.07.10-18.07.06:769][  0]LogSlate: Took 0.000292 seconds to synchronously load lazily loaded font '../../../Engine/Content/Slate/Fonts/Roboto-Regular.ttf' (155K)
[2018.07.10-18.07.06:772][  0]LogSlate: Took 0.000219 seconds to synchronously load lazily loaded font '../../../Engine/Content/Slate/Fonts/Roboto-Bold.ttf' (160K)
[2018.07.10-18.07.06:781][  0]LogSlate: Took 0.000258 seconds to synchronously load lazily loaded font '../../../Engine/Content/Editor/Slate/Fonts/FontAwesome.ttf' (139K)
[2018.07.10-18.07.06:900][  0]LogRenderer: Reallocating scene render targets to support 964x436 Format 10 NumSamples 1 (Frame:1).
[2018.07.10-18.07.07:300][  0]LogContentBrowser: Native class hierarchy updated for 'HierarchicalLODOutliner' in 0.0003 seconds. Added 0 classes and 0 folders.
[2018.07.10-18.07.07:300][  0]LogLoad: (Engine Initialization) Total time: 14.37 seconds
[2018.07.10-18.07.07:300][  0]LogLoad: (Engine Initialization) Total Blueprint compile time: 0.00 seconds
[2018.07.10-18.07.07:318][  0]LogWindowsTextInputMethodSystem: Display: IME system now deactivated.
[2018.07.10-18.07.07:343][  0]LogContentStreaming: Texture pool size now 1000 MB
[2018.07.10-18.07.07:346][  0]LogSlate: FSceneViewport::OnFocusLost() reason 2
[2018.07.10-18.07.07:398][  0]LogSlate: Took 0.000251 seconds to synchronously load lazily loaded font '../../../Engine/Content/Slate/Fonts/Roboto-Light.ttf' (167K)
[2018.07.10-18.07.07:535][  2]LogAssetRegistry: Asset discovery search completed in 8.5825 seconds
[2018.07.10-18.07.07:544][  2]LogCollectionManager: Rebuilt the object cache for 0 collections in 0.000001 seconds (found 0 objects)
[2018.07.10-18.07.07:544][  2]LogCollectionManager: Fixed up redirectors for 0 collections in 0.000215 seconds (updated 0 objects)
[2018.07.10-18.07.08:367][ 37]LogSlate: Took 0.000230 seconds to synchronously load lazily loaded font '../../../Engine/Content/Slate/Fonts/Roboto-Light.ttf' (167K)
[2018.07.10-18.07.24:396][983]LogSkeletalMesh: Skeletal Mesh found in DDC [3.786028ms] /Game/AnimStarterPack/UE4_Mannequin/Mesh/SK_Mannequin.SK_Mannequin
[2018.07.10-18.07.24:457][983]LogContentBrowser: Native class hierarchy updated for 'SkeletonEditor' in 0.0002 seconds. Added 1 classes and 2 folders.
[2018.07.10-18.07.24:725][983]LogActorComponent: RegisterComponentWithWorld: (/Engine/Transient.World_1:PersistentLevel.Actor_0.DebugSkelMeshComponent_0) Already registered. Aborting.
[2018.07.10-18.07.24:730][983]LogContentBrowser: Native class hierarchy updated for 'PinnedCommandList' in 0.0002 seconds. Added 1 classes and 0 folders.
[2018.07.10-18.07.25:051][983]LogContentBrowser: Native class hierarchy updated for 'BlueprintGraph' in 0.0006 seconds. Added 116 classes and 0 folders.
[2018.07.10-18.07.25:782][983]LogSkeletalMesh: USkeletalMeshComponent::InitArticulated : Bodies already created (/Engine/Transient.World_1:PersistentLevel.Actor_0.DebugSkelMeshComponent_0) - call TermArticulated first.
[2018.07.10-18.07.26:094][983]LogActorComponent: RegisterComponentWithWorld: (/Engine/Transient.World_3:PersistentLevel.Actor_1.DebugSkelMeshComponent_2) Already registered. Aborting.
[2018.07.10-18.07.26:128][983]LogSkeletalMesh: USkeletalMeshComponent::InitArticulated : Bodies already created (/Engine/Transient.World_3:PersistentLevel.Actor_1.DebugSkelMeshComponent_2) - call TermArticulated first.
[2018.07.10-18.07.26:831][983]LogSlate: Took 0.000267 seconds to synchronously load lazily loaded font '../../../Engine/Content/Slate/Fonts/Roboto-BoldCondensed.ttf' (158K)
[2018.07.10-18.07.27:030][984]LogSlate: Took 0.000445 seconds to synchronously load lazily loaded font '../../../Engine/Content/Slate/Fonts/Roboto-Italic.ttf' (157K)
[2018.07.10-18.08.03:729][622]LogContentBrowser: Native class hierarchy updated for 'ClothingSystemEditorInterface' in 0.0002 seconds. Added 1 classes and 0 folders.
[2018.07.10-18.08.07:863][755]LogSlate: Window 'Message Log' being destroyed
[2018.07.10-18.08.07:947][755]LogSlate: Window 'Message Log' being destroyed
[2018.07.10-18.08.11:320][917]LogSlate: FSceneViewport::OnFocusLost() reason 0
[2018.07.10-18.08.11:478][925]LogTemp: Repeating last play command: Selected Viewport
[2018.07.10-18.08.11:506][925]LogBlueprintUserMessages: Early PlayInEditor Detection: Level '/Game/ThirdPersonBP/Maps/ThirdPersonExampleMap.ThirdPersonExampleMap:PersistentLevel' has LevelScriptBlueprint '/Game/ThirdPersonBP/Maps/ThirdPersonExampleMap.ThirdPersonExampleMap:PersistentLevel.ThirdPersonExampleMap' with GeneratedClass '/Game/ThirdPersonBP/Maps/ThirdPersonExampleMap.ThirdPersonExampleMap_C' with ClassGeneratedBy '/Game/ThirdPersonBP/Maps/ThirdPersonExampleMap.ThirdPersonExampleMap:PersistentLevel.ThirdPersonExampleMap'
[2018.07.10-18.08.11:506][925]LogPlayLevel: PlayLevel: No blueprints needed recompiling
[2018.07.10-18.08.11:507][925]PIE: New page: PIE session: ThirdPersonExampleMap (Jul 10, 2018, 4:08:11 AM)
[2018.07.10-18.08.11:507][925]LogPlayLevel: Creating play world package: /Game/ThirdPersonBP/Maps/UEDPIE_0_ThirdPersonExampleMap
[2018.07.10-18.08.11:540][925]LogPlayLevel: PIE: StaticDuplicateObject took: (0.033389s)
[2018.07.10-18.08.11:541][925]LogAIModule: Creating AISystem for world ThirdPersonExampleMap
[2018.07.10-18.08.11:541][925]LogPlayLevel: PIE: World Init took: (0.000896s)
[2018.07.10-18.08.11:542][925]LogPlayLevel: PIE: Created PIE world by copying editor world from /Game/ThirdPersonBP/Maps/ThirdPersonExampleMap.ThirdPersonExampleMap to /Game/ThirdPersonBP/Maps/UEDPIE_0_ThirdPersonExampleMap.ThirdPersonExampleMap (0.034553s)
[2018.07.10-18.08.11:633][925]LogInit: XAudio2 using 'Speakers / Headphones (Realtek Audio)' : 2 channels at 48 kHz using 32 bits per sample (channel mask 0x3)
[2018.07.10-18.08.11:704][925]LogInit: FAudioDevice initialized.
[2018.07.10-18.08.11:756][925]LogLoad: Game class is 'ThirdPersonGameMode_C'
[2018.07.10-18.08.11:759][925]LogWorld: Bringing World /Game/ThirdPersonBP/Maps/UEDPIE_0_ThirdPersonExampleMap.ThirdPersonExampleMap up for play (max tick rate 60) at 2018.07.10-11.08.11
[2018.07.10-18.08.11:759][925]LogWorld: Bringing up level for play took: 0.002308
[2018.07.10-18.08.11:763][925]LogContentBrowser: Native class hierarchy updated for 'MovieSceneCapture' in 0.0003 seconds. Added 11 classes and 0 folders.
[2018.07.10-18.08.11:764][925]PIE: Play in editor start time for /Game/ThirdPersonBP/Maps/UEDPIE_0_ThirdPersonExampleMap -0.221
[2018.07.10-18.08.11:764][925]LogBlueprintUserMessages: Late PlayInEditor Detection: Level '/Game/ThirdPersonBP/Maps/ThirdPersonExampleMap.ThirdPersonExampleMap:PersistentLevel' has LevelScriptBlueprint '/Game/ThirdPersonBP/Maps/ThirdPersonExampleMap.ThirdPersonExampleMap:PersistentLevel.ThirdPersonExampleMap' with GeneratedClass '/Game/ThirdPersonBP/Maps/ThirdPersonExampleMap.ThirdPersonExampleMap_C' with ClassGeneratedBy '/Game/ThirdPersonBP/Maps/ThirdPersonExampleMap.ThirdPersonExampleMap:PersistentLevel.ThirdPersonExampleMap'
[2018.07.10-18.08.15:894][112]LogBlueprintUserMessages: Early EndPlayMap Detection: Level '/Game/ThirdPersonBP/Maps/ThirdPersonExampleMap.ThirdPersonExampleMap:PersistentLevel' has LevelScriptBlueprint '/Game/ThirdPersonBP/Maps/ThirdPersonExampleMap.ThirdPersonExampleMap:PersistentLevel.ThirdPersonExampleMap' with GeneratedClass '/Game/ThirdPersonBP/Maps/ThirdPersonExampleMap.ThirdPersonExampleMap_C' with ClassGeneratedBy '/Game/ThirdPersonBP/Maps/ThirdPersonExampleMap.ThirdPersonExampleMap:PersistentLevel.ThirdPersonExampleMap'
[2018.07.10-18.08.15:928][112]LogBlueprintUserMessages: Late EndPlayMap Detection: Level '/Game/ThirdPersonBP/Maps/ThirdPersonExampleMap.ThirdPersonExampleMap:PersistentLevel' has LevelScriptBlueprint '/Game/ThirdPersonBP/Maps/ThirdPersonExampleMap.ThirdPersonExampleMap:PersistentLevel.ThirdPersonExampleMap' with GeneratedClass '/Game/ThirdPersonBP/Maps/ThirdPersonExampleMap.ThirdPersonExampleMap_C' with ClassGeneratedBy '/Game/ThirdPersonBP/Maps/ThirdPersonExampleMap.ThirdPersonExampleMap:PersistentLevel.ThirdPersonExampleMap'
[2018.07.10-18.08.24:198][469]LogSlate: FSceneViewport::OnFocusLost() reason 2
[2018.07.10-18.08.29:626][733]LogEditorViewport: Clicking on Actor (LMB): StaticMeshActor (Wall10)
[2018.07.10-18.08.30:923][789]Cmd: SELECT NONE
[2018.07.10-18.08.33:353][904]LogSlate: FSceneViewport::OnFocusLost() reason 0
[2018.07.10-18.08.33:458][909]LogTemp: Repeating last play command: Selected Viewport
[2018.07.10-18.08.33:484][909]LogBlueprintUserMessages: Early PlayInEditor Detection: Level '/Game/ThirdPersonBP/Maps/ThirdPersonExampleMap.ThirdPersonExampleMap:PersistentLevel' has LevelScriptBlueprint '/Game/ThirdPersonBP/Maps/ThirdPersonExampleMap.ThirdPersonExampleMap:PersistentLevel.ThirdPersonExampleMap' with GeneratedClass '/Game/ThirdPersonBP/Maps/ThirdPersonExampleMap.ThirdPersonExampleMap_C' with ClassGeneratedBy '/Game/ThirdPersonBP/Maps/ThirdPersonExampleMap.ThirdPersonExampleMap:PersistentLevel.ThirdPersonExampleMap'
[2018.07.10-18.08.33:484][909]LogPlayLevel: PlayLevel: No blueprints needed recompiling
[2018.07.10-18.08.33:484][909]PIE: New page: PIE session: ThirdPersonExampleMap (Jul 10, 2018, 4:08:33 AM)
[2018.07.10-18.08.33:484][909]LogPlayLevel: Creating play world package: /Game/ThirdPersonBP/Maps/UEDPIE_0_ThirdPersonExampleMap
[2018.07.10-18.08.33:505][909]LogPlayLevel: PIE: StaticDuplicateObject took: (0.020198s)
[2018.07.10-18.08.33:506][909]LogAIModule: Creating AISystem for world ThirdPersonExampleMap
[2018.07.10-18.08.33:506][909]LogPlayLevel: PIE: World Init took: (0.001196s)
[2018.07.10-18.08.33:506][909]LogPlayLevel: PIE: Created PIE world by copying editor world from /Game/ThirdPersonBP/Maps/ThirdPersonExampleMap.ThirdPersonExampleMap to /Game/ThirdPersonBP/Maps/UEDPIE_0_ThirdPersonExampleMap.ThirdPersonExampleMap (0.021696s)
[2018.07.10-18.08.33:535][909]LogInit: XAudio2 using 'Speakers / Headphones (Realtek Audio)' : 2 channels at 48 kHz using 32 bits per sample (channel mask 0x3)
[2018.07.10-18.08.33:605][909]LogInit: FAudioDevice initialized.
[2018.07.10-18.08.33:644][909]LogLoad: Game class is 'ThirdPersonGameMode_C'
[2018.07.10-18.08.33:648][909]LogWorld: Bringing World /Game/ThirdPersonBP/Maps/UEDPIE_0_ThirdPersonExampleMap.ThirdPersonExampleMap up for play (max tick rate 60) at 2018.07.10-11.08.33
[2018.07.10-18.08.33:649][909]LogWorld: Bringing up level for play took: 0.002767
[2018.07.10-18.08.33:650][909]PIE: Play in editor start time for /Game/ThirdPersonBP/Maps/UEDPIE_0_ThirdPersonExampleMap -0.335
[2018.07.10-18.08.33:650][909]LogBlueprintUserMessages: Late PlayInEditor Detection: Level '/Game/ThirdPersonBP/Maps/ThirdPersonExampleMap.ThirdPersonExampleMap:PersistentLevel' has LevelScriptBlueprint '/Game/ThirdPersonBP/Maps/ThirdPersonExampleMap.ThirdPersonExampleMap:PersistentLevel.ThirdPersonExampleMap' with GeneratedClass '/Game/ThirdPersonBP/Maps/ThirdPersonExampleMap.ThirdPersonExampleMap_C' with ClassGeneratedBy '/Game/ThirdPersonBP/Maps/ThirdPersonExampleMap.ThirdPersonExampleMap:PersistentLevel.ThirdPersonExampleMap'
[2018.07.10-18.08.35:715][  0]LogBlueprintUserMessages: Early EndPlayMap Detection: Level '/Game/ThirdPersonBP/Maps/ThirdPersonExampleMap.ThirdPersonExampleMap:PersistentLevel' has LevelScriptBlueprint '/Game/ThirdPersonBP/Maps/ThirdPersonExampleMap.ThirdPersonExampleMap:PersistentLevel.ThirdPersonExampleMap' with GeneratedClass '/Game/ThirdPersonBP/Maps/ThirdPersonExampleMap.ThirdPersonExampleMap_C' with ClassGeneratedBy '/Game/ThirdPersonBP/Maps/ThirdPersonExampleMap.ThirdPersonExampleMap:PersistentLevel.ThirdPersonExampleMap'
[2018.07.10-18.08.35:757][  0]LogBlueprintUserMessages: Late EndPlayMap Detection: Level '/Game/ThirdPersonBP/Maps/ThirdPersonExampleMap.ThirdPersonExampleMap:PersistentLevel' has LevelScriptBlueprint '/Game/ThirdPersonBP/Maps/ThirdPersonExampleMap.ThirdPersonExampleMap:PersistentLevel.ThirdPersonExampleMap' with GeneratedClass '/Game/ThirdPersonBP/Maps/ThirdPersonExampleMap.ThirdPersonExampleMap_C' with ClassGeneratedBy '/Game/ThirdPersonBP/Maps/ThirdPersonExampleMap.ThirdPersonExampleMap:PersistentLevel.ThirdPersonExampleMap'
[2018.07.10-18.08.38:057][114]LogEditorViewport: Clicking on Actor (LMB): StaticMeshActor (Wall7)
[2018.07.10-18.08.40:486][222]LogSlate: FSceneViewport::OnFocusLost() reason 0
[2018.07.10-18.08.45:182][429]Cmd: SELECT NONE
[2018.07.10-18.08.55:457][946]LogSlate: FSceneViewport::OnFocusLost() reason 0
[2018.07.10-18.09.54:608][502]LogSlate: FSceneViewport::OnFocusLost() reason 0
[2018.07.10-18.10.07:672][691]LogTemp: Repeating last play command: Selected Viewport
[2018.07.10-18.10.07:710][691]LogBlueprintUserMessages: Early PlayInEditor Detection: Level '/Game/ThirdPersonBP/Maps/ThirdPersonExampleMap.ThirdPersonExampleMap:PersistentLevel' has LevelScriptBlueprint '/Game/ThirdPersonBP/Maps/ThirdPersonExampleMap.ThirdPersonExampleMap:PersistentLevel.ThirdPersonExampleMap' with GeneratedClass '/Game/ThirdPersonBP/Maps/ThirdPersonExampleMap.ThirdPersonExampleMap_C' with ClassGeneratedBy '/Game/ThirdPersonBP/Maps/ThirdPersonExampleMap.ThirdPersonExampleMap:PersistentLevel.ThirdPersonExampleMap'
[2018.07.10-18.10.07:710][691]LogPlayLevel: PlayLevel: No blueprints needed recompiling
[2018.07.10-18.10.07:710][691]PIE: New page: PIE session: ThirdPersonExampleMap (Jul 10, 2018, 4:10:07 AM)
[2018.07.10-18.10.07:711][691]LogPlayLevel: Creating play world package: /Game/ThirdPersonBP/Maps/UEDPIE_0_ThirdPersonExampleMap
[2018.07.10-18.10.07:739][691]LogPlayLevel: PIE: StaticDuplicateObject took: (0.028225s)
[2018.07.10-18.10.07:741][691]LogAIModule: Creating AISystem for world ThirdPersonExampleMap
[2018.07.10-18.10.07:741][691]LogPlayLevel: PIE: World Init took: (0.001512s)
[2018.07.10-18.10.07:741][691]LogPlayLevel: PIE: Created PIE world by copying editor world from /Game/ThirdPersonBP/Maps/ThirdPersonExampleMap.ThirdPersonExampleMap to /Game/ThirdPersonBP/Maps/UEDPIE_0_ThirdPersonExampleMap.ThirdPersonExampleMap (0.030083s)
[2018.07.10-18.10.07:773][691]LogInit: XAudio2 using 'Speakers / Headphones (Realtek Audio)' : 2 channels at 48 kHz using 32 bits per sample (channel mask 0x3)
[2018.07.10-18.10.07:840][691]LogInit: FAudioDevice initialized.
[2018.07.10-18.10.07:873][691]LogLoad: Game class is 'ThirdPersonGameMode_C'
[2018.07.10-18.10.07:875][691]LogWorld: Bringing World /Game/ThirdPersonBP/Maps/UEDPIE_0_ThirdPersonExampleMap.ThirdPersonExampleMap up for play (max tick rate 60) at 2018.07.10-11.10.07
[2018.07.10-18.10.07:876][691]LogWorld: Bringing up level for play took: 0.001998
[2018.07.10-18.10.07:877][691]PIE: Play in editor start time for /Game/ThirdPersonBP/Maps/UEDPIE_0_ThirdPersonExampleMap -0.107
[2018.07.10-18.10.07:878][691]LogBlueprintUserMessages: Late PlayInEditor Detection: Level '/Game/ThirdPersonBP/Maps/ThirdPersonExampleMap.ThirdPersonExampleMap:PersistentLevel' has LevelScriptBlueprint '/Game/ThirdPersonBP/Maps/ThirdPersonExampleMap.ThirdPersonExampleMap:PersistentLevel.ThirdPersonExampleMap' with GeneratedClass '/Game/ThirdPersonBP/Maps/ThirdPersonExampleMap.ThirdPersonExampleMap_C' with ClassGeneratedBy '/Game/ThirdPersonBP/Maps/ThirdPersonExampleMap.ThirdPersonExampleMap:PersistentLevel.ThirdPersonExampleMap'
[2018.07.10-18.10.10:012][775]LogBlueprintUserMessages: Early EndPlayMap Detection: Level '/Game/ThirdPersonBP/Maps/ThirdPersonExampleMap.ThirdPersonExampleMap:PersistentLevel' has LevelScriptBlueprint '/Game/ThirdPersonBP/Maps/ThirdPersonExampleMap.ThirdPersonExampleMap:PersistentLevel.ThirdPersonExampleMap' with GeneratedClass '/Game/ThirdPersonBP/Maps/ThirdPersonExampleMap.ThirdPersonExampleMap_C' with ClassGeneratedBy '/Game/ThirdPersonBP/Maps/ThirdPersonExampleMap.ThirdPersonExampleMap:PersistentLevel.ThirdPersonExampleMap'
[2018.07.10-18.10.10:058][775]LogBlueprintUserMessages: Late EndPlayMap Detection: Level '/Game/ThirdPersonBP/Maps/ThirdPersonExampleMap.ThirdPersonExampleMap:PersistentLevel' has LevelScriptBlueprint '/Game/ThirdPersonBP/Maps/ThirdPersonExampleMap.ThirdPersonExampleMap:PersistentLevel.ThirdPersonExampleMap' with GeneratedClass '/Game/ThirdPersonBP/Maps/ThirdPersonExampleMap.ThirdPersonExampleMap_C' with ClassGeneratedBy '/Game/ThirdPersonBP/Maps/ThirdPersonExampleMap.ThirdPersonExampleMap:PersistentLevel.ThirdPersonExampleMap'
[2018.07.10-18.10.10:697][801]LogSlate: FSceneViewport::OnFocusLost() reason 0
[2018.07.10-18.10.11:091][805]LogSavePackage: Save=139.78ms
[2018.07.10-18.10.11:091][805]LogSavePackage: Moving '../../../../../../Users/iD Student/Documents/GitHub/IDtech-Game/IDtechGame/Saved/ThirdPersonExampleMap64100BBD4B14EC7B68DD6A9AD5B42C03.tmp' to '../../../../../../Users/iD Student/Documents/GitHub/IDtech-Game/IDtechGame/Content/ThirdPersonBP/Maps/ThirdPersonExampleMap.umap'
[2018.07.10-18.10.11:094][805]LogSavePackage: Display: Finished SavePackage ../../../../../../Users/iD Student/Documents/GitHub/IDtech-Game/IDtechGame/Content/ThirdPersonBP/Maps/ThirdPersonExampleMap.umap
[2018.07.10-18.10.13:003][894]Cmd: SELECT NONE
[2018.07.10-18.10.14:035][944]LogSlate: FSceneViewport::OnFocusLost() reason 0
[2018.07.10-18.10.14:128][948]LogTemp: Repeating last play command: Selected Viewport
[2018.07.10-18.10.14:156][948]LogBlueprintUserMessages: Early PlayInEditor Detection: Level '/Game/ThirdPersonBP/Maps/ThirdPersonExampleMap.ThirdPersonExampleMap:PersistentLevel' has LevelScriptBlueprint '/Game/ThirdPersonBP/Maps/ThirdPersonExampleMap.ThirdPersonExampleMap:PersistentLevel.ThirdPersonExampleMap' with GeneratedClass '/Game/ThirdPersonBP/Maps/ThirdPersonExampleMap.ThirdPersonExampleMap_C' with ClassGeneratedBy '/Game/ThirdPersonBP/Maps/ThirdPersonExampleMap.ThirdPersonExampleMap:PersistentLevel.ThirdPersonExampleMap'
[2018.07.10-18.10.14:156][948]LogPlayLevel: PlayLevel: No blueprints needed recompiling
[2018.07.10-18.10.14:156][948]PIE: New page: PIE session: ThirdPersonExampleMap (Jul 10, 2018, 4:10:14 AM)
[2018.07.10-18.10.14:156][948]LogPlayLevel: Creating play world package: /Game/ThirdPersonBP/Maps/UEDPIE_0_ThirdPersonExampleMap
[2018.07.10-18.10.14:180][948]LogPlayLevel: PIE: StaticDuplicateObject took: (0.023432s)
[2018.07.10-18.10.14:181][948]LogAIModule: Creating AISystem for world ThirdPersonExampleMap
[2018.07.10-18.10.14:182][948]LogPlayLevel: PIE: World Init took: (0.001715s)
[2018.07.10-18.10.14:182][948]LogPlayLevel: PIE: Created PIE world by copying editor world from /Game/ThirdPersonBP/Maps/ThirdPersonExampleMap.ThirdPersonExampleMap to /Game/ThirdPersonBP/Maps/UEDPIE_0_ThirdPersonExampleMap.ThirdPersonExampleMap (0.025591s)
[2018.07.10-18.10.14:210][948]LogInit: XAudio2 using 'Speakers / Headphones (Realtek Audio)' : 2 channels at 48 kHz using 32 bits per sample (channel mask 0x3)
[2018.07.10-18.10.14:280][948]LogInit: FAudioDevice initialized.
[2018.07.10-18.10.14:314][948]LogLoad: Game class is 'ThirdPersonGameMode_C'
[2018.07.10-18.10.14:317][948]LogWorld: Bringing World /Game/ThirdPersonBP/Maps/UEDPIE_0_ThirdPersonExampleMap.ThirdPersonExampleMap up for play (max tick rate 60) at 2018.07.10-11.10.14
[2018.07.10-18.10.14:318][948]LogWorld: Bringing up level for play took: 0.001923
[2018.07.10-18.10.14:319][948]PIE: Play in editor start time for /Game/ThirdPersonBP/Maps/UEDPIE_0_ThirdPersonExampleMap 0.334
[2018.07.10-18.10.14:319][948]LogBlueprintUserMessages: Late PlayInEditor Detection: Level '/Game/ThirdPersonBP/Maps/ThirdPersonExampleMap.ThirdPersonExampleMap:PersistentLevel' has LevelScriptBlueprint '/Game/ThirdPersonBP/Maps/ThirdPersonExampleMap.ThirdPersonExampleMap:PersistentLevel.ThirdPersonExampleMap' with GeneratedClass '/Game/ThirdPersonBP/Maps/ThirdPersonExampleMap.ThirdPersonExampleMap_C' with ClassGeneratedBy '/Game/ThirdPersonBP/Maps/ThirdPersonExampleMap.ThirdPersonExampleMap:PersistentLevel.ThirdPersonExampleMap'
[2018.07.10-18.10.39:500][111]LogBlueprintUserMessages: Early EndPlayMap Detection: Level '/Game/ThirdPersonBP/Maps/ThirdPersonExampleMap.ThirdPersonExampleMap:PersistentLevel' has LevelScriptBlueprint '/Game/ThirdPersonBP/Maps/ThirdPersonExampleMap.ThirdPersonExampleMap:PersistentLevel.ThirdPersonExampleMap' with GeneratedClass '/Game/ThirdPersonBP/Maps/ThirdPersonExampleMap.ThirdPersonExampleMap_C' with ClassGeneratedBy '/Game/ThirdPersonBP/Maps/ThirdPersonExampleMap.ThirdPersonExampleMap:PersistentLevel.ThirdPersonExampleMap'
[2018.07.10-18.10.39:536][111]LogBlueprintUserMessages: Late EndPlayMap Detection: Level '/Game/ThirdPersonBP/Maps/ThirdPersonExampleMap.ThirdPersonExampleMap:PersistentLevel' has LevelScriptBlueprint '/Game/ThirdPersonBP/Maps/ThirdPersonExampleMap.ThirdPersonExampleMap:PersistentLevel.ThirdPersonExampleMap' with GeneratedClass '/Game/ThirdPersonBP/Maps/ThirdPersonExampleMap.ThirdPersonExampleMap_C' with ClassGeneratedBy '/Game/ThirdPersonBP/Maps/ThirdPersonExampleMap.ThirdPersonExampleMap:PersistentLevel.ThirdPersonExampleMap'
[2018.07.10-19.58.39:880][517]LogSlate: FSceneViewport::OnFocusLost() reason 0
[2018.07.10-19.58.41:275][576]LogRenderer: Reallocating scene render targets to support 964x444 Format 10 NumSamples 1 (Frame:6454).
[2018.07.10-19.58.43:871][711]LogSlate: Window 'Ue4ASP_Character' being destroyed
[2018.07.10-19.58.43:877][711]LogSlate: Window 'Ue4ASP_Character' being destroyed
[2018.07.10-19.58.46:552][757]LogSlate: Window 'IDtechGame - Unreal Editor' being destroyed
[2018.07.10-19.58.46:553][757]LogWindowsTextInputMethodSystem: Display: IME system now deactivated.
[2018.07.10-19.58.46:735][758]Cmd: QUIT_EDITOR
[2018.07.10-19.58.47:262][758]LogSlate: Slate User Destroyed.  User Index 0, Is Virtual User: 0
[2018.07.10-19.58.47:262][758]LogExit: Preparing to exit.
[2018.07.10-19.58.48:185][758]LogDirectoryWatcher: A directory notification for 'C:/Users/iD Student/Documents/GitHub/IDtech-Game/IDtechGame/Content/' was aborted.
[2018.07.10-19.58.48:221][758]LogExit: Editor shut down
[2018.07.10-19.58.48:231][758]LogExit: Transaction tracking system shut down
[2018.07.10-19.58.48:328][758]LogDirectoryWatcher: A directory notification for '../../../Engine/Content/' was aborted.
[2018.07.10-19.58.48:328][758]LogDirectoryWatcher: A directory notification for '../../../../../../Users/iD Student/Documents/GitHub/IDtech-Game/IDtechGame/Content/' was aborted.
[2018.07.10-19.58.48:328][758]LogDirectoryWatcher: A directory notification for '../../Plugins/2D/Paper2D/Content/' was aborted.
[2018.07.10-19.58.48:328][758]LogDirectoryWatcher: A directory notification for '../../Plugins/Enterprise/DatasmithContent/Content/' was aborted.
[2018.07.10-19.58.48:328][758]LogDirectoryWatcher: A directory notification for '../../Plugins/Media/MediaCompositing/Content/' was aborted.
[2018.07.10-19.58.48:328][758]LogDirectoryWatcher: A directory notification for '../../Plugins/Runtime/AppleARKit/Content/' was aborted.
[2018.07.10-19.58.48:328][758]LogDirectoryWatcher: A directory notification for '../../Plugins/Runtime/Oculus/OculusVR/Content/' was aborted.
[2018.07.10-19.58.48:328][758]LogDirectoryWatcher: A directory notification for '../../Plugins/Runtime/Steam/SteamVR/Content/' was aborted.
[2018.07.10-19.58.48:430][758]LogExit: Object subsystem successfully closed.
[2018.07.10-19.58.48:454][758]LogShaderCompilers: Display: Shaders left to compile 0
[2018.07.10-19.58.48:460][758]LogD3D11RHI: Shutdown
[2018.07.10-19.58.48:460][758]LogD3D11RHI: CleanupD3DDevice
[2018.07.10-19.58.48:467][758]LogD3D11RHI: ~FD3D11DynamicRHI
[2018.07.10-19.58.48:495][758]LogModuleManager: Shutting down and abandoning module MovieSceneCapture (588)
[2018.07.10-19.58.48:495][758]LogModuleManager: Shutting down and abandoning module ClothingSystemEditorInterface (586)
[2018.07.10-19.58.48:495][758]LogModuleManager: Shutting down and abandoning module AnimationEditor (584)
[2018.07.10-19.58.48:495][758]LogModuleManager: Shutting down and abandoning module BlueprintGraph (582)
[2018.07.10-19.58.48:495][758]LogModuleManager: Shutting down and abandoning module PinnedCommandList (580)
[2018.07.10-19.58.48:495][758]LogModuleManager: Shutting down and abandoning module SkeletonEditor (578)
[2018.07.10-19.58.48:496][758]LogModuleManager: Shutting down and abandoning module AnimationBlueprintEditor (576)
[2018.07.10-19.58.48:496][758]LogModuleManager: Shutting down and abandoning module HierarchicalLODOutliner (574)
[2018.07.10-19.58.48:496][758]LogModuleManager: Shutting down and abandoning module SceneOutliner (572)
[2018.07.10-19.58.48:496][758]LogModuleManager: Shutting down and abandoning module AddContentDialog (570)
[2018.07.10-19.58.48:496][758]LogDirectoryWatcher: A directory notification for 'C:/Program Files/Epic Games/UE_4.19/FeaturePacks/' was aborted.
[2018.07.10-19.58.48:498][758]LogModuleManager: Shutting down and abandoning module WidgetCarousel (569)
[2018.07.10-19.58.48:498][758]LogModuleManager: Shutting down and abandoning module EditorWidgets (566)
[2018.07.10-19.58.48:498][758]LogModuleManager: Shutting down and abandoning module CollectionManager (564)
[2018.07.10-19.58.48:498][758]LogDirectoryWatcher: A directory notification for 'C:/Users/iD Student/Documents/GitHub/IDtech-Game/IDtechGame/Content/Collections/' was aborted.
[2018.07.10-19.58.48:498][758]LogDirectoryWatcher: A directory notification for 'C:/Users/iD Student/Documents/GitHub/IDtech-Game/IDtechGame/Content/Developers/iDStudent/Collections/' was aborted.
[2018.07.10-19.58.48:498][758]LogDirectoryWatcher: A directory notification for 'C:/Users/iD Student/Documents/GitHub/IDtech-Game/IDtechGame/Saved/Collections/' was aborted.
[2018.07.10-19.58.48:498][758]LogModuleManager: Shutting down and abandoning module StatsViewer (562)
[2018.07.10-19.58.48:498][758]LogModuleManager: Shutting down and abandoning module FoliageEdit (560)
[2018.07.10-19.58.48:498][758]LogModuleManager: Shutting down and abandoning module LandscapeEditor (558)
[2018.07.10-19.58.48:498][758]LogModuleManager: Shutting down and abandoning module MeshPaintMode (556)
[2018.07.10-19.58.48:498][758]LogModuleManager: Shutting down and abandoning module SceneDepthPickerMode (554)
[2018.07.10-19.58.48:499][758]LogModuleManager: Shutting down and abandoning module ActorPickerMode (552)
[2018.07.10-19.58.48:499][758]LogModuleManager: Shutting down and abandoning module GeometryMode (550)
[2018.07.10-19.58.48:499][758]LogModuleManager: Shutting down and abandoning module TextureAlignMode (548)
[2018.07.10-19.58.48:499][758]LogModuleManager: Shutting down and abandoning module BspMode (546)
[2018.07.10-19.58.48:499][758]LogModuleManager: Shutting down and abandoning module PIEPreviewDeviceProfileSelector (544)
[2018.07.10-19.58.48:499][758]LogModuleManager: Shutting down and abandoning module HardwareSurvey (542)
[2018.07.10-19.58.48:499][758]LogModuleManager: Shutting down and abandoning module SequenceRecorderSections (540)
[2018.07.10-19.58.48:499][758]LogModuleManager: Shutting down and abandoning module AutomationWorker (538)
[2018.07.10-19.58.48:499][758]LogModuleManager: Shutting down and abandoning module AudioCaptureEditor (536)
[2018.07.10-19.58.48:499][758]LogModuleManager: Shutting down and abandoning module SequenceRecorder (535)
[2018.07.10-19.58.48:499][758]LogModuleManager: Shutting down and abandoning module MatineeToLevelSequence (532)
[2018.07.10-19.58.48:499][758]LogModuleManager: Shutting down and abandoning module LevelSequenceEditor (530)
[2018.07.10-19.58.48:499][758]LogModuleManager: Shutting down and abandoning module PlacementMode (529)
[2018.07.10-19.58.48:499][758]LogModuleManager: Shutting down and abandoning module MaterialEditor (528)
[2018.07.10-19.58.48:499][758]LogModuleManager: Shutting down and abandoning module WmfMediaFactory (524)
[2018.07.10-19.58.48:499][758]LogModuleManager: Shutting down and abandoning module WmfMediaEditor (522)
[2018.07.10-19.58.48:499][758]LogModuleManager: Shutting down and abandoning module MediaPlayerEditor (520)
[2018.07.10-19.58.48:499][758]LogModuleManager: Shutting down and abandoning module OpenExrWrapper (518)
[2018.07.10-19.58.48:499][758]LogModuleManager: Shutting down and abandoning module ImgMediaFactory (516)
[2018.07.10-19.58.48:500][758]LogModuleManager: Shutting down and abandoning module ImgMediaEditor (514)
[2018.07.10-19.58.48:500][758]LogModuleManager: Shutting down and abandoning module AvfMediaFactory (512)
[2018.07.10-19.58.48:500][758]LogModuleManager: Shutting down and abandoning module AvfMediaEditor (510)
[2018.07.10-19.58.48:500][758]LogModuleManager: Shutting down and abandoning module AndroidMediaFactory (508)
[2018.07.10-19.58.48:500][758]LogModuleManager: Shutting down and abandoning module AndroidMediaEditor (506)
[2018.07.10-19.58.48:500][758]LogModuleManager: Shutting down and abandoning module CharacterAI (504)
[2018.07.10-19.58.48:500][758]LogModuleManager: Shutting down and abandoning module SmartSnapping (502)
[2018.07.10-19.58.48:500][758]LogModuleManager: Shutting down and abandoning module SessionServices (500)
[2018.07.10-19.58.48:500][758]LogModuleManager: Shutting down and abandoning module ViewportSnapping (498)
[2018.07.10-19.58.48:500][758]LogModuleManager: Shutting down and abandoning module ViewportInteraction (496)
[2018.07.10-19.58.48:500][758]LogModuleManager: Shutting down and abandoning module ClothPainter (494)
[2018.07.10-19.58.48:500][758]LogModuleManager: Shutting down and abandoning module SkeletalMeshEditor (493)
[2018.07.10-19.58.48:500][758]LogModuleManager: Shutting down and abandoning module LogVisualizer (490)
[2018.07.10-19.58.48:500][758]LogModuleManager: Shutting down and abandoning module IntroTutorials (488)
[2018.07.10-19.58.48:500][758]LogModuleManager: Shutting down and abandoning module GameProjectGeneration (487)
[2018.07.10-19.58.48:500][758]LogModuleManager: Shutting down and abandoning module IOSPlatformEditor (484)
[2018.07.10-19.58.48:500][758]LogModuleManager: Shutting down and abandoning module HTML5PlatformEditor (482)
[2018.07.10-19.58.48:500][758]LogModuleManager: Shutting down and abandoning module AndroidPlatformEditor (480)
[2018.07.10-19.58.48:500][758]LogModuleManager: Shutting down and abandoning module AndroidDeviceDetection (479)
[2018.07.10-19.58.48:920][758]LogModuleManager: Shutting down and abandoning module WindowsPlatformEditor (476)
[2018.07.10-19.58.48:920][758]LogModuleManager: Shutting down and abandoning module IOSRuntimeSettings (474)
[2018.07.10-19.58.48:920][758]LogModuleManager: Shutting down and abandoning module AndroidRuntimeSettings (472)
[2018.07.10-19.58.48:920][758]LogModuleManager: Shutting down and abandoning module InputBindingEditor (470)
[2018.07.10-19.58.48:920][758]LogModuleManager: Shutting down and abandoning module MergeActors (468)
[2018.07.10-19.58.48:921][758]LogModuleManager: Shutting down and abandoning module LocalizationDashboard (466)
[2018.07.10-19.58.48:921][758]LogModuleManager: Shutting down and abandoning module LocalizationService (465)
[2018.07.10-19.58.48:921][758]LogModuleManager: Shutting down and abandoning module HardwareTargeting (462)
[2018.07.10-19.58.48:921][758]LogModuleManager: Shutting down and abandoning module DeviceProfileEditor (460)
[2018.07.10-19.58.48:921][758]LogModuleManager: Shutting down and abandoning module UndoHistory (458)
[2018.07.10-19.58.48:921][758]LogModuleManager: Shutting down and abandoning module XmlParser (456)
[2018.07.10-19.58.48:921][758]LogModuleManager: Shutting down and abandoning module Blutility (454)
[2018.07.10-19.58.48:921][758]LogModuleManager: Shutting down and abandoning module ProjectSettingsViewer (452)
[2018.07.10-19.58.48:921][758]LogModuleManager: Shutting down and abandoning module ProjectTargetPlatformEditor (451)
[2018.07.10-19.58.48:922][758]LogModuleManager: Shutting down and abandoning module EditorSettingsViewer (448)
[2018.07.10-19.58.48:922][758]LogModuleManager: Shutting down and abandoning module SettingsEditor (446)
[2018.07.10-19.58.48:922][758]LogModuleManager: Shutting down and abandoning module ProjectLauncher (444)
[2018.07.10-19.58.48:922][758]LogModuleManager: Shutting down and abandoning module SessionFrontend (442)
[2018.07.10-19.58.48:922][758]LogModuleManager: Shutting down and abandoning module ProfilerClient (440)
[2018.07.10-19.58.48:922][758]LogModuleManager: Shutting down and abandoning module DeviceManager (438)
[2018.07.10-19.58.48:922][758]LogModuleManager: Shutting down and abandoning module TargetDeviceServices (437)
[2018.07.10-19.58.48:985][758]LogModuleManager: Shutting down and abandoning module AutomationController (434)
[2018.07.10-19.58.48:985][758]LogModuleManager: Shutting down and abandoning module AutomationWindow (432)
[2018.07.10-19.58.48:985][758]LogModuleManager: Shutting down and abandoning module Layers (430)
[2018.07.10-19.58.48:985][758]LogModuleManager: Shutting down and abandoning module ComponentVisualizers (428)
[2018.07.10-19.58.48:985][758]LogModuleManager: Shutting down and abandoning module DetailCustomizations (426)
[2018.07.10-19.58.48:985][758]LogModuleManager: Shutting down and abandoning module PackagesDialog (424)
[2018.07.10-19.58.48:985][758]LogModuleManager: Shutting down and abandoning module Persona (422)
[2018.07.10-19.58.48:985][758]LogModuleManager: Shutting down and abandoning module AdvancedPreviewScene (421)
[2018.07.10-19.58.48:985][758]LogModuleManager: Shutting down and abandoning module AnimGraph (419)
[2018.07.10-19.58.48:986][758]LogModuleManager: Shutting down and abandoning module Kismet (416)
[2018.07.10-19.58.48:992][758]LogModuleManager: Shutting down and abandoning module GraphEditor (414)
[2018.07.10-19.58.48:992][758]LogModuleManager: Shutting down and abandoning module ClassViewer (412)
[2018.07.10-19.58.48:992][758]LogModuleManager: Shutting down and abandoning module Toolbox (410)
[2018.07.10-19.58.48:993][758]LogModuleManager: Shutting down and abandoning module ModuleUI (408)
[2018.07.10-19.58.48:993][758]LogModuleManager: Shutting down and abandoning module MovieSceneTools (406)
[2018.07.10-19.58.48:993][758]LogModuleManager: Shutting down and abandoning module OutputLog (404)
[2018.07.10-19.58.48:993][758]LogModuleManager: Shutting down and abandoning module GammaUI (402)
[2018.07.10-19.58.48:993][758]LogModuleManager: Shutting down and abandoning module Documentation (400)
[2018.07.10-19.58.48:993][758]LogModuleManager: Shutting down and abandoning module MovieSceneTracks (398)
[2018.07.10-19.58.48:993][758]LogModuleManager: Shutting down and abandoning module MovieScene (396)
[2018.07.10-19.58.48:993][758]LogModuleManager: Shutting down and abandoning module StreamingPauseRendering (394)
[2018.07.10-19.58.48:993][758]LogModuleManager: Shutting down and abandoning module LauncherPlatform (392)
[2018.07.10-19.58.48:993][758]LogModuleManager: Shutting down and abandoning module AnalyticsET (390)
[2018.07.10-19.58.48:993][758]LogModuleManager: Shutting down and abandoning module PortalServices (388)
[2018.07.10-19.58.48:993][758]LogModuleManager: Shutting down and abandoning module PortalRpc (386)
[2018.07.10-19.58.48:993][758]LogModuleManager: Shutting down and abandoning module MessagingRpc (384)
[2018.07.10-19.58.48:993][758]LogModuleManager: Shutting down and abandoning module AIModule (382)
[2018.07.10-19.58.48:993][758]LogModuleManager: Shutting down and abandoning module GameplayDebugger (381)
[2018.07.10-19.58.48:993][758]LogModuleManager: Shutting down and abandoning module AITestSuite (379)
[2018.07.10-19.58.48:993][758]LogModuleManager: Shutting down and abandoning module DesktopPlatform (376)
[2018.07.10-19.58.48:993][758]LogModuleManager: Shutting down and abandoning module ProfilerService (374)
[2018.07.10-19.58.49:213][758]LogModuleManager: Shutting down and abandoning module TaskGraph (372)
[2018.07.10-19.58.49:213][758]LogModuleManager: Shutting down and abandoning module SteamVRController (370)
[2018.07.10-19.58.49:213][758]LogModuleManager: Shutting down and abandoning module ProceduralMeshComponentEditor (368)
[2018.07.10-19.58.49:213][758]LogModuleManager: Shutting down and abandoning module ProceduralMeshComponent (366)
[2018.07.10-19.58.49:213][758]LogModuleManager: Shutting down and abandoning module OculusInput (364)
[2018.07.10-19.58.49:213][758]LogModuleManager: Shutting down and abandoning module MobilePatchingUtils (362)
[2018.07.10-19.58.49:213][758]LogModuleManager: Shutting down and abandoning module CustomMeshComponent (360)
[2018.07.10-19.58.49:214][758]LogModuleManager: Shutting down and abandoning module CableComponent (358)
[2018.07.10-19.58.49:214][758]LogModuleManager: Shutting down and abandoning module AudioCapture (356)
[2018.07.10-19.58.49:214][758]LogModuleManager: Shutting down and abandoning module ArchVisCharacter (354)
[2018.07.10-19.58.49:214][758]LogModuleManager: Shutting down and abandoning module AndroidPermission (352)
[2018.07.10-19.58.49:214][758]LogModuleManager: Shutting down and abandoning module NUTUnrealEngine4 (348)
[2018.07.10-19.58.49:214][758]LogModuleManager: Shutting down and abandoning module NetcodeUnitTest (346)
[2018.07.10-19.58.49:214][758]LogModuleManager: Shutting down and abandoning module MediaCompositingEditor (344)
[2018.07.10-19.58.49:214][758]LogModuleManager: Shutting down and abandoning module MediaCompositing (342)
[2018.07.10-19.58.49:215][758]LogModuleManager: Shutting down and abandoning module LinearTimecode (340)
[2018.07.10-19.58.49:215][758]LogModuleManager: Shutting down and abandoning module ImgMedia (338)
[2018.07.10-19.58.49:228][758]LogModuleManager: Shutting down and abandoning module HTML5Networking (336)
[2018.07.10-19.58.49:228][758]LogModuleManager: Shutting down and abandoning module AlembicImporter (334)
[2018.07.10-19.58.49:228][758]LogModuleManager: Shutting down and abandoning module AlembicLibrary (333)
[2018.07.10-19.58.49:228][758]LogModuleManager: Shutting down and abandoning module GeometryCache (332)
[2018.07.10-19.58.49:228][758]LogModuleManager: Shutting down and abandoning module GeometryCacheEd (331)
[2018.07.10-19.58.49:228][758]LogModuleManager: Shutting down and abandoning module DatasmithContent (326)
[2018.07.10-19.58.49:228][758]LogModuleManager: Shutting down and abandoning module SpeedTreeImporter (324)
[2018.07.10-19.58.49:228][758]LogModuleManager: Shutting down and abandoning module PluginBrowser (322)
[2018.07.10-19.58.49:229][758]LogModuleManager: Shutting down and abandoning module MobileLauncherProfileWizard (320)
[2018.07.10-19.58.49:229][758]LogModuleManager: Shutting down and abandoning module CryptoKeysOpenSSL (318)
[2018.07.10-19.58.49:229][758]LogModuleManager: Shutting down and abandoning module CryptoKeys (316)
[2018.07.10-19.58.49:229][758]LogModuleManager: Shutting down and abandoning module VisualStudioSourceCodeAccess (314)
[2018.07.10-19.58.49:229][758]LogModuleManager: Shutting down and abandoning module VisualStudioCodeSourceCodeAccess (312)
[2018.07.10-19.58.49:229][758]LogModuleManager: Shutting down and abandoning module UObjectPlugin (310)
[2018.07.10-19.58.49:230][758]LogModuleManager: Shutting down and abandoning module SubversionSourceControl (308)
[2018.07.10-19.58.49:230][758]LogModuleManager: Shutting down and abandoning module PerforceSourceControl (306)
[2018.07.10-19.58.49:230][758]LogModuleManager: Shutting down and abandoning module GitSourceControl (304)
[2018.07.10-19.58.49:230][758]LogModuleManager: Shutting down and abandoning module SourceControl (303)
[2018.07.10-19.58.49:230][758]LogModuleManager: Shutting down and abandoning module CLionSourceCodeAccess (300)
[2018.07.10-19.58.49:230][758]LogModuleManager: Shutting down and abandoning module LightPropagationVolumeEditor (298)
[2018.07.10-19.58.49:230][758]LogModuleManager: Shutting down and abandoning module PaperTiledImporter (296)
[2018.07.10-19.58.49:230][758]LogModuleManager: Shutting down and abandoning module PaperSpriteSheetImporter (294)
[2018.07.10-19.58.49:230][758]LogModuleManager: Shutting down and abandoning module Paper2DEditor (292)
[2018.07.10-19.58.49:231][758]LogModuleManager: Shutting down and abandoning module MeshPaint (291)
[2018.07.10-19.58.49:231][758]LogModuleManager: Shutting down and abandoning module RuntimePhysXCooking (288)
[2018.07.10-19.58.49:231][758]LogModuleManager: Shutting down and abandoning module PhysXVehiclesEditor (286)
[2018.07.10-19.58.49:231][758]LogModuleManager: Shutting down and abandoning module PhysXVehicles (284)
[2018.07.10-19.58.49:231][758]LogModuleManager: Shutting down and abandoning module OculusEditor (282)
[2018.07.10-19.58.49:231][758]LogModuleManager: Shutting down and abandoning module LocationServicesBPLibrary (280)
[2018.07.10-19.58.49:231][758]LogModuleManager: Shutting down and abandoning module ImmediatePhysicsEditor (278)
[2018.07.10-19.58.49:231][758]LogModuleManager: Shutting down and abandoning module ImmediatePhysics (276)
[2018.07.10-19.58.49:232][758]LogModuleManager: Shutting down and abandoning module ActorSequence (274)
[2018.07.10-19.58.49:232][758]LogModuleManager: Shutting down and abandoning module UdpMessaging (272)
[2018.07.10-19.58.49:333][758]LogModuleManager: Shutting down and abandoning module TcpMessaging (270)
[2018.07.10-19.58.49:433][758]LogModuleManager: Shutting down and abandoning module GameplayTagsEditor (268)
[2018.07.10-19.58.49:433][758]LogModuleManager: Shutting down and abandoning module FacialAnimationEditor (266)
[2018.07.10-19.58.49:433][758]LogModuleManager: Shutting down and abandoning module FacialAnimation (264)
[2018.07.10-19.58.49:433][758]LogModuleManager: Shutting down and abandoning module DataValidation (262)
[2018.07.10-19.58.49:433][758]LogModuleManager: Shutting down and abandoning module AssetManagerEditor (260)
[2018.07.10-19.58.49:433][758]LogModuleManager: Shutting down and abandoning module LevelEditor (259)
[2018.07.10-19.58.49:434][758]LogModuleManager: Shutting down and abandoning module PixelInspectorModule (258)
[2018.07.10-19.58.49:435][758]LogModuleManager: Shutting down and abandoning module CommonMenuExtensions (256)
[2018.07.10-19.58.49:435][758]LogModuleManager: Shutting down and abandoning module MainFrame (254)
[2018.07.10-19.58.49:435][758]LogModuleManager: Shutting down and abandoning module HotReload (253)
[2018.07.10-19.58.49:436][758]LogModuleManager: Shutting down and abandoning module ContentBrowser (249)
[2018.07.10-19.58.49:437][758]LogModuleManager: Shutting down and abandoning module TreeMap (247)
[2018.07.10-19.58.49:437][758]LogModuleManager: Shutting down and abandoning module LightPropagationVolumeRuntime (244)
[2018.07.10-19.58.49:437][758]LogModuleManager: Shutting down and abandoning module LiveLinkEditor (242)
[2018.07.10-19.58.49:437][758]LogModuleManager: Shutting down and abandoning module LiveLink (240)
[2018.07.10-19.58.49:869][758]LogModuleManager: Shutting down and abandoning module Paper2D (238)
[2018.07.10-19.58.49:870][758]LogModuleManager: Shutting down and abandoning module WindowsMoviePlayer (236)
[2018.07.10-19.58.49:870][758]LogModuleManager: Shutting down and abandoning module WmfMedia (234)
[2018.07.10-19.58.49:873][758]LogModuleManager: Shutting down and abandoning module Media (233)
[2018.07.10-19.58.49:880][758]LogModuleManager: Shutting down and abandoning module PacketHandler (230)
[2018.07.10-19.58.49:881][758]LogModuleManager: Shutting down and abandoning module ClothingSystemEditor (228)
[2018.07.10-19.58.49:881][758]LogModuleManager: Shutting down and abandoning module ClothingSystemRuntime (226)
[2018.07.10-19.58.49:881][758]LogModuleManager: Shutting down and abandoning module MediaAssets (224)
[2018.07.10-19.58.49:881][758]LogModuleManager: Shutting down and abandoning module Overlay (222)
[2018.07.10-19.58.49:881][758]LogModuleManager: Shutting down and abandoning module OverlayEditor (221)
[2018.07.10-19.58.49:881][758]LogModuleManager: Shutting down and abandoning module VREditor (218)
[2018.07.10-19.58.49:881][758]LogModuleManager: Shutting down and abandoning module StringTableEditor (216)
[2018.07.10-19.58.49:881][758]LogModuleManager: Shutting down and abandoning module GameplayTasksEditor (214)
[2018.07.10-19.58.49:881][758]LogModuleManager: Shutting down and abandoning module BehaviorTreeEditor (212)
[2018.07.10-19.58.49:881][758]LogModuleManager: Shutting down and abandoning module FunctionalTesting (210)
[2018.07.10-19.58.49:881][758]LogModuleManager: Shutting down and abandoning module CollisionAnalyzer (208)
[2018.07.10-19.58.49:882][758]LogModuleManager: Shutting down and abandoning module WorkspaceMenuStructure (207)
[2018.07.10-19.58.49:882][758]LogModuleManager: Shutting down and abandoning module UMG (204)
[2018.07.10-19.58.49:882][758]LogModuleManager: Shutting down and abandoning module UMGEditor (203)
[2018.07.10-19.58.49:882][758]LogModuleManager: Shutting down and abandoning module Sequencer (202)
[2018.07.10-19.58.49:882][758]LogModuleManager: Shutting down and abandoning module MessageLog (199)
[2018.07.10-19.58.49:882][758]LogModuleManager: Shutting down and abandoning module SlateReflector (194)
[2018.07.10-19.58.49:882][758]LogModuleManager: Shutting down and abandoning module Slate (192)
[2018.07.10-19.58.49:882][758]LogModuleManager: Shutting down and abandoning module EditorStyle (190)
[2018.07.10-19.58.49:888][758]LogModuleManager: Shutting down and abandoning module MRMesh (188)
[2018.07.10-19.58.49:888][758]LogModuleManager: Shutting down and abandoning module SourceCodeAccess (186)
[2018.07.10-19.58.49:888][758]LogModuleManager: Shutting down and abandoning module HeadMountedDisplay (184)
[2018.07.10-19.58.49:888][758]LogModuleManager: Shutting down and abandoning module XAudio2 (182)
[2018.07.10-19.58.49:888][758]LogModuleManager: Shutting down and abandoning module Networking (180)
[2018.07.10-19.58.49:888][758]LogModuleManager: Shutting down and abandoning module Core (178)
[2018.07.10-19.58.49:888][758]LogModuleManager: Shutting down and abandoning module LevelSequence (176)
[2018.07.10-19.58.49:888][758]LogModuleManager: Shutting down and abandoning module KismetCompiler (174)
[2018.07.10-19.58.49:888][758]LogModuleManager: Shutting down and abandoning module MeshUtilities (172)
[2018.07.10-19.58.49:889][758]LogModuleManager: Shutting down and abandoning module MeshMergeUtilities (171)
[2018.07.10-19.58.49:889][758]LogModuleManager: Shutting down and abandoning module MeshReductionInterface (170)
[2018.07.10-19.58.49:889][758]LogModuleManager: Shutting down and abandoning module SimplygonSwarm (169)
[2018.07.10-19.58.49:889][758]LogModuleManager: Shutting down and abandoning module SimplygonMeshReduction (167)
[2018.07.10-19.58.49:889][758]LogModuleManager: Shutting down and abandoning module QuadricMeshReduction (165)
[2018.07.10-19.58.49:889][758]LogModuleManager: Shutting down and abandoning module MaterialBaking (161)
[2018.07.10-19.58.49:889][758]LogModuleManager: Shutting down and abandoning module DirectoryWatcher (157)
[2018.07.10-19.58.49:894][758]LogModuleManager: Shutting down and abandoning module DerivedDataCache (154)
[2018.07.10-19.58.49:902][758]LogDerivedDataCache: Shutdown
[2018.07.10-19.58.49:902][758]LogModuleManager: Shutting down and abandoning module XGEController (152)
[2018.07.10-19.58.49:903][758]LogModuleManager: Shutting down and abandoning module TargetPlatform (150)
[2018.07.10-19.58.49:903][758]LogModuleManager: Shutting down and abandoning module VulkanShaderFormat (149)
[2018.07.10-19.58.49:903][758]LogModuleManager: Shutting down and abandoning module ShaderFormatVectorVM (147)
[2018.07.10-19.58.49:903][758]LogModuleManager: Shutting down and abandoning module ShaderFormatOpenGL (145)
[2018.07.10-19.58.49:903][758]LogModuleManager: Shutting down and abandoning module ShaderFormatD3D (143)
[2018.07.10-19.58.49:903][758]LogModuleManager: Shutting down and abandoning module MetalShaderFormat (141)
[2018.07.10-19.58.49:903][758]LogModuleManager: Shutting down and abandoning module TextureFormatUncompressed (139)
[2018.07.10-19.58.49:903][758]LogModuleManager: Shutting down and abandoning module TextureFormatPVR (137)
[2018.07.10-19.58.49:903][758]LogModuleManager: Shutting down and abandoning module TextureFormatDXT (135)
[2018.07.10-19.58.49:903][758]LogModuleManager: Shutting down and abandoning module TextureFormatIntelISPCTexComp (133)
[2018.07.10-19.58.49:903][758]LogModuleManager: Shutting down and abandoning module TextureFormatASTC (131)
[2018.07.10-19.58.49:903][758]LogModuleManager: Shutting down and abandoning module ImageWrapper (130)
[2018.07.10-19.58.49:904][758]LogModuleManager: Shutting down and abandoning module TextureFormatAndroid (127)
[2018.07.10-19.58.49:904][758]LogModuleManager: Shutting down and abandoning module AudioFormatOpus (125)
[2018.07.10-19.58.49:904][758]LogModuleManager: Shutting down and abandoning module AudioFormatOgg (123)
[2018.07.10-19.58.49:904][758]LogModuleManager: Shutting down and abandoning module AudioFormatADPCM (121)
[2018.07.10-19.58.49:904][758]LogModuleManager: Shutting down and abandoning module LinuxTargetPlatform (119)
[2018.07.10-19.58.49:904][758]LogModuleManager: Shutting down and abandoning module LinuxServerTargetPlatform (117)
[2018.07.10-19.58.49:904][758]LogModuleManager: Shutting down and abandoning module LinuxNoEditorTargetPlatform (115)
[2018.07.10-19.58.49:904][758]LogModuleManager: Shutting down and abandoning module LinuxClientTargetPlatform (113)
[2018.07.10-19.58.49:904][758]LogModuleManager: Shutting down and abandoning module TVOSTargetPlatform (111)
[2018.07.10-19.58.49:904][758]LogModuleManager: Shutting down and abandoning module Messaging (109)
[2018.07.10-19.58.49:904][758]LogModuleManager: Shutting down and abandoning module IOSTargetPlatform (107)
[2018.07.10-19.58.49:904][758]LogModuleManager: Shutting down and abandoning module HTML5TargetPlatform (105)
[2018.07.10-19.58.49:904][758]LogModuleManager: Shutting down and abandoning module AndroidTargetPlatform (103)
[2018.07.10-19.58.49:905][758]LogModuleManager: Shutting down and abandoning module Android_PVRTCTargetPlatform (101)
[2018.07.10-19.58.49:905][758]LogModuleManager: Shutting down and abandoning module Android_MultiTargetPlatform (99)
[2018.07.10-19.58.49:905][758]LogModuleManager: Shutting down and abandoning module Android_ETC2TargetPlatform (97)
[2018.07.10-19.58.49:905][758]LogModuleManager: Shutting down and abandoning module Android_ETC1TargetPlatform (95)
[2018.07.10-19.58.49:905][758]LogModuleManager: Shutting down and abandoning module Android_ETC1aTargetPlatform (93)
[2018.07.10-19.58.49:905][758]LogModuleManager: Shutting down and abandoning module Android_DXTTargetPlatform (91)
[2018.07.10-19.58.49:905][758]LogModuleManager: Shutting down and abandoning module Android_ATCTargetPlatform (89)
[2018.07.10-19.58.49:905][758]LogModuleManager: Shutting down and abandoning module Android_ASTCTargetPlatform (87)
[2018.07.10-19.58.49:905][758]LogModuleManager: Shutting down and abandoning module WindowsTargetPlatform (85)
[2018.07.10-19.58.49:905][758]LogModuleManager: Shutting down and abandoning module WindowsServerTargetPlatform (83)
[2018.07.10-19.58.49:905][758]LogModuleManager: Shutting down and abandoning module WindowsNoEditorTargetPlatform (81)
[2018.07.10-19.58.49:905][758]LogModuleManager: Shutting down and abandoning module WindowsClientTargetPlatform (79)
[2018.07.10-19.58.49:905][758]LogModuleManager: Shutting down and abandoning module MacTargetPlatform (77)
[2018.07.10-19.58.49:906][758]LogModuleManager: Shutting down and abandoning module MacServerTargetPlatform (75)
[2018.07.10-19.58.49:906][758]LogModuleManager: Shutting down and abandoning module MacNoEditorTargetPlatform (73)
[2018.07.10-19.58.49:906][758]LogModuleManager: Shutting down and abandoning module MacClientTargetPlatform (71)
[2018.07.10-19.58.49:906][758]LogModuleManager: Shutting down and abandoning module AllDesktopTargetPlatform (69)
[2018.07.10-19.58.49:906][758]LogModuleManager: Shutting down and abandoning module InputCore (66)
[2018.07.10-19.58.49:906][758]LogModuleManager: Shutting down and abandoning module Settings (64)
[2018.07.10-19.58.49:906][758]LogModuleManager: Shutting down and abandoning module PhysXCooking (62)
[2018.07.10-19.58.49:906][758]LogModuleManager: Shutting down and abandoning module SteamVR (60)
[2018.07.10-19.58.49:906][758]LogModuleManager: Shutting down and abandoning module OculusHMD (58)
[2018.07.10-19.58.49:906][758]LogModuleManager: Shutting down and abandoning module ExampleDeviceProfileSelector (56)
[2018.07.10-19.58.49:907][758]LogModuleManager: Shutting down and abandoning module AppleARKit (54)
[2018.07.10-19.58.49:907][758]LogModuleManager: Shutting down and abandoning module AugmentedReality (51)
[2018.07.10-19.58.49:907][758]LogModuleManager: Shutting down and abandoning module OnlineBlueprintSupport (48)
[2018.07.10-19.58.49:907][758]LogModuleManager: Shutting down and abandoning module OnlineSubsystem (44)
[2018.07.10-19.58.49:907][758]LogModuleManager: Shutting down and abandoning module XMPP (43)
[2018.07.10-19.58.49:907][758]LogModuleManager: Shutting down and abandoning module HTTP (41)
[2018.07.10-19.58.49:907][758]LogHttp: Display: Http module shutting down, but needs to wait on 1 outstanding Http requests:
[2018.07.10-19.58.49:907][758]LogHttp: Display: 	verb=[POST] url=[https://datarouter.ol.epicgames.com/datarouter/api/v1/public/data?SessionID=%7B6337F67A-4CC0-51BE-404D-79815098CAA4%7D&AppID=UEEditor.Rocket.Release&AppVersion=4.19.1-3989454%2B%2B%2BUE4%2BRelease-4.19&UserID=2b8560fe495d6d5110e231ad8bbbd15d%7Cc1b319f5d7024b47b9a4bcbc8ebea8f2%7C1d3f1c36-a3f6-4dac-b938-2a082149bab2&AppEnvironment=datacollector-binary&UploadType=eteventstream] status=Processing
[2018.07.10-19.58.49:931][758]LogModuleManager: Shutting down and abandoning module SSL (40)
[2018.07.10-19.58.49:934][758]LogModuleManager: Shutting down and abandoning module AnimationModifiers (36)
[2018.07.10-19.58.49:934][758]LogModuleManager: Shutting down and abandoning module PropertyEditor (35)
[2018.07.10-19.58.49:934][758]LogModuleManager: Shutting down and abandoning module AudioEditor (32)
[2018.07.10-19.58.49:934][758]LogModuleManager: Shutting down and abandoning module TextureCompressor (30)
[2018.07.10-19.58.49:935][758]LogModuleManager: Shutting down and abandoning module ShaderCore (28)
[2018.07.10-19.58.49:935][758]LogModuleManager: Shutting down and abandoning module Landscape (26)
[2018.07.10-19.58.49:935][758]LogModuleManager: Shutting down and abandoning module SlateRHIRenderer (24)
[2018.07.10-19.58.49:937][758]LogModuleManager: Shutting down and abandoning module OpenGLDrv (22)
[2018.07.10-19.58.49:938][758]LogModuleManager: Shutting down and abandoning module D3D11RHI (20)
[2018.07.10-19.58.49:938][758]LogModuleManager: Shutting down and abandoning module AnimGraphRuntime (18)
[2018.07.10-19.58.49:938][758]LogModuleManager: Shutting down and abandoning module Renderer (16)
[2018.07.10-19.58.49:938][758]LogModuleManager: Shutting down and abandoning module Engine (14)
[2018.07.10-19.58.49:938][758]LogModuleManager: Shutting down and abandoning module CoreUObject (12)
[2018.07.10-19.58.49:938][758]LogModuleManager: Shutting down and abandoning module NetworkFile (10)
[2018.07.10-19.58.49:938][758]LogModuleManager: Shutting down and abandoning module CookedIterativeFile (8)
[2018.07.10-19.58.49:938][758]LogModuleManager: Shutting down and abandoning module StreamingFile (6)
[2018.07.10-19.58.49:938][758]LogModuleManager: Shutting down and abandoning module SandboxFile (4)
[2018.07.10-19.58.49:938][758]LogModuleManager: Shutting down and abandoning module PakFile (2)
[2018.07.10-19.58.49:959][758]LogExit: Exiting.
[2018.07.10-19.58.49:992][758]Log file closed, 07/10/18 12:58:49
