Log file open, 07/12/18 09:29:38
LogWindows: Failed to load 'aqProf.dll' (GetLastError=126)
LogWindows: File 'aqProf.dll' does not exist
LogWindows: Failed to load 'VtuneApi.dll' (GetLastError=126)
LogWindows: File 'VtuneApi.dll' does not exist
LogWindows: Failed to load 'VtuneApi32e.dll' (GetLastError=126)
LogWindows: File 'VtuneApi32e.dll' does not exist
LogInit: Display: Running engine for game: IDtechGame
LogPlatformFile: Not using cached read wrapper
LogInit: Display: RandInit(793847074) SRandInit(793847074).
LogInit: Read version file with build ID '3944462'
LogInit: Overriding engine version to CL 3989454, compatible CL 3944462
LogInit: Registered custom module enumerator with build ID '3944462'
LogTaskGraph: Started task graph with 5 named threads and 23 total threads with 3 sets of task threads.
LogStats: Stats thread started at 0.280707
LogD3D11RHI: Aftermath initialized
LogICUInternationalization: Display: ICU TimeZone Detection - Raw Offset: -7:00, Platform Override: ''
LogModuleManager: Display: Found up-to-date module file ../../../Engine/Plugins/2D/Paper2D/Binaries/Win64/UE4Editor-Paper2D.dll (API version 3944462).
LogModuleManager: Display: Found up-to-date module file ../../../Engine/Plugins/2D/Paper2D/Binaries/Win64/UE4Editor-Paper2DEditor.dll (API version 3944462).
LogModuleManager: Display: Found up-to-date module file ../../../Engine/Plugins/2D/Paper2D/Binaries/Win64/UE4Editor-PaperSpriteSheetImporter.dll (API version 3944462).
LogModuleManager: Display: Found up-to-date module file ../../../Engine/Plugins/2D/Paper2D/Binaries/Win64/UE4Editor-PaperTiledImporter.dll (API version 3944462).
LogModuleManager: Display: Found up-to-date module file ../../../Engine/Plugins/2D/Paper2D/Binaries/Win64/UE4Editor-SmartSnapping.dll (API version 3944462).
LogModuleManager: Display: Found up-to-date module file ../../../Engine/Plugins/Blendables/LightPropagationVolume/Binaries/Win64/UE4Editor-LightPropagationVolumeRuntime.dll (API version 3944462).
LogModuleManager: Display: Found up-to-date module file ../../../Engine/Plugins/Blendables/LightPropagationVolume/Binaries/Win64/UE4Editor-LightPropagationVolumeEditor.dll (API version 3944462).
LogModuleManager: Display: Found up-to-date module file ../../../Engine/Plugins/Developer/CLionSourceCodeAccess/Binaries/Win64/UE4Editor-CLionSourceCodeAccess.dll (API version 3944462).
LogModuleManager: Display: Found up-to-date module file ../../../Engine/Plugins/Developer/GitSourceControl/Binaries/Win64/UE4Editor-GitSourceControl.dll (API version 3944462).
LogModuleManager: Display: Found up-to-date module file ../../../Engine/Plugins/Developer/PerforceSourceControl/Binaries/Win64/UE4Editor-PerforceSourceControl.dll (API version 3944462).
LogModuleManager: Display: Found up-to-date module file ../../../Engine/Plugins/Developer/SubversionSourceControl/Binaries/Win64/UE4Editor-SubversionSourceControl.dll (API version 3944462).
LogModuleManager: Display: Found up-to-date module file ../../../Engine/Plugins/Developer/UObjectPlugin/Binaries/Win64/UE4Editor-UObjectPlugin.dll (API version 3944462).
LogModuleManager: Display: Found up-to-date module file ../../../Engine/Plugins/Developer/VisualStudioCodeSourceCodeAccess/Binaries/Win64/UE4Editor-VisualStudioCodeSourceCodeAccess.dll (API version 3944462).
LogModuleManager: Display: Found up-to-date module file ../../../Engine/Plugins/Developer/VisualStudioSourceCodeAccess/Binaries/Win64/UE4Editor-VisualStudioSourceCodeAccess.dll (API version 3944462).
LogModuleManager: Display: Found up-to-date module file ../../../Engine/Plugins/Editor/AssetManagerEditor/Binaries/Win64/UE4Editor-AssetManagerEditor.dll (API version 3944462).
LogModuleManager: Display: Found up-to-date module file ../../../Engine/Plugins/Editor/CryptoKeys/Binaries/Win64/UE4Editor-CryptoKeys.dll (API version 3944462).
LogModuleManager: Display: Found up-to-date module file ../../../Engine/Plugins/Editor/CryptoKeys/Binaries/Win64/UE4Editor-CryptoKeysOpenSSL.dll (API version 3944462).
LogModuleManager: Display: Found up-to-date module file ../../../Engine/Plugins/Editor/DataValidation/Binaries/Win64/UE4Editor-DataValidation.dll (API version 3944462).
LogModuleManager: Display: Found up-to-date module file ../../../Engine/Plugins/Editor/FacialAnimation/Binaries/Win64/UE4Editor-FacialAnimation.dll (API version 3944462).
LogModuleManager: Display: Found up-to-date module file ../../../Engine/Plugins/Editor/FacialAnimation/Binaries/Win64/UE4Editor-FacialAnimationEditor.dll (API version 3944462).
LogModuleManager: Display: Found up-to-date module file ../../../Engine/Plugins/Editor/GameplayTagsEditor/Binaries/Win64/UE4Editor-GameplayTagsEditor.dll (API version 3944462).
LogModuleManager: Display: Found up-to-date module file ../../../Engine/Plugins/Editor/MobileLauncherProfileWizard/Binaries/Win64/UE4Editor-MobileLauncherProfileWizard.dll (API version 3944462).
LogModuleManager: Display: Found up-to-date module file ../../../Engine/Plugins/Editor/PluginBrowser/Binaries/Win64/UE4Editor-PluginBrowser.dll (API version 3944462).
LogModuleManager: Display: Found up-to-date module file ../../../Engine/Plugins/Editor/SpeedTreeImporter/Binaries/Win64/UE4Editor-SpeedTreeImporter.dll (API version 3944462).
LogModuleManager: Display: Found up-to-date module file ../../../Engine/Plugins/Enterprise/DatasmithContent/Binaries/Win64/UE4Editor-DatasmithContent.dll (API version 3944462).
LogModuleManager: Display: Found up-to-date module file ../../../Engine/Plugins/Experimental/AlembicImporter/Binaries/Win64/UE4Editor-AlembicImporter.dll (API version 3944462).
LogModuleManager: Display: Found up-to-date module file ../../../Engine/Plugins/Experimental/AlembicImporter/Binaries/Win64/UE4Editor-AlembicLibrary.dll (API version 3944462).
LogModuleManager: Display: Found up-to-date module file ../../../Engine/Plugins/Experimental/CharacterAI/Binaries/Win64/UE4Editor-CharacterAI.dll (API version 3944462).
LogModuleManager: Display: Found up-to-date module file ../../../Engine/Plugins/Experimental/HTML5Networking/Binaries/Win64/UE4Editor-HTML5Networking.dll (API version 3944462).
LogModuleManager: Display: Found up-to-date module file ../../../Engine/Plugins/Media/AndroidMedia/Binaries/Win64/UE4Editor-AndroidMediaEditor.dll (API version 3944462).
LogModuleManager: Display: Found up-to-date module file ../../../Engine/Plugins/Media/AndroidMedia/Binaries/Win64/UE4Editor-AndroidMediaFactory.dll (API version 3944462).
LogModuleManager: Display: Found up-to-date module file ../../../Engine/Plugins/Media/AvfMedia/Binaries/Win64/UE4Editor-AvfMediaEditor.dll (API version 3944462).
LogModuleManager: Display: Found up-to-date module file ../../../Engine/Plugins/Media/AvfMedia/Binaries/Win64/UE4Editor-AvfMediaFactory.dll (API version 3944462).
LogModuleManager: Display: Found up-to-date module file ../../../Engine/Plugins/Media/AvfMedia/Binaries/Win64/UE4Editor-AvfMediaFactory.dll (API version 3944462).
LogModuleManager: Display: Found up-to-date module file ../../../Engine/Plugins/Media/ImgMedia/Binaries/Win64/UE4Editor-ImgMedia.dll (API version 3944462).
LogModuleManager: Display: Found up-to-date module file ../../../Engine/Plugins/Media/ImgMedia/Binaries/Win64/UE4Editor-ImgMediaEditor.dll (API version 3944462).
LogModuleManager: Display: Found up-to-date module file ../../../Engine/Plugins/Media/ImgMedia/Binaries/Win64/UE4Editor-ImgMediaFactory.dll (API version 3944462).
LogModuleManager: Display: Found up-to-date module file ../../../Engine/Plugins/Media/ImgMedia/Binaries/Win64/UE4Editor-ImgMediaFactory.dll (API version 3944462).
LogModuleManager: Display: Found up-to-date module file ../../../Engine/Plugins/Media/ImgMedia/Binaries/Win64/UE4Editor-OpenExrWrapper.dll (API version 3944462).
LogModuleManager: Display: Found up-to-date module file ../../../Engine/Plugins/Media/LinearTimecode/Binaries/Win64/UE4Editor-LinearTimecode.dll (API version 3944462).
LogModuleManager: Display: Found up-to-date module file ../../../Engine/Plugins/Media/MediaCompositing/Binaries/Win64/UE4Editor-MediaCompositing.dll (API version 3944462).
LogModuleManager: Display: Found up-to-date module file ../../../Engine/Plugins/Media/MediaCompositing/Binaries/Win64/UE4Editor-MediaCompositingEditor.dll (API version 3944462).
LogModuleManager: Display: Found up-to-date module file ../../../Engine/Plugins/Media/MediaPlayerEditor/Binaries/Win64/UE4Editor-MediaPlayerEditor.dll (API version 3944462).
LogModuleManager: Display: Found up-to-date module file ../../../Engine/Plugins/Media/WmfMedia/Binaries/Win64/UE4Editor-WmfMedia.dll (API version 3944462).
LogModuleManager: Display: Found up-to-date module file ../../../Engine/Plugins/Media/WmfMedia/Binaries/Win64/UE4Editor-WmfMediaEditor.dll (API version 3944462).
LogModuleManager: Display: Found up-to-date module file ../../../Engine/Plugins/Media/WmfMedia/Binaries/Win64/UE4Editor-WmfMediaFactory.dll (API version 3944462).
LogModuleManager: Display: Found up-to-date module file ../../../Engine/Plugins/Media/WmfMedia/Binaries/Win64/UE4Editor-WmfMediaFactory.dll (API version 3944462).
LogModuleManager: Display: Found up-to-date module file ../../../Engine/Plugins/Messaging/TcpMessaging/Binaries/Win64/UE4Editor-TcpMessaging.dll (API version 3944462).
LogModuleManager: Display: Found up-to-date module file ../../../Engine/Plugins/Messaging/UdpMessaging/Binaries/Win64/UE4Editor-UdpMessaging.dll (API version 3944462).
LogModuleManager: Display: Found up-to-date module file ../../../Engine/Plugins/MovieScene/ActorSequence/Binaries/Win64/UE4Editor-ActorSequence.dll (API version 3944462).
LogModuleManager: Display: Found up-to-date module file ../../../Engine/Plugins/MovieScene/LevelSequenceEditor/Binaries/Win64/UE4Editor-LevelSequenceEditor.dll (API version 3944462).
LogModuleManager: Display: Found up-to-date module file ../../../Engine/Plugins/MovieScene/MatineeToLevelSequence/Binaries/Win64/UE4Editor-MatineeToLevelSequence.dll (API version 3944462).
LogModuleManager: Display: Found up-to-date module file ../../../Engine/Plugins/NetcodeUnitTest/NetcodeUnitTest/Binaries/Win64/UE4Editor-NetcodeUnitTest.dll (API version 3944462).
LogModuleManager: Display: Found up-to-date module file ../../../Engine/Plugins/NetcodeUnitTest/NUTUnrealEngine4/Binaries/Win64/UE4Editor-NUTUnrealEngine4.dll (API version 3944462).
LogModuleManager: Display: Found up-to-date module file ../../../Engine/Plugins/Online/OnlineSubsystem/Binaries/Win64/UE4Editor-OnlineSubsystem.dll (API version 3944462).
LogModuleManager: Display: Found up-to-date module file ../../../Engine/Plugins/Runtime/AndroidPermission/Binaries/Win64/UE4Editor-AndroidPermission.dll (API version 3944462).
LogModuleManager: Display: Found up-to-date module file ../../../Engine/Plugins/Online/OnlineSubsystemNull/Binaries/Win64/UE4Editor-OnlineSubsystemNull.dll (API version 3944462).
LogModuleManager: Display: Found up-to-date module file ../../../Engine/Plugins/Online/OnlineSubsystemUtils/Binaries/Win64/UE4Editor-OnlineSubsystemUtils.dll (API version 3944462).
LogModuleManager: Display: Found up-to-date module file ../../../Engine/Plugins/Online/OnlineSubsystemUtils/Binaries/Win64/UE4Editor-OnlineBlueprintSupport.dll (API version 3944462).
LogModuleManager: Display: Found up-to-date module file ../../../Engine/Plugins/Runtime/AndroidDeviceProfileSelector/Binaries/Win64/UE4Editor-AndroidDeviceProfileSelector.dll (API version 3944462).
LogModuleManager: Display: Found up-to-date module file ../../../Engine/Plugins/Runtime/AppleARKit/Binaries/Win64/UE4Editor-AppleARKit.dll (API version 3944462).
LogModuleManager: Display: Found up-to-date module file ../../../Engine/Plugins/Runtime/ProceduralMeshComponent/Binaries/Win64/UE4Editor-ProceduralMeshComponent.dll (API version 3944462).
LogModuleManager: Display: Found up-to-date module file ../../../Engine/Plugins/Runtime/ProceduralMeshComponent/Binaries/Win64/UE4Editor-ProceduralMeshComponentEditor.dll (API version 3944462).
LogModuleManager: Display: Found up-to-date module file ../../../Engine/Plugins/Animation/LiveLink/Binaries/Win64/UE4Editor-LiveLink.dll (API version 3944462).
LogModuleManager: Display: Found up-to-date module file ../../../Engine/Plugins/Animation/LiveLink/Binaries/Win64/UE4Editor-LiveLinkEditor.dll (API version 3944462).
LogModuleManager: Display: Found up-to-date module file ../../../Engine/Plugins/Runtime/ArchVisCharacter/Binaries/Win64/UE4Editor-ArchVisCharacter.dll (API version 3944462).
LogModuleManager: Display: Found up-to-date module file ../../../Engine/Plugins/Runtime/AudioCapture/Binaries/Win64/UE4Editor-AudioCapture.dll (API version 3944462).
LogModuleManager: Display: Found up-to-date module file ../../../Engine/Plugins/Runtime/AudioCapture/Binaries/Win64/UE4Editor-AudioCaptureEditor.dll (API version 3944462).
LogModuleManager: Display: Found up-to-date module file ../../../Engine/Plugins/Runtime/CableComponent/Binaries/Win64/UE4Editor-CableComponent.dll (API version 3944462).
LogModuleManager: Display: Found up-to-date module file ../../../Engine/Plugins/Runtime/CustomMeshComponent/Binaries/Win64/UE4Editor-CustomMeshComponent.dll (API version 3944462).
LogModuleManager: Display: Found up-to-date module file ../../../Engine/Plugins/Runtime/ExampleDeviceProfileSelector/Binaries/Win64/UE4Editor-ExampleDeviceProfileSelector.dll (API version 3944462).
LogModuleManager: Display: Found up-to-date module file ../../../Engine/Plugins/Runtime/ImmediatePhysics/Binaries/Win64/UE4Editor-ImmediatePhysics.dll (API version 3944462).
LogModuleManager: Display: Found up-to-date module file ../../../Engine/Plugins/Runtime/ImmediatePhysics/Binaries/Win64/UE4Editor-ImmediatePhysicsEditor.dll (API version 3944462).
LogModuleManager: Display: Found up-to-date module file ../../../Engine/Plugins/Runtime/LocationServicesBPLibrary/Binaries/Win64/UE4Editor-LocationServicesBPLibrary.dll (API version 3944462).
LogModuleManager: Display: Found up-to-date module file ../../../Engine/Plugins/Runtime/MobilePatchingUtils/Binaries/Win64/UE4Editor-MobilePatchingUtils.dll (API version 3944462).
LogModuleManager: Display: Found up-to-date module file ../../../Engine/Plugins/Runtime/Oculus/OculusVR/Binaries/Win64/UE4Editor-OculusHMD.dll (API version 3944462).
LogModuleManager: Display: Found up-to-date module file ../../../Engine/Plugins/Runtime/Oculus/OculusVR/Binaries/Win64/UE4Editor-OculusInput.dll (API version 3944462).
LogModuleManager: Display: Found up-to-date module file ../../../Engine/Plugins/Runtime/Oculus/OculusVR/Binaries/Win64/UE4Editor-OculusEditor.dll (API version 3944462).
LogModuleManager: Display: Found up-to-date module file ../../../Engine/Plugins/Runtime/PhysXVehicles/Binaries/Win64/UE4Editor-PhysXVehicles.dll (API version 3944462).
LogModuleManager: Display: Found up-to-date module file ../../../Engine/Plugins/Runtime/PhysXVehicles/Binaries/Win64/UE4Editor-PhysXVehiclesEditor.dll (API version 3944462).
LogModuleManager: Display: Found up-to-date module file ../../../Engine/Plugins/Runtime/RuntimePhysXCooking/Binaries/Win64/UE4Editor-RuntimePhysXCooking.dll (API version 3944462).
LogModuleManager: Display: Found up-to-date module file ../../../Engine/Plugins/Runtime/Steam/SteamVR/Binaries/Win64/UE4Editor-SteamVR.dll (API version 3944462).
LogModuleManager: Display: Found up-to-date module file ../../../Engine/Plugins/Runtime/Steam/SteamVR/Binaries/Win64/UE4Editor-SteamVRController.dll (API version 3944462).
LogModuleManager: Display: Found up-to-date module file ../../../Engine/Plugins/Runtime/WindowsMoviePlayer/Binaries/Win64/UE4Editor-WindowsMoviePlayer.dll (API version 3944462).
LogPluginManager: Mounting plugin Paper2D
LogPluginManager: Mounting plugin LiveLink
LogPluginManager: Mounting plugin LightPropagationVolume
LogPluginManager: Mounting plugin CLionSourceCodeAccess
LogPluginManager: Mounting plugin CodeLiteSourceCodeAccess
LogPluginManager: Mounting plugin GitSourceControl
LogPluginManager: Mounting plugin KDevelopSourceCodeAccess
LogPluginManager: Mounting plugin NullSourceCodeAccess
LogPluginManager: Mounting plugin PerforceSourceControl
LogPluginManager: Mounting plugin SubversionSourceControl
LogPluginManager: Mounting plugin UObjectPlugin
LogPluginManager: Mounting plugin VisualStudioCodeSourceCodeAccess
LogPluginManager: Mounting plugin VisualStudioSourceCodeAccess
LogPluginManager: Mounting plugin XCodeSourceCodeAccess
LogPluginManager: Mounting plugin AssetManagerEditor
LogPluginManager: Mounting plugin CryptoKeys
LogPluginManager: Mounting plugin DataValidation
LogPluginManager: Mounting plugin FacialAnimation
LogPluginManager: Mounting plugin GameplayTagsEditor
LogPluginManager: Mounting plugin MobileLauncherProfileWizard
LogPluginManager: Mounting plugin PluginBrowser
LogPluginManager: Mounting plugin SpeedTreeImporter
LogPluginManager: Mounting plugin DatasmithContent
LogPluginManager: Mounting plugin AlembicImporter
LogPluginManager: Mounting plugin CharacterAI
LogPluginManager: Mounting plugin HTML5Networking
LogPluginManager: Mounting plugin AndroidMedia
LogPluginManager: Mounting plugin AvfMedia
LogPluginManager: Mounting plugin ImgMedia
LogPluginManager: Mounting plugin LinearTimecode
LogPluginManager: Mounting plugin MediaCompositing
LogPluginManager: Mounting plugin MediaPlayerEditor
LogPluginManager: Mounting plugin WmfMedia
LogPluginManager: Mounting plugin TcpMessaging
LogPluginManager: Mounting plugin UdpMessaging
LogPluginManager: Mounting plugin ActorSequence
LogPluginManager: Mounting plugin LevelSequenceEditor
LogPluginManager: Mounting plugin MatineeToLevelSequence
LogPluginManager: Mounting plugin NetcodeUnitTest
LogPluginManager: Mounting plugin NUTUnrealEngine4
LogPluginManager: Mounting plugin OnlineSubsystemGooglePlay
LogPluginManager: Mounting plugin OnlineSubsystemIOS
LogPluginManager: Mounting plugin OnlineSubsystem
LogPluginManager: Mounting plugin OnlineSubsystemNull
LogPluginManager: Mounting plugin OnlineSubsystemUtils
LogPluginManager: Mounting plugin AndroidDeviceProfileSelector
LogPluginManager: Mounting plugin AndroidMoviePlayer
LogPluginManager: Mounting plugin AndroidPermission
LogPluginManager: Mounting plugin AppleARKit
LogPluginManager: Mounting plugin AppleMoviePlayer
LogPluginManager: Mounting plugin ArchVisCharacter
LogPluginManager: Mounting plugin AudioCapture
LogPluginManager: Mounting plugin CableComponent
LogPluginManager: Mounting plugin CustomMeshComponent
LogPluginManager: Mounting plugin ExampleDeviceProfileSelector
LogPluginManager: Mounting plugin GoogleCloudMessaging
LogPluginManager: Mounting plugin ImmediatePhysics
LogPluginManager: Mounting plugin IOSDeviceProfileSelector
LogPluginManager: Mounting plugin LinuxDeviceProfileSelector
LogPluginManager: Mounting plugin LocationServicesBPLibrary
LogPluginManager: Mounting plugin MobilePatchingUtils
LogPluginManager: Mounting plugin OculusVR
LogPluginManager: Plugin shader directory ../../../Engine/Plugins/Runtime/Oculus/OculusVR/Shaders found
LogPluginManager: Mapping shader source directory ../../../Engine/Plugins/Runtime/Oculus/OculusVR/Shaders to virtual directory /Plugin/OculusVR
LogPluginManager: Mounting plugin PhysXVehicles
LogPluginManager: Mounting plugin ProceduralMeshComponent
LogPluginManager: Mounting plugin RuntimePhysXCooking
LogPluginManager: Mounting plugin SteamVR
LogPluginManager: Mounting plugin WindowsMoviePlayer
LogStreaming: Display: Took  0.973s to configure plugins.
LogInit: Using libcurl 7.47.1
LogInit:  - built for x86_64-pc-win32
LogInit:  - supports SSL with OpenSSL/1.0.2g
LogInit:  - supports HTTP deflate (compression) using libz 1.2.8
LogInit:  - other features:
LogInit:      CURL_VERSION_SSL
LogInit:      CURL_VERSION_LIBZ
LogInit:      CURL_VERSION_IPV6
LogInit:      CURL_VERSION_ASYNCHDNS
LogInit:      CURL_VERSION_LARGEFILE
LogInit:      CURL_VERSION_IDN
LogInit:  CurlRequestOptions (configurable via config and command line):
LogInit:  - bVerifyPeer = false  - Libcurl will NOT verify peer certificate
LogInit:  - bUseHttpProxy = false  - Libcurl will NOT use HTTP proxy
LogInit:  - bDontReuseConnections = false  - Libcurl will reuse connections
LogInit:  - CertBundlePath = nullptr  - Libcurl will use whatever was configured at build time.
LogInit:  - MaxHostConnections = 16  - Libcurl will limit the number of connections to a host
LogInit:  - LocalHostAddr = Default
LogInit: WinSock: version 1.1 (2.2), MaxSocks=32767, MaxUdp=65467
LogInit: WinSock: I am Camp-G0JX142 (10.220.67.218:0)
LogInit: Build: ++UE4+Release-4.19-CL-3989454
LogInit: Engine Version: 4.19.1-3989454+++UE4+Release-4.19
LogInit: Compatible Engine Version: 4.19.0-3944462+++UE4+Release-4.19
LogInit: Net CL: 3944462
LogDevObjectVersion: Number of dev versions registered: 18
LogDevObjectVersion:   Dev-Blueprints (B0D832E4-1F89-4F0D-ACCF-7EB736FD4AA2): 10
LogDevObjectVersion:   Dev-Build (E1C64328-A22C-4D53-A36C-8E866417BD8C): 0
LogDevObjectVersion:   Dev-Core (375EC13C-06E4-48FB-B500-84F0262A717E): 2
LogDevObjectVersion:   Dev-Editor (E4B068ED-F494-42E9-A231-DA0B2E46BB41): 23
LogDevObjectVersion:   Dev-Framework (CFFC743F-43B0-4480-9391-14DF171D2073): 33
LogDevObjectVersion:   Dev-Mobile (B02B49B5-BB20-44E9-A304-32B752E40360): 2
LogDevObjectVersion:   Dev-Networking (A4E4105C-59A1-49B5-A7C5-40C4547EDFEE): 0
LogDevObjectVersion:   Dev-Online (39C831C9-5AE6-47DC-9A44-9C173E1C8E7C): 0
LogDevObjectVersion:   Dev-Physics (78F01B33-EBEA-4F98-B9B4-84EACCB95AA2): 0
LogDevObjectVersion:   Dev-Platform (6631380F-2D4D-43E0-8009-CF276956A95A): 0
LogDevObjectVersion:   Dev-Rendering (12F88B9F-8875-4AFC-A67C-D90C383ABD29): 25
LogDevObjectVersion:   Dev-Sequencer (7B5AE74C-D270-4C10-A958-57980B212A5A): 6
LogDevObjectVersion:   Dev-VR (D7296918-1DD6-4BDD-9DE2-64A83CC13884): 1
LogDevObjectVersion:   Dev-LoadTimes (C2A15278-BFE7-4AFE-6C17-90FF531DF755): 1
LogDevObjectVersion:   Private-Geometry (6EACA3D4-40EC-4CC1-B786-8BED09428FC5): 2
LogDevObjectVersion:   Dev-AnimPhys (29E575DD-E0A3-4627-9D10-D276232CDCEA): 16
LogDevObjectVersion:   Dev-ReflectionCapture (6B266CEC-1EC7-4B8F-A30B-E4D90942FC07): 1
LogDevObjectVersion:   Dev-Automation (0DF73D61-A23F-47EA-B727-89E90C41499A): 1
LogInit: Compiled (64-bit): Apr  6 2018 12:26:04
LogInit: Compiled with Visual C++: 19.00.24215.01
LogInit: Build Configuration: Development
LogInit: Branch Name: ++UE4+Release-4.19
LogInit: Command Line: -EpicPortal 
LogInit: Base Directory: C:/Program Files/Epic Games/UE_4.19/Engine/Binaries/Win64/
LogInit: Installed Engine Build: 1
LogStreaming: Display: Took  0.001s to delete old logs.
LogInit: Presizing for max 8388607 objects, including 0 objects not considered by GC, pre-allocating 0 bytes for permanent pool.
LogInit: Object subsystem initialized
[2018.07.12-16.29.40:235][  0]LogInit: Selected Device Profile: [Windows]
[2018.07.12-16.29.40:235][  0]LogInit: Applying CVar settings loaded from the selected device profile: [Windows]
[2018.07.12-16.29.40:258][  0]LogInit: Computer: CAMP-G0JX142
[2018.07.12-16.29.40:258][  0]LogInit: User: iDStudent
[2018.07.12-16.29.40:258][  0]LogInit: CPU Page size=4096, Cores=4
[2018.07.12-16.29.40:258][  0]LogInit: High frequency timer resolution =2.742188 MHz
[2018.07.12-16.29.40:259][  0]LogMemory: Memory total: Physical=15.9GB (16GB approx)
[2018.07.12-16.29.40:259][  0]LogMemory: Platform Memory Stats for Windows
[2018.07.12-16.29.40:259][  0]LogMemory: Process Physical Memory: 277.15 MB used, 277.15 MB peak
[2018.07.12-16.29.40:259][  0]LogMemory: Process Virtual Memory: 264.93 MB used, 264.93 MB peak
[2018.07.12-16.29.40:259][  0]LogMemory: Physical Memory: 4872.24 MB used,  11377.93 MB free, 16250.17 MB total
[2018.07.12-16.29.40:259][  0]LogMemory: Virtual Memory: 694.04 MB used,  11377.93 MB free, 134217728.00 MB total
[2018.07.12-16.29.40:280][  0]LogInit: Using OS detected language (en-US).
[2018.07.12-16.29.40:280][  0]LogInit: Using OS detected locale (en-US).
[2018.07.12-16.29.40:283][  0]LogTextLocalizationManager: No specific localization for 'en-US' exists, so the 'en' localization will be used.
[2018.07.12-16.29.40:794][  0]LogStreaming: Display: Took  0.514s to EndInitTextLocalization.
[2018.07.12-16.29.40:794][  0]LogInit: Setting process to per monitor DPI aware
[2018.07.12-16.29.40:829][  0]LogSlate: New Slate User Created.  User Index 0, Is Virtual User: 0
[2018.07.12-16.29.40:829][  0]LogSlate: Slate User Registered.  User Index 0, Is Virtual User: 0
[2018.07.12-16.29.41:050][  0]LogD3D11RHI: D3D11 adapters:
[2018.07.12-16.29.41:106][  0]LogD3D11RHI:    0. 'NVIDIA GeForce GTX 1050 Ti' (Feature Level 11_0)
[2018.07.12-16.29.41:106][  0]LogD3D11RHI:       4018/0/8125 MB DedicatedVideo/DedicatedSystem/SharedSystem, Outputs:1, VendorId:0x10de
[2018.07.12-16.29.41:117][  0]LogD3D11RHI:    1. 'Intel(R) HD Graphics 630' (Feature Level 11_0)
[2018.07.12-16.29.41:117][  0]LogD3D11RHI:       128/0/8125 MB DedicatedVideo/DedicatedSystem/SharedSystem, Outputs:0, VendorId:0x8086
[2018.07.12-16.29.41:119][  0]LogD3D11RHI:    2. 'Microsoft Basic Render Driver' (Feature Level 11_0)
[2018.07.12-16.29.41:119][  0]LogD3D11RHI:       0/0/8125 MB DedicatedVideo/DedicatedSystem/SharedSystem, Outputs:0, VendorId:0x1414
[2018.07.12-16.29.41:119][  0]LogD3D11RHI: Chosen D3D11 Adapter: 0
[2018.07.12-16.29.41:126][  0]LogD3D11RHI: Creating new Direct3DDevice
[2018.07.12-16.29.41:126][  0]LogD3D11RHI:     GPU DeviceId: 0x1c8c (for the marketing name, search the web for "GPU Device Id")
[2018.07.12-16.29.41:126][  0]LogWindows: EnumDisplayDevices:
[2018.07.12-16.29.41:126][  0]LogWindows:    0. 'Intel(R) HD Graphics 630' (P:1 D:1)
[2018.07.12-16.29.41:126][  0]LogWindows:    1. 'Intel(R) HD Graphics 630' (P:0 D:0)
[2018.07.12-16.29.41:127][  0]LogWindows:    2. 'Intel(R) HD Graphics 630' (P:0 D:0)
[2018.07.12-16.29.41:127][  0]LogWindows:    3. 'NVIDIA GeForce GTX 1050 Ti' (P:0 D:0)
[2018.07.12-16.29.41:127][  0]LogWindows: DebugString: GetVideoDriverDetailsInvalid PrimaryIsNotTheChoosenAdapter GetVideoDriverDetailsInvalid PrimaryIsNotTheChoosenAdapter GetVideoDriverDetailsInvalid PrimaryIsNotTheChoosenAdapter GetVideoDriverDetailsInvalid PrimaryIsNotTheChoosenAdapter FoundDriverCount:0 
[2018.07.12-16.29.41:127][  0]LogD3D11RHI:     Adapter Name: NVIDIA GeForce GTX 1050 Ti
[2018.07.12-16.29.41:127][  0]LogD3D11RHI:   Driver Version: Unknown (internal:Unknown, unified:Unknown)
[2018.07.12-16.29.41:127][  0]LogD3D11RHI:      Driver Date: Unknown
[2018.07.12-16.29.41:127][  0]LogRHI: Texture pool is 2812 MB (70% of 4018 MB)
[2018.07.12-16.29.41:163][  0]LogD3D11RHI: [Aftermath] Aftermath enabled and primed
[2018.07.12-16.29.41:163][  0]LogD3D11RHI: [Aftermath] Aftermath enabled and primed
[2018.07.12-16.29.41:163][  0]LogD3D11RHI: Async texture creation enabled
[2018.07.12-16.29.41:183][  0]LogD3D11RHI: GPU Timing Frequency: 1000.000000 (Debug: 2 2)
[2018.07.12-16.29.41:184][  0]LogShaderCompilers: Guid format shader working directory is -24 characters bigger than the processId version (../../../../../../Users/iD Student/Documents/GitHub/IDtech-Game/IDtechGame/Intermediate/Shaders/WorkingDirectory/13436/).
[2018.07.12-16.29.41:184][  0]LogShaderCompilers: Cleaned the shader compiler working directory 'C:/Users/iD Student/AppData/Local/Temp/UnrealShaderWorkingDir/47118E1140A6DD04571816892AE083D2/'.
[2018.07.12-16.29.41:426][  0]LogTemp: Display: Loaded TP AllDesktopTargetPlatform
[2018.07.12-16.29.41:440][  0]LogTemp: Display: Loaded TP MacClientTargetPlatform
[2018.07.12-16.29.41:454][  0]LogTemp: Display: Loaded TP MacNoEditorTargetPlatform
[2018.07.12-16.29.41:468][  0]LogTemp: Display: Loaded TP MacServerTargetPlatform
[2018.07.12-16.29.41:484][  0]LogTemp: Display: Loaded TP MacTargetPlatform
[2018.07.12-16.29.41:501][  0]LogTemp: Display: Loaded TP WindowsClientTargetPlatform
[2018.07.12-16.29.41:516][  0]LogTemp: Display: Loaded TP WindowsNoEditorTargetPlatform
[2018.07.12-16.29.41:529][  0]LogTemp: Display: Loaded TP WindowsServerTargetPlatform
[2018.07.12-16.29.41:538][  0]LogTemp: Display: Loaded TP WindowsTargetPlatform
[2018.07.12-16.29.41:552][  0]LogTemp: Display: Loaded TP Android_ASTCTargetPlatform
[2018.07.12-16.29.41:565][  0]LogTemp: Display: Loaded TP Android_ATCTargetPlatform
[2018.07.12-16.29.41:579][  0]LogTemp: Display: Loaded TP Android_DXTTargetPlatform
[2018.07.12-16.29.41:593][  0]LogTemp: Display: Loaded TP Android_ETC1aTargetPlatform
[2018.07.12-16.29.41:606][  0]LogTemp: Display: Loaded TP Android_ETC1TargetPlatform
[2018.07.12-16.29.41:623][  0]LogTemp: Display: Loaded TP Android_ETC2TargetPlatform
[2018.07.12-16.29.41:651][  0]LogTemp: Display: Loaded TP Android_MultiTargetPlatform
[2018.07.12-16.29.41:651][  0]LogTemp: Display: Loaded TP Android_PVRTCTargetPlatform
[2018.07.12-16.29.41:663][  0]LogTemp: Display: Loaded TP AndroidTargetPlatform
[2018.07.12-16.29.41:664][  0]LogTemp: Display: Loaded TP HTML5TargetPlatform
[2018.07.12-16.29.41:702][  0]LogTemp: Display: Loaded TP IOSTargetPlatform
[2018.07.12-16.29.41:714][  0]LogTemp: Display: Loaded TP TVOSTargetPlatform
[2018.07.12-16.29.41:728][  0]LogTemp: Display: Loaded TP LinuxClientTargetPlatform
[2018.07.12-16.29.41:742][  0]LogTemp: Display: Loaded TP LinuxNoEditorTargetPlatform
[2018.07.12-16.29.41:756][  0]LogTemp: Display: Loaded TP LinuxServerTargetPlatform
[2018.07.12-16.29.41:769][  0]LogTemp: Display: Loaded TP LinuxTargetPlatform
[2018.07.12-16.29.41:769][  0]LogTargetPlatformManager: Display: Building Assets For Windows
[2018.07.12-16.29.41:879][  0]LogXGEController: Cannot use XGE Controller as Incredibuild is not installed on this machine.
[2018.07.12-16.29.41:879][  0]LogShaderCompilers: Cannot use XGE Shader Compiler as Incredibuild is not installed on this machine.
[2018.07.12-16.29.41:879][  0]LogShaderCompilers: Display: Using Local Shader Compiler.
[2018.07.12-16.29.42:600][  0]LogDerivedDataCache: Display: Max Cache Size: 512 MB
[2018.07.12-16.29.42:687][  0]LogDerivedDataCache: Loaded boot cache 0.09s 74MB C:/Users/iD Student/AppData/Local/UnrealEngine/4.19/DerivedDataCache/Boot.ddc.
[2018.07.12-16.29.42:688][  0]LogDerivedDataCache: Display: Loaded Boot cache: C:/Users/iD Student/AppData/Local/UnrealEngine/4.19/DerivedDataCache/Boot.ddc
[2018.07.12-16.29.42:688][  0]LogDerivedDataCache: FDerivedDataBackendGraph:  Pak pak cache file ../../../../../../Users/iD Student/Documents/GitHub/IDtech-Game/IDtechGame/DerivedDataCache/DDC.ddp not found, will not use a pak cache.
[2018.07.12-16.29.42:688][  0]LogDerivedDataCache: Unable to find inner node Pak for hierarchical cache Hierarchy.
[2018.07.12-16.29.42:688][  0]LogDerivedDataCache: FDerivedDataBackendGraph:  CompressedPak pak cache file ../../../../../../Users/iD Student/Documents/GitHub/IDtech-Game/IDtechGame/DerivedDataCache/Compressed.ddp not found, will not use a pak cache.
[2018.07.12-16.29.42:688][  0]LogDerivedDataCache: Unable to find inner node CompressedPak for hierarchical cache Hierarchy.
[2018.07.12-16.29.42:706][  0]LogDerivedDataCache: Display: Pak cache opened for reading ../../../Engine/DerivedDataCache/Compressed.ddp.
[2018.07.12-16.29.42:718][  0]LogDerivedDataCache: Using Local data cache path C:/Users/iD Student/AppData/Local/UnrealEngine/Common/DerivedDataCache: Writable
[2018.07.12-16.29.42:729][  0]LogMaterial: Verifying Global Shaders for PCD3D_SM5
[2018.07.12-16.29.42:729][  0]LogSlate: Using Freetype 2.6.0
[2018.07.12-16.29.42:730][  0]LogSlate: SlateFontCache - WITH_FREETYPE: 1, WITH_HARFBUZZ: 1
[2018.07.12-16.29.42:730][  0]LogSlate: SlateFontCache - WITH_FREETYPE: 1, WITH_HARFBUZZ: 1
[2018.07.12-16.29.42:855][  0]LogAssetRegistry: FAssetRegistry took 0.0273 seconds to start up
[2018.07.12-16.29.43:175][  0]LogInit: Selected Device Profile: [Windows]
[2018.07.12-16.29.43:325][  0]LogSimplygon: Simplygon DLL not present - disabling.
[2018.07.12-16.29.43:328][  0]LogMeshReduction: Using SimplygonSwarm for distributed automatic mesh merging
[2018.07.12-16.29.43:328][  0]LogMeshReduction: Using QuadricMeshReduction for automatic static mesh reduction
[2018.07.12-16.29.43:328][  0]LogMeshReduction: No automatic skeletal mesh reduction module available
[2018.07.12-16.29.43:328][  0]LogMeshReduction: No automatic mesh merging module available
[2018.07.12-16.29.43:328][  0]LogMeshMerging: No automatic mesh merging module available
[2018.07.12-16.29.43:360][  0]LogNetVersion: IDtechGame , NetCL: 3944462, EngineNetVer: 2, GameNetVer: 0 (Checksum: 2649410452)
[2018.07.12-16.29.43:852][  0]LogPackageLocalizationCache: Processed 9 localized package path(s) for 2 prioritized culture(s) in 0.082318 seconds
[2018.07.12-16.29.43:858][  0]LogUObjectArray: 36728 objects as part of root set at end of initial load.
[2018.07.12-16.29.43:858][  0]LogUObjectAllocator: 7314312 out of 0 bytes used by permanent object pool.
[2018.07.12-16.29.43:858][  0]LogUObjectArray: CloseDisregardForGC: 0/0 objects in disregard for GC pool
[2018.07.12-16.29.45:692][  0]LogTcpMessaging: Initializing TcpMessaging bridge
[2018.07.12-16.29.45:721][  0]LogUdpMessaging: Initializing bridge on interface 0.0.0.0:0 to multicast group 230.0.0.1:6666.
[2018.07.12-16.29.46:111][  0]SourceControl: Source control is disabled
[2018.07.12-16.29.47:020][  0]LogAndroidPermission: UAndroidPermissionCallbackProxy::GetInstance
[2018.07.12-16.29.47:164][  0]LogOcInput: OculusInput pre-init called
[2018.07.12-16.29.47:274][  0]LogEngine: Initializing Engine...
[2018.07.12-16.29.47:276][  0]LogHMD: Failed to initialize OpenVR with code 110
[2018.07.12-16.29.47:278][  0]LogStats: UGameplayTagsManager::ConstructGameplayTagTree: Construct from data asset -  0.000 s
[2018.07.12-16.29.47:278][  0]LogStats: UGameplayTagsManager::ConstructGameplayTagTree: GameplayTagTreeChangedEvent.Broadcast -  0.000 s
[2018.07.12-16.29.47:556][  0]LogAIModule: Creating AISystem for world Untitled
[2018.07.12-16.29.47:567][  0]LogInit: XAudio2 using 'Speakers / Headphones (Realtek Audio)' : 2 channels at 48 kHz using 32 bits per sample (channel mask 0x3)
[2018.07.12-16.29.48:946][  0]LogInit: FAudioDevice initialized.
[2018.07.12-16.29.49:113][  0]LogDerivedDataCache: Saved boot cache 0.17s 74MB C:/Users/iD Student/AppData/Local/UnrealEngine/4.19/DerivedDataCache/Boot.ddc.
[2018.07.12-16.29.49:126][  0]LogInit: Texture streaming: Enabled
[2018.07.12-16.29.49:153][  0]LogEngineSessionManager: EngineSessionManager initialized
[2018.07.12-16.29.49:174][  0]LogInit: Transaction tracking system initialized
[2018.07.12-16.29.49:201][  0]BlueprintLog: New page: Editor Load
[2018.07.12-16.29.49:284][  0]LocalizationService: Localization service is disabled
[2018.07.12-16.29.49:392][  0]LogConsoleResponse: Display: 
[2018.07.12-16.29.49:556][  0]LogCook: Display: Max memory allowance for cook 16384mb min free memory 0mb
[2018.07.12-16.29.49:556][  0]LogCook: Display: Mobile HDR setting 1
[2018.07.12-16.29.49:556][  0]LogGameplayTags: Display: UGameplayTagsManager::DoneAddingNativeTags. DelegateIsBound: 0
[2018.07.12-16.29.49:556][  0]LogStats: UGameplayTagsManager::ConstructGameplayTagTree: Construct from data asset -  0.000 s
[2018.07.12-16.29.49:556][  0]LogStats: UGameplayTagsManager::ConstructGameplayTagTree: GameplayTagTreeChangedEvent.Broadcast -  0.000 s
[2018.07.12-16.29.49:949][  0]LogFileCache: Scanning file cache for directory 'C:/Users/iD Student/Documents/GitHub/IDtech-Game/IDtechGame/Content/' took 0.02s
[2018.07.12-16.29.49:949][  0]Cmd: MAP LOAD FILE="../../../../../../Users/iD Student/Documents/GitHub/IDtech-Game/IDtechGame/Content/ThirdPersonBP/Maps/ThirdPersonExampleMap.umap" TEMPLATE=0 SHOWPROGRESS=1 FEATURELEVEL=3
[2018.07.12-16.29.49:950][  0]LightingResults: New page: Lighting Build
[2018.07.12-16.29.49:952][  0]MapCheck: New page: Map Check
[2018.07.12-16.29.49:952][  0]LightingResults: New page: Lighting Build
[2018.07.12-16.29.50:474][  0]LogSkeletalMesh: Skeletal Mesh found in DDC [13.192385ms] /Game/Mannequin/Character/Mesh/SK_Mannequin.SK_Mannequin
[2018.07.12-16.29.50:485][  0]LogSkeletalMesh: Skeletal Mesh found in DDC [1.204877ms] /Game/ThirdPersonBP/Blueprints/source/Overlord.Overlord
[2018.07.12-16.29.50:511][  0]LogAIModule: Creating AISystem for world ThirdPersonExampleMap
[2018.07.12-16.29.50:530][  0]LogEditorServer: Finished looking for orphan Actors (0.000 secs)
[2018.07.12-16.29.50:548][  0]Cmd: MAP CHECKDEP NOCLEARLOG
[2018.07.12-16.29.50:609][  0]MapCheck: Map check complete: 0 Error(s), 0 Warning(s), took 60.422ms to complete.
[2018.07.12-16.29.50:609][  0]LogFileHelpers: Loading map 'ThirdPersonExampleMap' took 0.659
[2018.07.12-16.29.50:804][  0]LogCollectionManager: Loaded 0 collections in 0.002774 seconds
[2018.07.12-16.29.50:850][  0]LogFileCache: Scanning file cache for directory 'C:/Users/iD Student/Documents/GitHub/IDtech-Game/IDtechGame/Saved/Collections/' took 0.01s
[2018.07.12-16.29.50:850][  0]LogFileCache: Scanning file cache for directory 'C:/Users/iD Student/Documents/GitHub/IDtech-Game/IDtechGame/Content/Developers/iDStudent/Collections/' took 0.01s
[2018.07.12-16.29.50:850][  0]LogFileCache: Scanning file cache for directory 'C:/Users/iD Student/Documents/GitHub/IDtech-Game/IDtechGame/Content/Collections/' took 0.01s
[2018.07.12-16.29.50:850][  0]LogCollectionManager: Rebuilt the GUID cache for 0 collections in 0.000001 seconds
[2018.07.12-16.29.50:865][  0]LogContentBrowser: Native class hierarchy populated in 0.0146 seconds. Added 2452 classes and 558 folders.
[2018.07.12-16.29.50:875][  0]LogContentBrowser: Native class hierarchy updated for 'WidgetCarousel' in 0.0004 seconds. Added 0 classes and 0 folders.
[2018.07.12-16.29.50:933][  0]LogContentBrowser: Native class hierarchy updated for 'AddContentDialog' in 0.0002 seconds. Added 0 classes and 0 folders.
[2018.07.12-16.29.50:939][  0]LogContentBrowser: Native class hierarchy updated for 'SceneOutliner' in 0.0003 seconds. Added 1 classes and 2 folders.
[2018.07.12-16.29.51:001][  0]LogContentBrowser: Native class hierarchy updated for 'HierarchicalLODOutliner' in 0.0003 seconds. Added 0 classes and 0 folders.
[2018.07.12-16.29.51:002][  0]LogLoad: (Engine Initialization) Total time: 13.21 seconds
[2018.07.12-16.29.51:002][  0]LogLoad: (Engine Initialization) Total Blueprint compile time: 0.00 seconds
[2018.07.12-16.29.51:375][  0]LogContentStreaming: Texture pool size now 1000 MB
[2018.07.12-16.29.51:378][  0]LogSlate: Took 0.000524 seconds to synchronously load lazily loaded font '../../../Engine/Content/Slate/Fonts/Roboto-Regular.ttf' (155K)
[2018.07.12-16.29.51:383][  0]LogSlate: Took 0.000384 seconds to synchronously load lazily loaded font '../../../Engine/Content/Slate/Fonts/Roboto-Bold.ttf' (160K)
[2018.07.12-16.29.51:397][  0]LogSlate: Took 0.000470 seconds to synchronously load lazily loaded font '../../../Engine/Content/Editor/Slate/Fonts/FontAwesome.ttf' (139K)
[2018.07.12-16.29.51:524][  0]LogSlate: Took 0.000151 seconds to synchronously load lazily loaded font '../../../Engine/Content/Slate/Fonts/Roboto-Light.ttf' (167K)
[2018.07.12-16.29.51:674][  1]LogRenderer: Reallocating scene render targets to support 788x360 Format 10 NumSamples 1 (Frame:1).
[2018.07.12-16.29.51:697][  1]LogAssetRegistry: Asset discovery search completed in 8.8648 seconds
[2018.07.12-16.29.51:700][  1]LogCollectionManager: Rebuilt the object cache for 0 collections in 0.000000 seconds (found 0 objects)
[2018.07.12-16.29.51:700][  1]LogCollectionManager: Fixed up redirectors for 0 collections in 0.000110 seconds (updated 0 objects)
[2018.07.12-16.29.52:348][  3]LogSlate: Took 0.000400 seconds to synchronously load lazily loaded font '../../../Engine/Content/Slate/Fonts/Roboto-Light.ttf' (167K)
[2018.07.12-16.29.53:671][  7]LogSlate: FSceneViewport::OnFocusLost() reason 0
[2018.07.12-16.30.13:187][ 77]LogContentBrowser: Native class hierarchy updated for 'BlueprintGraph' in 0.0008 seconds. Added 116 classes and 0 folders.
[2018.07.12-16.30.13:937][ 77]LogSlate: Took 0.000198 seconds to synchronously load lazily loaded font '../../../Engine/Content/Slate/Fonts/Roboto-BoldCondensed.ttf' (158K)
[2018.07.12-16.30.19:827][329]LogSlate: Took 0.000462 seconds to synchronously load lazily loaded font '../../../Engine/Content/Slate/Fonts/Roboto-Italic.ttf' (157K)
[2018.07.12-16.30.26:839][532]LogRenderer: Reallocating scene render targets to support 912x484 Format 10 NumSamples 1 (Frame:1).
[2018.07.12-16.30.38:687][208]LogSlate: FSceneViewport::OnFocusLost() reason 0
[2018.07.12-16.30.51:342][900]LogMaterial: Missing cached shader map for material phong16, compiling. 
[2018.07.12-16.30.51:422][900]LogShaderCompilers: Display: Shaders left to compile 60
[2018.07.12-16.30.51:422][900]LogShaderCompilers: Display: Shaders left to compile 50
[2018.07.12-16.30.51:422][900]LogShaderCompilers: Display: Shaders left to compile 40
[2018.07.12-16.30.51:422][900]LogShaderCompilers: Display: Shaders left to compile 30
[2018.07.12-16.30.51:422][900]LogMaterial: Missing cached shader map for material phong15, compiling. 
[2018.07.12-16.30.51:446][900]LogMaterial: Missing cached shader map for material phong14, compiling. 
[2018.07.12-16.30.51:470][900]LogMaterial: Missing cached shader map for material lambert12, compiling. 
[2018.07.12-16.30.51:491][900]LogSkeletalMesh: Building Skeletal Mesh gunsword_2...
[2018.07.12-16.30.53:018][900]LogSkeletalMesh: Built Skeletal Mesh [1.53s] /Game/ThirdPersonBP/maya_stuff/gunsword_2.gunsword_2
[2018.07.12-16.30.53:021][900]LogMaterial: Missing cached shader map for material phong13, compiling. 
[2018.07.12-16.30.54:160][929]LogShaderCompilers: Display: Shaders left to compile 260
[2018.07.12-16.30.55:212][963]LogShaderCompilers: Display: Shaders left to compile 250
[2018.07.12-16.30.56:545][  1]LogShaderCompilers: Display: Shaders left to compile 240
[2018.07.12-16.30.56:943][ 13]LogShaderCompilers: Display: Shaders left to compile 230
[2018.07.12-16.30.58:635][ 63]LogShaderCompilers: Display: Shaders left to compile 220
[2018.07.12-16.31.00:185][108]LogShaderCompilers: Display: Shaders left to compile 210
[2018.07.12-16.31.01:101][136]LogShaderCompilers: Display: Shaders left to compile 200
[2018.07.12-16.31.02:170][169]LogEditorTransaction: Undo Edit Skeletal Mesh
[2018.07.12-16.31.02:681][183]LogEditorTransaction: Undo Add Component
[2018.07.12-16.31.02:964][192]LogShaderCompilers: Display: Shaders left to compile 190
[2018.07.12-16.31.03:042][195]LogShaderCompilers: Display: Shaders left to compile 180
[2018.07.12-16.31.03:561][214]LogEditorTransaction: Undo Remove Components
[2018.07.12-16.31.04:201][233]LogEditorTransaction: Undo Remove Components
[2018.07.12-16.31.05:467][274]LogShaderCompilers: Display: Shaders left to compile 170
[2018.07.12-16.31.06:135][290]LogShaderCompilers: Display: Shaders left to compile 160
[2018.07.12-16.31.06:700][305]LogShaderCompilers: Display: Shaders left to compile 150
[2018.07.12-16.31.08:869][366]LogSlate: FSceneViewport::OnFocusLost() reason 0
[2018.07.12-16.31.08:993][369]LogShaderCompilers: Display: Shaders left to compile 140
[2018.07.12-16.31.10:184][390]LogShaderCompilers: Display: Shaders left to compile 130
[2018.07.12-16.31.11:037][416]LogShaderCompilers: Display: Shaders left to compile 120
[2018.07.12-16.31.12:146][448]LogShaderCompilers: Display: Shaders left to compile 110
[2018.07.12-16.31.12:782][465]LogShaderCompilers: Display: Shaders left to compile 100
[2018.07.12-16.31.14:881][528]LogShaderCompilers: Display: Shaders left to compile 90
[2018.07.12-16.31.16:162][568]LogShaderCompilers: Display: Shaders left to compile 80
[2018.07.12-16.31.17:336][600]LogShaderCompilers: Display: Shaders left to compile 70
[2018.07.12-16.31.18:265][624]LogShaderCompilers: Display: Shaders left to compile 60
[2018.07.12-16.31.20:263][687]LogShaderCompilers: Display: Shaders left to compile 50
[2018.07.12-16.31.20:701][702]LogShaderCompilers: Display: Shaders left to compile 40
[2018.07.12-16.31.21:704][730]LogShaderCompilers: Display: Shaders left to compile 30
[2018.07.12-16.31.22:704][761]LogShaderCompilers: Display: Shaders left to compile 20
[2018.07.12-16.31.25:020][833]LogShaderCompilers: Display: Shaders left to compile 10
[2018.07.12-16.31.57:828][485]BlueprintLog: New page: Compile Swordgun
[2018.07.12-16.31.59:566][547]Cmd: OBJ SAVEPACKAGE PACKAGE="/Game/ThirdPersonBP/Swordgun" FILE="../../../../../../Users/iD Student/Documents/GitHub/IDtech-Game/IDtechGame/Content/ThirdPersonBP/Swordgun.uasset" SILENT=true
[2018.07.12-16.31.59:600][547]LogSavePackage: Save=19.63ms
[2018.07.12-16.31.59:600][547]LogSavePackage: Moving '../../../../../../Users/iD Student/Documents/GitHub/IDtech-Game/IDtechGame/Saved/Swordgun3541F3054E59D7E7C28DB1A69DCCBEFD.tmp' to '../../../../../../Users/iD Student/Documents/GitHub/IDtech-Game/IDtechGame/Content/ThirdPersonBP/Swordgun.uasset'
[2018.07.12-16.31.59:603][547]LogSavePackage: Display: Finished SavePackage ../../../../../../Users/iD Student/Documents/GitHub/IDtech-Game/IDtechGame/Content/ThirdPersonBP/Swordgun.uasset
[2018.07.12-16.32.00:854][609]LogRenderer: Reallocating scene render targets to support 912x492 Format 10 NumSamples 1 (Frame:3428).
[2018.07.12-16.32.05:417][696]LogTemp: Repeating last play command: Selected Viewport
[2018.07.12-16.32.05:451][696]LogBlueprintUserMessages: Early PlayInEditor Detection: Level '/Game/ThirdPersonBP/Maps/ThirdPersonExampleMap.ThirdPersonExampleMap:PersistentLevel' has LevelScriptBlueprint '/Game/ThirdPersonBP/Maps/ThirdPersonExampleMap.ThirdPersonExampleMap:PersistentLevel.ThirdPersonExampleMap' with GeneratedClass '/Game/ThirdPersonBP/Maps/ThirdPersonExampleMap.ThirdPersonExampleMap_C' with ClassGeneratedBy '/Game/ThirdPersonBP/Maps/ThirdPersonExampleMap.ThirdPersonExampleMap:PersistentLevel.ThirdPersonExampleMap'
[2018.07.12-16.32.05:451][696]LogPlayLevel: PlayLevel: No blueprints needed recompiling
[2018.07.12-16.32.05:451][696]PIE: New page: PIE session: ThirdPersonExampleMap (Jul 12, 2018, 2:32:05 AM)
[2018.07.12-16.32.05:451][696]LogPlayLevel: Creating play world package: /Game/ThirdPersonBP/Maps/UEDPIE_0_ThirdPersonExampleMap
[2018.07.12-16.32.05:485][696]LogPlayLevel: PIE: StaticDuplicateObject took: (0.033923s)
[2018.07.12-16.32.05:487][696]LogAIModule: Creating AISystem for world ThirdPersonExampleMap
[2018.07.12-16.32.05:487][696]LogPlayLevel: PIE: World Init took: (0.001643s)
[2018.07.12-16.32.05:487][696]LogPlayLevel: PIE: Created PIE world by copying editor world from /Game/ThirdPersonBP/Maps/ThirdPersonExampleMap.ThirdPersonExampleMap to /Game/ThirdPersonBP/Maps/UEDPIE_0_ThirdPersonExampleMap.ThirdPersonExampleMap (0.035956s)
[2018.07.12-16.32.05:516][696]LogInit: XAudio2 using 'Speakers / Headphones (Realtek Audio)' : 2 channels at 48 kHz using 32 bits per sample (channel mask 0x3)
[2018.07.12-16.32.05:584][696]LogInit: FAudioDevice initialized.
[2018.07.12-16.32.05:778][696]LogSkeletalMesh: Skeletal Mesh found in DDC [4.399406ms] /Game/AnimStarterPack/UE4_Mannequin/Mesh/SK_Mannequin.SK_Mannequin
[2018.07.12-16.32.05:844][696]LogLoad: Game class is 'ThirdPersonGameMode_C'
[2018.07.12-16.32.05:850][696]LogWorld: Bringing World /Game/ThirdPersonBP/Maps/UEDPIE_0_ThirdPersonExampleMap.ThirdPersonExampleMap up for play (max tick rate 60) at 2018.07.12-09.32.05
[2018.07.12-16.32.05:852][696]LogWorld: Bringing up level for play took: 0.005754
[2018.07.12-16.32.05:857][696]LogContentBrowser: Native class hierarchy updated for 'MovieSceneCapture' in 0.0003 seconds. Added 11 classes and 0 folders.
[2018.07.12-16.32.05:858][696]PIE: Play in editor start time for /Game/ThirdPersonBP/Maps/UEDPIE_0_ThirdPersonExampleMap -0.127
[2018.07.12-16.32.05:859][696]LogBlueprintUserMessages: Late PlayInEditor Detection: Level '/Game/ThirdPersonBP/Maps/ThirdPersonExampleMap.ThirdPersonExampleMap:PersistentLevel' has LevelScriptBlueprint '/Game/ThirdPersonBP/Maps/ThirdPersonExampleMap.ThirdPersonExampleMap:PersistentLevel.ThirdPersonExampleMap' with GeneratedClass '/Game/ThirdPersonBP/Maps/ThirdPersonExampleMap.ThirdPersonExampleMap_C' with ClassGeneratedBy '/Game/ThirdPersonBP/Maps/ThirdPersonExampleMap.ThirdPersonExampleMap:PersistentLevel.ThirdPersonExampleMap'
[2018.07.12-16.32.13:805][ 37]LogSlate: FSceneViewport::OnFocusLost() reason 0
[2018.07.12-16.32.15:005][ 90]LogBlueprintUserMessages: [ZOMBIE_320] 50
[2018.07.12-16.32.33:272][912]LogBlueprintUserMessages: [ZOMBIE4_649] 50
[2018.07.12-16.32.34:704][974]LogBlueprintUserMessages: [ZOMBIE2_488] 50
[2018.07.12-16.32.41:809][288]LogBlueprintUserMessages: [ZOMBIE6_721] 50
[2018.07.12-16.32.45:891][466]LogBlueprintUserMessages: [ZOMBIE4_649] 0
[2018.07.12-16.32.57:540][997]LogBlueprintUserMessages: Early EndPlayMap Detection: Level '/Game/ThirdPersonBP/Maps/ThirdPersonExampleMap.ThirdPersonExampleMap:PersistentLevel' has LevelScriptBlueprint '/Game/ThirdPersonBP/Maps/ThirdPersonExampleMap.ThirdPersonExampleMap:PersistentLevel.ThirdPersonExampleMap' with GeneratedClass '/Game/ThirdPersonBP/Maps/ThirdPersonExampleMap.ThirdPersonExampleMap_C' with ClassGeneratedBy '/Game/ThirdPersonBP/Maps/ThirdPersonExampleMap.ThirdPersonExampleMap:PersistentLevel.ThirdPersonExampleMap'
[2018.07.12-16.32.57:591][997]LogBlueprintUserMessages: Late EndPlayMap Detection: Level '/Game/ThirdPersonBP/Maps/ThirdPersonExampleMap.ThirdPersonExampleMap:PersistentLevel' has LevelScriptBlueprint '/Game/ThirdPersonBP/Maps/ThirdPersonExampleMap.ThirdPersonExampleMap:PersistentLevel.ThirdPersonExampleMap' with GeneratedClass '/Game/ThirdPersonBP/Maps/ThirdPersonExampleMap.ThirdPersonExampleMap_C' with ClassGeneratedBy '/Game/ThirdPersonBP/Maps/ThirdPersonExampleMap.ThirdPersonExampleMap:PersistentLevel.ThirdPersonExampleMap'
[2018.07.12-16.33.20:126][780]LogSlate: FSceneViewport::OnFocusLost() reason 0
[2018.07.12-16.33.20:408][782]LogRenderer: Reallocating scene render targets to support 916x612 Format 10 NumSamples 1 (Frame:4289).
[2018.07.12-16.33.29:300][916]LogSlate: Window 'ThirdPersonCharacter' being destroyed
[2018.07.12-16.33.29:303][916]LogSlate: Window 'ThirdPersonCharacter' being destroyed
[2018.07.12-16.33.29:429][916]LogActorComponent: UnregisterComponent: (/Engine/Transient.EditorFloorComp) Not registered. Aborting.
[2018.07.12-16.33.52:652][286]LogSlate: FSceneViewport::OnFocusLost() reason 0
[2018.07.12-16.33.52:753][292]LogTemp: Repeating last play command: Selected Viewport
[2018.07.12-16.33.52:784][292]LogBlueprintUserMessages: Early PlayInEditor Detection: Level '/Game/ThirdPersonBP/Maps/ThirdPersonExampleMap.ThirdPersonExampleMap:PersistentLevel' has LevelScriptBlueprint '/Game/ThirdPersonBP/Maps/ThirdPersonExampleMap.ThirdPersonExampleMap:PersistentLevel.ThirdPersonExampleMap' with GeneratedClass '/Game/ThirdPersonBP/Maps/ThirdPersonExampleMap.ThirdPersonExampleMap_C' with ClassGeneratedBy '/Game/ThirdPersonBP/Maps/ThirdPersonExampleMap.ThirdPersonExampleMap:PersistentLevel.ThirdPersonExampleMap'
[2018.07.12-16.33.52:785][292]LogPlayLevel: PlayLevel: No blueprints needed recompiling
[2018.07.12-16.33.52:785][292]PIE: New page: PIE session: ThirdPersonExampleMap (Jul 12, 2018, 2:33:52 AM)
[2018.07.12-16.33.52:785][292]LogPlayLevel: Creating play world package: /Game/ThirdPersonBP/Maps/UEDPIE_0_ThirdPersonExampleMap
[2018.07.12-16.33.52:812][292]LogPlayLevel: PIE: StaticDuplicateObject took: (0.026686s)
[2018.07.12-16.33.52:813][292]LogAIModule: Creating AISystem for world ThirdPersonExampleMap
[2018.07.12-16.33.52:813][292]LogPlayLevel: PIE: World Init took: (0.001328s)
[2018.07.12-16.33.52:813][292]LogPlayLevel: PIE: Created PIE world by copying editor world from /Game/ThirdPersonBP/Maps/ThirdPersonExampleMap.ThirdPersonExampleMap to /Game/ThirdPersonBP/Maps/UEDPIE_0_ThirdPersonExampleMap.ThirdPersonExampleMap (0.028412s)
[2018.07.12-16.33.52:840][292]LogInit: XAudio2 using 'Speakers / Headphones (Realtek Audio)' : 2 channels at 48 kHz using 32 bits per sample (channel mask 0x3)
[2018.07.12-16.33.52:907][292]LogInit: FAudioDevice initialized.
[2018.07.12-16.33.52:942][292]LogLoad: Game class is 'ThirdPersonGameMode_C'
[2018.07.12-16.33.52:948][292]LogWorld: Bringing World /Game/ThirdPersonBP/Maps/UEDPIE_0_ThirdPersonExampleMap.ThirdPersonExampleMap up for play (max tick rate 60) at 2018.07.12-09.33.52
[2018.07.12-16.33.52:950][292]LogWorld: Bringing up level for play took: 0.006551
[2018.07.12-16.33.52:952][292]PIE: Play in editor start time for /Game/ThirdPersonBP/Maps/UEDPIE_0_ThirdPersonExampleMap 0.967
[2018.07.12-16.33.52:952][292]LogBlueprintUserMessages: Late PlayInEditor Detection: Level '/Game/ThirdPersonBP/Maps/ThirdPersonExampleMap.ThirdPersonExampleMap:PersistentLevel' has LevelScriptBlueprint '/Game/ThirdPersonBP/Maps/ThirdPersonExampleMap.ThirdPersonExampleMap:PersistentLevel.ThirdPersonExampleMap' with GeneratedClass '/Game/ThirdPersonBP/Maps/ThirdPersonExampleMap.ThirdPersonExampleMap_C' with ClassGeneratedBy '/Game/ThirdPersonBP/Maps/ThirdPersonExampleMap.ThirdPersonExampleMap:PersistentLevel.ThirdPersonExampleMap'
[2018.07.12-16.33.56:237][480]LogBlueprintUserMessages: Early EndPlayMap Detection: Level '/Game/ThirdPersonBP/Maps/ThirdPersonExampleMap.ThirdPersonExampleMap:PersistentLevel' has LevelScriptBlueprint '/Game/ThirdPersonBP/Maps/ThirdPersonExampleMap.ThirdPersonExampleMap:PersistentLevel.ThirdPersonExampleMap' with GeneratedClass '/Game/ThirdPersonBP/Maps/ThirdPersonExampleMap.ThirdPersonExampleMap_C' with ClassGeneratedBy '/Game/ThirdPersonBP/Maps/ThirdPersonExampleMap.ThirdPersonExampleMap:PersistentLevel.ThirdPersonExampleMap'
[2018.07.12-16.33.56:279][480]LogBlueprintUserMessages: Late EndPlayMap Detection: Level '/Game/ThirdPersonBP/Maps/ThirdPersonExampleMap.ThirdPersonExampleMap:PersistentLevel' has LevelScriptBlueprint '/Game/ThirdPersonBP/Maps/ThirdPersonExampleMap.ThirdPersonExampleMap:PersistentLevel.ThirdPersonExampleMap' with GeneratedClass '/Game/ThirdPersonBP/Maps/ThirdPersonExampleMap.ThirdPersonExampleMap_C' with ClassGeneratedBy '/Game/ThirdPersonBP/Maps/ThirdPersonExampleMap.ThirdPersonExampleMap:PersistentLevel.ThirdPersonExampleMap'
[2018.07.12-16.34.09:524][148]LogSlate: FSceneViewport::OnFocusLost() reason 0
[2018.07.12-16.34.09:641][155]LogTemp: Repeating last play command: Selected Viewport
[2018.07.12-16.34.09:668][155]LogBlueprintUserMessages: Early PlayInEditor Detection: Level '/Game/ThirdPersonBP/Maps/ThirdPersonExampleMap.ThirdPersonExampleMap:PersistentLevel' has LevelScriptBlueprint '/Game/ThirdPersonBP/Maps/ThirdPersonExampleMap.ThirdPersonExampleMap:PersistentLevel.ThirdPersonExampleMap' with GeneratedClass '/Game/ThirdPersonBP/Maps/ThirdPersonExampleMap.ThirdPersonExampleMap_C' with ClassGeneratedBy '/Game/ThirdPersonBP/Maps/ThirdPersonExampleMap.ThirdPersonExampleMap:PersistentLevel.ThirdPersonExampleMap'
[2018.07.12-16.34.09:669][155]LogPlayLevel: PlayLevel: No blueprints needed recompiling
[2018.07.12-16.34.09:669][155]PIE: New page: PIE session: ThirdPersonExampleMap (Jul 12, 2018, 2:34:09 AM)
[2018.07.12-16.34.09:669][155]LogPlayLevel: Creating play world package: /Game/ThirdPersonBP/Maps/UEDPIE_0_ThirdPersonExampleMap
[2018.07.12-16.34.09:691][155]LogPlayLevel: PIE: StaticDuplicateObject took: (0.022159s)
[2018.07.12-16.34.09:693][155]LogAIModule: Creating AISystem for world ThirdPersonExampleMap
[2018.07.12-16.34.09:693][155]LogPlayLevel: PIE: World Init took: (0.001604s)
[2018.07.12-16.34.09:693][155]LogPlayLevel: PIE: Created PIE world by copying editor world from /Game/ThirdPersonBP/Maps/ThirdPersonExampleMap.ThirdPersonExampleMap to /Game/ThirdPersonBP/Maps/UEDPIE_0_ThirdPersonExampleMap.ThirdPersonExampleMap (0.023994s)
[2018.07.12-16.34.09:718][155]LogInit: XAudio2 using 'Speakers / Headphones (Realtek Audio)' : 2 channels at 48 kHz using 32 bits per sample (channel mask 0x3)
[2018.07.12-16.34.09:788][155]LogInit: FAudioDevice initialized.
[2018.07.12-16.34.09:823][155]LogLoad: Game class is 'ThirdPersonGameMode_C'
[2018.07.12-16.34.09:829][155]LogWorld: Bringing World /Game/ThirdPersonBP/Maps/UEDPIE_0_ThirdPersonExampleMap.ThirdPersonExampleMap up for play (max tick rate 60) at 2018.07.12-09.34.09
[2018.07.12-16.34.09:831][155]LogWorld: Bringing up level for play took: 0.005565
[2018.07.12-16.34.09:833][155]PIE: Play in editor start time for /Game/ThirdPersonBP/Maps/UEDPIE_0_ThirdPersonExampleMap -0.153
[2018.07.12-16.34.09:833][155]LogBlueprintUserMessages: Late PlayInEditor Detection: Level '/Game/ThirdPersonBP/Maps/ThirdPersonExampleMap.ThirdPersonExampleMap:PersistentLevel' has LevelScriptBlueprint '/Game/ThirdPersonBP/Maps/ThirdPersonExampleMap.ThirdPersonExampleMap:PersistentLevel.ThirdPersonExampleMap' with GeneratedClass '/Game/ThirdPersonBP/Maps/ThirdPersonExampleMap.ThirdPersonExampleMap_C' with ClassGeneratedBy '/Game/ThirdPersonBP/Maps/ThirdPersonExampleMap.ThirdPersonExampleMap:PersistentLevel.ThirdPersonExampleMap'
[2018.07.12-16.34.28:780][285]LogBlueprintUserMessages: [ZOMBIE4_649] 50
[2018.07.12-16.34.30:264][374]LogBlueprintUserMessages: [ZOMBIE4_649] 0
[2018.07.12-16.34.54:666][838]LogBlueprintUserMessages: [ZOMBIE5_676] 50
[2018.07.12-16.34.56:049][921]LogBlueprintUserMessages: [ZOMBIE5_676] 0
[2018.07.12-16.35.01:967][276]LogBlueprintUserMessages: [ZOMBIE3_542] 50
[2018.07.12-16.35.03:467][366]LogBlueprintUserMessages: [ZOMBIE3_542] 0
[2018.07.12-16.35.09:518][729]LogBlueprintUserMessages: [ZOMBIE6_721] 50
[2018.07.12-16.36.01:171][827]LogBlueprintUserMessages: Early EndPlayMap Detection: Level '/Game/ThirdPersonBP/Maps/ThirdPersonExampleMap.ThirdPersonExampleMap:PersistentLevel' has LevelScriptBlueprint '/Game/ThirdPersonBP/Maps/ThirdPersonExampleMap.ThirdPersonExampleMap:PersistentLevel.ThirdPersonExampleMap' with GeneratedClass '/Game/ThirdPersonBP/Maps/ThirdPersonExampleMap.ThirdPersonExampleMap_C' with ClassGeneratedBy '/Game/ThirdPersonBP/Maps/ThirdPersonExampleMap.ThirdPersonExampleMap:PersistentLevel.ThirdPersonExampleMap'
[2018.07.12-16.36.01:211][827]LogBlueprintUserMessages: Late EndPlayMap Detection: Level '/Game/ThirdPersonBP/Maps/ThirdPersonExampleMap.ThirdPersonExampleMap:PersistentLevel' has LevelScriptBlueprint '/Game/ThirdPersonBP/Maps/ThirdPersonExampleMap.ThirdPersonExampleMap:PersistentLevel.ThirdPersonExampleMap' with GeneratedClass '/Game/ThirdPersonBP/Maps/ThirdPersonExampleMap.ThirdPersonExampleMap_C' with ClassGeneratedBy '/Game/ThirdPersonBP/Maps/ThirdPersonExampleMap.ThirdPersonExampleMap:PersistentLevel.ThirdPersonExampleMap'
[2018.07.12-16.36.10:762][392]LogSlate: FSceneViewport::OnFocusLost() reason 0
[2018.07.12-16.36.36:926][621]LogSlate: FSceneViewport::OnFocusLost() reason 0
[2018.07.12-16.36.37:036][626]BlueprintLog: New page: Compile Swordgun
[2018.07.12-16.36.38:236][657]Cmd: OBJ SAVEPACKAGE PACKAGE="/Game/ThirdPersonBP/Swordgun" FILE="../../../../../../Users/iD Student/Documents/GitHub/IDtech-Game/IDtechGame/Content/ThirdPersonBP/Swordgun.uasset" SILENT=true
[2018.07.12-16.36.38:266][657]LogSavePackage: Save=20.84ms
[2018.07.12-16.36.38:266][657]LogSavePackage: Moving '../../../../../../Users/iD Student/Documents/GitHub/IDtech-Game/IDtechGame/Saved/Swordgun7F0891E54F70E5B779CB87877C2AEEB0.tmp' to '../../../../../../Users/iD Student/Documents/GitHub/IDtech-Game/IDtechGame/Content/ThirdPersonBP/Swordgun.uasset'
[2018.07.12-16.36.38:270][657]LogSavePackage: Display: Finished SavePackage ../../../../../../Users/iD Student/Documents/GitHub/IDtech-Game/IDtechGame/Content/ThirdPersonBP/Swordgun.uasset
[2018.07.12-16.36.40:349][716]LogEditorViewport: Clicking on Actor (LMB): StaticMeshActor (Wall9)
[2018.07.12-16.36.41:286][750]LogSlate: FSceneViewport::OnFocusLost() reason 0
[2018.07.12-16.36.41:394][754]LogTemp: Repeating last play command: Selected Viewport
[2018.07.12-16.36.41:430][754]LogBlueprintUserMessages: Early PlayInEditor Detection: Level '/Game/ThirdPersonBP/Maps/ThirdPersonExampleMap.ThirdPersonExampleMap:PersistentLevel' has LevelScriptBlueprint '/Game/ThirdPersonBP/Maps/ThirdPersonExampleMap.ThirdPersonExampleMap:PersistentLevel.ThirdPersonExampleMap' with GeneratedClass '/Game/ThirdPersonBP/Maps/ThirdPersonExampleMap.ThirdPersonExampleMap_C' with ClassGeneratedBy '/Game/ThirdPersonBP/Maps/ThirdPersonExampleMap.ThirdPersonExampleMap:PersistentLevel.ThirdPersonExampleMap'
[2018.07.12-16.36.41:430][754]LogPlayLevel: PlayLevel: No blueprints needed recompiling
[2018.07.12-16.36.41:430][754]PIE: New page: PIE session: ThirdPersonExampleMap (Jul 12, 2018, 2:36:41 AM)
[2018.07.12-16.36.41:430][754]LogPlayLevel: Creating play world package: /Game/ThirdPersonBP/Maps/UEDPIE_0_ThirdPersonExampleMap
[2018.07.12-16.36.41:451][754]LogPlayLevel: PIE: StaticDuplicateObject took: (0.021307s)
[2018.07.12-16.36.41:452][754]LogAIModule: Creating AISystem for world ThirdPersonExampleMap
[2018.07.12-16.36.41:453][754]LogPlayLevel: PIE: World Init took: (0.001158s)
[2018.07.12-16.36.41:453][754]LogPlayLevel: PIE: Created PIE world by copying editor world from /Game/ThirdPersonBP/Maps/ThirdPersonExampleMap.ThirdPersonExampleMap to /Game/ThirdPersonBP/Maps/UEDPIE_0_ThirdPersonExampleMap.ThirdPersonExampleMap (0.022796s)
[2018.07.12-16.36.41:486][754]LogInit: XAudio2 using 'Speakers / Headphones (Realtek Audio)' : 2 channels at 48 kHz using 32 bits per sample (channel mask 0x3)
[2018.07.12-16.36.41:555][754]LogInit: FAudioDevice initialized.
[2018.07.12-16.36.41:587][754]LogLoad: Game class is 'ThirdPersonGameMode_C'
[2018.07.12-16.36.41:594][754]LogWorld: Bringing World /Game/ThirdPersonBP/Maps/UEDPIE_0_ThirdPersonExampleMap.ThirdPersonExampleMap up for play (max tick rate 60) at 2018.07.12-09.36.41
[2018.07.12-16.36.41:596][754]LogWorld: Bringing up level for play took: 0.007669
[2018.07.12-16.36.41:598][754]PIE: Play in editor start time for /Game/ThirdPersonBP/Maps/UEDPIE_0_ThirdPersonExampleMap -0.387
[2018.07.12-16.36.41:598][754]LogBlueprintUserMessages: Late PlayInEditor Detection: Level '/Game/ThirdPersonBP/Maps/ThirdPersonExampleMap.ThirdPersonExampleMap:PersistentLevel' has LevelScriptBlueprint '/Game/ThirdPersonBP/Maps/ThirdPersonExampleMap.ThirdPersonExampleMap:PersistentLevel.ThirdPersonExampleMap' with GeneratedClass '/Game/ThirdPersonBP/Maps/ThirdPersonExampleMap.ThirdPersonExampleMap_C' with ClassGeneratedBy '/Game/ThirdPersonBP/Maps/ThirdPersonExampleMap.ThirdPersonExampleMap:PersistentLevel.ThirdPersonExampleMap'
[2018.07.12-16.36.57:684][498]LogBlueprintUserMessages: [ZOMBIE4_649] 50
[2018.07.12-16.36.59:114][566]LogBlueprintUserMessages: [ZOMBIE4_649] 0
[2018.07.12-16.37.02:880][743]LogBlueprintUserMessages: [ZOMBIE5_676] 50
[2018.07.12-16.37.08:025][980]LogBlueprintUserMessages: [ZOMBIE2_488] 50
[2018.07.12-16.37.09:895][ 65]LogBlueprintUserMessages: [ZOMBIE_320] 50
[2018.07.12-16.37.14:641][277]LogBlueprintUserMessages: [ZOMBIE6_721] 50
[2018.07.12-16.37.16:115][342]LogBlueprintUserMessages: [ZOMBIE6_721] 0
[2018.07.12-16.37.43:961][609]LogBlueprintUserMessages: Early EndPlayMap Detection: Level '/Game/ThirdPersonBP/Maps/ThirdPersonExampleMap.ThirdPersonExampleMap:PersistentLevel' has LevelScriptBlueprint '/Game/ThirdPersonBP/Maps/ThirdPersonExampleMap.ThirdPersonExampleMap:PersistentLevel.ThirdPersonExampleMap' with GeneratedClass '/Game/ThirdPersonBP/Maps/ThirdPersonExampleMap.ThirdPersonExampleMap_C' with ClassGeneratedBy '/Game/ThirdPersonBP/Maps/ThirdPersonExampleMap.ThirdPersonExampleMap:PersistentLevel.ThirdPersonExampleMap'
[2018.07.12-16.37.44:001][609]LogBlueprintUserMessages: Late EndPlayMap Detection: Level '/Game/ThirdPersonBP/Maps/ThirdPersonExampleMap.ThirdPersonExampleMap:PersistentLevel' has LevelScriptBlueprint '/Game/ThirdPersonBP/Maps/ThirdPersonExampleMap.ThirdPersonExampleMap:PersistentLevel.ThirdPersonExampleMap' with GeneratedClass '/Game/ThirdPersonBP/Maps/ThirdPersonExampleMap.ThirdPersonExampleMap_C' with ClassGeneratedBy '/Game/ThirdPersonBP/Maps/ThirdPersonExampleMap.ThirdPersonExampleMap:PersistentLevel.ThirdPersonExampleMap'
[2018.07.12-16.37.51:902][892]LogSlate: FSceneViewport::OnFocusLost() reason 2
[2018.07.12-16.38.17:450][922]LogSlate: FSceneViewport::OnFocusLost() reason 0
[2018.07.12-16.38.17:548][926]BlueprintLog: New page: Compile Swordgun
[2018.07.12-16.38.19:089][967]LogSlate: FSceneViewport::OnFocusLost() reason 2
[2018.07.12-16.38.19:105][967]Cmd: OBJ SAVEPACKAGE PACKAGE="/Game/ThirdPersonBP/Swordgun" FILE="../../../../../../Users/iD Student/Documents/GitHub/IDtech-Game/IDtechGame/Content/ThirdPersonBP/Swordgun.uasset" SILENT=true
[2018.07.12-16.38.19:140][967]LogSavePackage: Save=19.39ms
[2018.07.12-16.38.19:140][967]LogSavePackage: Moving '../../../../../../Users/iD Student/Documents/GitHub/IDtech-Game/IDtechGame/Saved/SwordgunA17149C7479DAEB92F3E398418846461.tmp' to '../../../../../../Users/iD Student/Documents/GitHub/IDtech-Game/IDtechGame/Content/ThirdPersonBP/Swordgun.uasset'
[2018.07.12-16.38.19:143][967]LogSavePackage: Display: Finished SavePackage ../../../../../../Users/iD Student/Documents/GitHub/IDtech-Game/IDtechGame/Content/ThirdPersonBP/Swordgun.uasset
[2018.07.12-16.38.20:353][ 15]LogSlate: FSceneViewport::OnFocusLost() reason 0
[2018.07.12-16.38.23:826][135]LogTemp: Repeating last play command: Selected Viewport
[2018.07.12-16.38.23:854][135]LogBlueprintUserMessages: Early PlayInEditor Detection: Level '/Game/ThirdPersonBP/Maps/ThirdPersonExampleMap.ThirdPersonExampleMap:PersistentLevel' has LevelScriptBlueprint '/Game/ThirdPersonBP/Maps/ThirdPersonExampleMap.ThirdPersonExampleMap:PersistentLevel.ThirdPersonExampleMap' with GeneratedClass '/Game/ThirdPersonBP/Maps/ThirdPersonExampleMap.ThirdPersonExampleMap_C' with ClassGeneratedBy '/Game/ThirdPersonBP/Maps/ThirdPersonExampleMap.ThirdPersonExampleMap:PersistentLevel.ThirdPersonExampleMap'
[2018.07.12-16.38.23:854][135]LogPlayLevel: PlayLevel: No blueprints needed recompiling
[2018.07.12-16.38.23:855][135]PIE: New page: PIE session: ThirdPersonExampleMap (Jul 12, 2018, 2:38:23 AM)
[2018.07.12-16.38.23:855][135]LogPlayLevel: Creating play world package: /Game/ThirdPersonBP/Maps/UEDPIE_0_ThirdPersonExampleMap
[2018.07.12-16.38.23:881][135]LogPlayLevel: PIE: StaticDuplicateObject took: (0.025284s)
[2018.07.12-16.38.23:882][135]LogAIModule: Creating AISystem for world ThirdPersonExampleMap
[2018.07.12-16.38.23:882][135]LogPlayLevel: PIE: World Init took: (0.001458s)
[2018.07.12-16.38.23:882][135]LogPlayLevel: PIE: Created PIE world by copying editor world from /Game/ThirdPersonBP/Maps/ThirdPersonExampleMap.ThirdPersonExampleMap to /Game/ThirdPersonBP/Maps/UEDPIE_0_ThirdPersonExampleMap.ThirdPersonExampleMap (0.027216s)
[2018.07.12-16.38.23:909][135]LogInit: XAudio2 using 'Speakers / Headphones (Realtek Audio)' : 2 channels at 48 kHz using 32 bits per sample (channel mask 0x3)
[2018.07.12-16.38.23:979][135]LogInit: FAudioDevice initialized.
[2018.07.12-16.38.24:012][135]LogLoad: Game class is 'ThirdPersonGameMode_C'
[2018.07.12-16.38.24:018][135]LogWorld: Bringing World /Game/ThirdPersonBP/Maps/UEDPIE_0_ThirdPersonExampleMap.ThirdPersonExampleMap up for play (max tick rate 60) at 2018.07.12-09.38.24
[2018.07.12-16.38.24:020][135]LogWorld: Bringing up level for play took: 0.006750
[2018.07.12-16.38.24:021][135]PIE: Play in editor start time for /Game/ThirdPersonBP/Maps/UEDPIE_0_ThirdPersonExampleMap 0.037
[2018.07.12-16.38.24:022][135]LogBlueprintUserMessages: Late PlayInEditor Detection: Level '/Game/ThirdPersonBP/Maps/ThirdPersonExampleMap.ThirdPersonExampleMap:PersistentLevel' has LevelScriptBlueprint '/Game/ThirdPersonBP/Maps/ThirdPersonExampleMap.ThirdPersonExampleMap:PersistentLevel.ThirdPersonExampleMap' with GeneratedClass '/Game/ThirdPersonBP/Maps/ThirdPersonExampleMap.ThirdPersonExampleMap_C' with ClassGeneratedBy '/Game/ThirdPersonBP/Maps/ThirdPersonExampleMap.ThirdPersonExampleMap:PersistentLevel.ThirdPersonExampleMap'
[2018.07.12-16.38.29:715][408]LogBlueprintUserMessages: [ZOMBIE6_721] 50
[2018.07.12-16.38.32:287][536]LogBlueprintUserMessages: [ZOMBIE6_721] 0
[2018.07.12-16.40.23:670][138]LogBlueprintUserMessages: [ZOMBIE5_676] 50
[2018.07.12-16.40.25:137][213]LogBlueprintUserMessages: [ZOMBIE5_676] 0
[2018.07.12-16.40.30:538][488]LogBlueprintUserMessages: [ZOMBIE4_649] 50
[2018.07.12-16.40.32:103][564]LogBlueprintUserMessages: [ZOMBIE4_649] 0
[2018.07.12-16.40.39:097][912]LogBlueprintUserMessages: [ZOMBIE3_542] 50
[2018.07.12-16.40.40:706][993]LogBlueprintUserMessages: [ZOMBIE3_542] 0
[2018.07.12-16.40.47:481][334]LogBlueprintUserMessages: [ZOMBIE_320] 50
[2018.07.12-16.40.49:038][413]LogBlueprintUserMessages: [ZOMBIE_320] 0
[2018.07.12-16.40.53:173][627]LogBlueprintUserMessages: [ZOMBIE2_488] 50
[2018.07.12-16.40.54:481][694]LogBlueprintUserMessages: [ZOMBIE2_488] 0
[2018.07.12-16.42.32:364][743]LogBlueprintUserMessages: Early EndPlayMap Detection: Level '/Game/ThirdPersonBP/Maps/ThirdPersonExampleMap.ThirdPersonExampleMap:PersistentLevel' has LevelScriptBlueprint '/Game/ThirdPersonBP/Maps/ThirdPersonExampleMap.ThirdPersonExampleMap:PersistentLevel.ThirdPersonExampleMap' with GeneratedClass '/Game/ThirdPersonBP/Maps/ThirdPersonExampleMap.ThirdPersonExampleMap_C' with ClassGeneratedBy '/Game/ThirdPersonBP/Maps/ThirdPersonExampleMap.ThirdPersonExampleMap:PersistentLevel.ThirdPersonExampleMap'
[2018.07.12-16.42.32:412][743]LogBlueprintUserMessages: Late EndPlayMap Detection: Level '/Game/ThirdPersonBP/Maps/ThirdPersonExampleMap.ThirdPersonExampleMap:PersistentLevel' has LevelScriptBlueprint '/Game/ThirdPersonBP/Maps/ThirdPersonExampleMap.ThirdPersonExampleMap:PersistentLevel.ThirdPersonExampleMap' with GeneratedClass '/Game/ThirdPersonBP/Maps/ThirdPersonExampleMap.ThirdPersonExampleMap_C' with ClassGeneratedBy '/Game/ThirdPersonBP/Maps/ThirdPersonExampleMap.ThirdPersonExampleMap:PersistentLevel.ThirdPersonExampleMap'
[2018.07.12-16.47.33:325][266]LogSlate: FSceneViewport::OnFocusLost() reason 0
[2018.07.12-16.47.59:605][422]LogSavePackage: Save=186.34ms
[2018.07.12-16.47.59:605][422]LogSavePackage: Moving '../../../../../../Users/iD Student/Documents/GitHub/IDtech-Game/IDtechGame/Saved/ThirdPersonExampleMap_Auto1F7EC80C54DFDD8E27551BA8EF151C8CB.tmp' to '../../../../../../Users/iD Student/Documents/GitHub/IDtech-Game/IDtechGame/Saved/Autosaves/Game/ThirdPersonBP/Maps/ThirdPersonExampleMap_Auto1.umap'
[2018.07.12-16.47.59:609][422]LogSavePackage: Display: Finished SavePackage ../../../../../../Users/iD Student/Documents/GitHub/IDtech-Game/IDtechGame/Saved/Autosaves/Game/ThirdPersonBP/Maps/ThirdPersonExampleMap_Auto1.umap
[2018.07.12-16.47.59:612][422]LogFileHelpers: Editor autosave (incl. sublevels) for '/Game/ThirdPersonBP/Maps/ThirdPersonExampleMap' took 0.251
[2018.07.12-16.47.59:612][422]LogFileHelpers: Editor autosave (incl. sublevels) for all levels took 0.251
[2018.07.12-16.54.03:553][582]LogTemp: Repeating last play command: Selected Viewport
[2018.07.12-16.54.03:593][582]LogBlueprintUserMessages: Early PlayInEditor Detection: Level '/Game/ThirdPersonBP/Maps/ThirdPersonExampleMap.ThirdPersonExampleMap:PersistentLevel' has LevelScriptBlueprint '/Game/ThirdPersonBP/Maps/ThirdPersonExampleMap.ThirdPersonExampleMap:PersistentLevel.ThirdPersonExampleMap' with GeneratedClass '/Game/ThirdPersonBP/Maps/ThirdPersonExampleMap.ThirdPersonExampleMap_C' with ClassGeneratedBy '/Game/ThirdPersonBP/Maps/ThirdPersonExampleMap.ThirdPersonExampleMap:PersistentLevel.ThirdPersonExampleMap'
[2018.07.12-16.54.03:593][582]LogPlayLevel: PlayLevel: No blueprints needed recompiling
[2018.07.12-16.54.03:593][582]PIE: New page: PIE session: ThirdPersonExampleMap (Jul 12, 2018, 2:54:03 AM)
[2018.07.12-16.54.03:593][582]LogPlayLevel: Creating play world package: /Game/ThirdPersonBP/Maps/UEDPIE_0_ThirdPersonExampleMap
[2018.07.12-16.54.03:631][582]LogPlayLevel: PIE: StaticDuplicateObject took: (0.037617s)
[2018.07.12-16.54.03:632][582]LogAIModule: Creating AISystem for world ThirdPersonExampleMap
[2018.07.12-16.54.03:633][582]LogPlayLevel: PIE: World Init took: (0.001548s)
[2018.07.12-16.54.03:633][582]LogPlayLevel: PIE: Created PIE world by copying editor world from /Game/ThirdPersonBP/Maps/ThirdPersonExampleMap.ThirdPersonExampleMap to /Game/ThirdPersonBP/Maps/UEDPIE_0_ThirdPersonExampleMap.ThirdPersonExampleMap (0.039405s)
[2018.07.12-16.54.03:667][582]LogInit: XAudio2 using 'Speakers / Headphones (Realtek Audio)' : 2 channels at 48 kHz using 32 bits per sample (channel mask 0x3)
[2018.07.12-16.54.03:734][582]LogInit: FAudioDevice initialized.
[2018.07.12-16.54.03:768][582]LogLoad: Game class is 'ThirdPersonGameMode_C'
[2018.07.12-16.54.03:775][582]LogWorld: Bringing World /Game/ThirdPersonBP/Maps/UEDPIE_0_ThirdPersonExampleMap.ThirdPersonExampleMap up for play (max tick rate 60) at 2018.07.12-09.54.03
[2018.07.12-16.54.03:777][582]LogWorld: Bringing up level for play took: 0.007256
[2018.07.12-16.54.03:779][582]PIE: Play in editor start time for /Game/ThirdPersonBP/Maps/UEDPIE_0_ThirdPersonExampleMap -0.206
[2018.07.12-16.54.03:779][582]LogBlueprintUserMessages: Late PlayInEditor Detection: Level '/Game/ThirdPersonBP/Maps/ThirdPersonExampleMap.ThirdPersonExampleMap:PersistentLevel' has LevelScriptBlueprint '/Game/ThirdPersonBP/Maps/ThirdPersonExampleMap.ThirdPersonExampleMap:PersistentLevel.ThirdPersonExampleMap' with GeneratedClass '/Game/ThirdPersonBP/Maps/ThirdPersonExampleMap.ThirdPersonExampleMap_C' with ClassGeneratedBy '/Game/ThirdPersonBP/Maps/ThirdPersonExampleMap.ThirdPersonExampleMap:PersistentLevel.ThirdPersonExampleMap'
[2018.07.12-16.54.17:179][105]LogBlueprintUserMessages: [ZOMBIE_320] 50
[2018.07.12-16.54.18:724][170]LogBlueprintUserMessages: [ZOMBIE_320] 0
[2018.07.12-16.54.21:011][261]LogBlueprintUserMessages: [ZOMBIE2_488] 50
[2018.07.12-16.54.22:454][324]LogBlueprintUserMessages: [ZOMBIE2_488] 0
[2018.07.12-16.54.25:237][449]LogBlueprintUserMessages: [ZOMBIE6_721] 50
[2018.07.12-16.54.26:865][525]LogBlueprintUserMessages: [ZOMBIE4_649] 50
[2018.07.12-16.54.28:260][588]LogBlueprintUserMessages: [ZOMBIE4_649] 0
[2018.07.12-16.54.33:554][837]LogBlueprintUserMessages: [ZOMBIE6_721] 0
[2018.07.12-16.54.55:825][889]LogBlueprintUserMessages: [ZOMBIE5_676] 50
[2018.07.12-16.54.57:173][952]LogBlueprintUserMessages: [ZOMBIE5_676] 0
[2018.07.12-16.55.05:326][339]LogBlueprintUserMessages: [ZOMBIE3_542] 50
[2018.07.12-16.55.06:658][402]LogBlueprintUserMessages: [ZOMBIE3_542] 0
[2018.07.12-17.04.30:491][356]LogBlueprintUserMessages: Early EndPlayMap Detection: Level '/Game/ThirdPersonBP/Maps/ThirdPersonExampleMap.ThirdPersonExampleMap:PersistentLevel' has LevelScriptBlueprint '/Game/ThirdPersonBP/Maps/ThirdPersonExampleMap.ThirdPersonExampleMap:PersistentLevel.ThirdPersonExampleMap' with GeneratedClass '/Game/ThirdPersonBP/Maps/ThirdPersonExampleMap.ThirdPersonExampleMap_C' with ClassGeneratedBy '/Game/ThirdPersonBP/Maps/ThirdPersonExampleMap.ThirdPersonExampleMap:PersistentLevel.ThirdPersonExampleMap'
[2018.07.12-17.04.30:529][356]LogBlueprintUserMessages: Late EndPlayMap Detection: Level '/Game/ThirdPersonBP/Maps/ThirdPersonExampleMap.ThirdPersonExampleMap:PersistentLevel' has LevelScriptBlueprint '/Game/ThirdPersonBP/Maps/ThirdPersonExampleMap.ThirdPersonExampleMap:PersistentLevel.ThirdPersonExampleMap' with GeneratedClass '/Game/ThirdPersonBP/Maps/ThirdPersonExampleMap.ThirdPersonExampleMap_C' with ClassGeneratedBy '/Game/ThirdPersonBP/Maps/ThirdPersonExampleMap.ThirdPersonExampleMap:PersistentLevel.ThirdPersonExampleMap'
[2018.07.12-17.28.07:543][634]LogSlate: FSceneViewport::OnFocusLost() reason 0
[2018.07.12-17.28.10:016][712]LogSavePackage: Save=168.51ms
[2018.07.12-17.28.10:016][712]LogSavePackage: Moving '../../../../../../Users/iD Student/Documents/GitHub/IDtech-Game/IDtechGame/Saved/ThirdPersonExampleMapECC6BDF449C054D6C6B944AA8AB7C2DB.tmp' to '../../../../../../Users/iD Student/Documents/GitHub/IDtech-Game/IDtechGame/Content/ThirdPersonBP/Maps/ThirdPersonExampleMap.umap'
[2018.07.12-17.28.10:025][712]LogSavePackage: Display: Finished SavePackage ../../../../../../Users/iD Student/Documents/GitHub/IDtech-Game/IDtechGame/Content/ThirdPersonBP/Maps/ThirdPersonExampleMap.umap
[2018.07.12-17.28.10:086][712]LogFileHelpers: Saving map 'ThirdPersonExampleMap' took 0.411
[2018.07.12-17.28.12:729][810]SourceControl: fatal: C:/Program Files/Epic Games/UE_4.19/Engine/Content: 'C:/Program Files/Epic Games/UE_4.19/Engine/Content' is outside repository
[2018.07.12-17.28.19:184][810]LogSlate: Window 'Submit Files' being destroyed
[2018.07.12-17.28.20:347][810]LogSourceControl: commit successful: [master dda4443] Sword Changes
[2018.07.12-17.28.20:403][810]SourceControl: [master dda4443] Sword Changes
[2018.07.12-17.28.20:403][810]SourceControl:  1 file changed, 0 insertions(+), 0 deletions(-)
[2018.07.12-17.28.20:412][810]SourceControl: Commited [master dda4443] Sword Changes.
